This is pdfTeX, Version 3.14159265-2.6-1.40.19 (MiKTeX 2.9.6930 64-bit) (preloaded format=pdflatex 2019.3.8)  31 AUG 2020 09:42
entering extended mode
**./2099_StA_Name_Deckblatt.tex
(2099_StA_Name_Deckblatt.tex
LaTeX2e <2018-12-01>
("C:\Program Files (x86)\tubslatex\tex/latex\tubs\tubsartcl.cls"
("C:\Program Files\MiKTeX 2.9\tex/latex/base\ifthen.sty"
Package: ifthen 2014/09/29 v1.1c Standard LaTeX ifthen package (DPC)
)
("C:\Program Files\MiKTeX 2.9\tex/latex/koma-script\scrlfile.sty"
Package: scrlfile 2018/12/30 v3.26a KOMA-Script package (loading files)
)
("C:\Program Files\MiKTeX 2.9\tex/latex/etoolbox\etoolbox.sty"
Package: etoolbox 2018/08/19 v2.5f e-TeX tools for LaTeX (JAW)
\etb@tempcnta=\count80
)
Document Class: tubsartcl 2015/04/20 v1.1.0-r1313 tubslatex document class (scr
artcl)
("C:\Program Files\MiKTeX 2.9\tex/latex/xkeyval\xkeyval.sty"
Package: xkeyval 2014/12/03 v2.7a package option processing (HA)

("C:\Program Files\MiKTeX 2.9\tex/generic/xkeyval\xkeyval.tex"
("C:\Program Files\MiKTeX 2.9\tex/generic/xkeyval\xkvutils.tex"
\XKV@toks=\toks14
\XKV@tempa@toks=\toks15

("C:\Program Files\MiKTeX 2.9\tex/generic/xkeyval\keyval.tex"))
\XKV@depth=\count81
File: xkeyval.tex 2014/12/03 v2.7a key=value parser (HA)
))
("C:\Program Files\MiKTeX 2.9\tex/latex/koma-script\scrartcl.cls"
Document Class: scrartcl 2018/12/30 v3.26a KOMA-Script document class (article)

("C:\Program Files\MiKTeX 2.9\tex/latex/koma-script\scrkbase.sty"
Package: scrkbase 2018/12/30 v3.26a KOMA-Script package (KOMA-Script-dependent 
basics and keyval usage)

("C:\Program Files\MiKTeX 2.9\tex/latex/koma-script\scrbase.sty"
Package: scrbase 2018/12/30 v3.26a KOMA-Script package (KOMA-Script-independent
 basics and keyval usage)
))
("C:\Program Files\MiKTeX 2.9\tex/latex/koma-script\tocbasic.sty"
Package: tocbasic 2018/12/30 v3.26a KOMA-Script package (handling toc-files)
\scr@dte@tocline@numberwidth=\skip41
\scr@dte@tocline@numbox=\box27
)
Package tocbasic Info: omitting babel extension for `toc'
(tocbasic)             because of feature `nobabel' available
(tocbasic)             for `toc' on input line 134.
Package scrartcl Info: You've used standard option `11pt'.
(scrartcl)             This is correct!
(scrartcl)             Internally I'm using `fontsize=11pt'.
(scrartcl)             If you'd like to set the option with \KOMAoptions,
(scrartcl)             you'd have to use `fontsize=11pt' there
(scrartcl)             instead of `11pt', too.
Package scrartcl Info: You've used standard option `11pt'.
(scrartcl)             This is correct!
(scrartcl)             Internally I'm using `fontsize=11pt'.
(scrartcl)             If you'd like to set the option with \KOMAoptions,
(scrartcl)             you'd have to use `fontsize=11pt' there
(scrartcl)             instead of `11pt', too.
Package scrartcl Info: You've used standard option `12pt'.
(scrartcl)             This is correct!
(scrartcl)             Internally I'm using `fontsize=12pt'.
(scrartcl)             If you'd like to set the option with \KOMAoptions,
(scrartcl)             you'd have to use `fontsize=12pt' there
(scrartcl)             instead of `12pt', too.
Class scrartcl Info: File `size12.clo' used to setup font sizes on input line 2
144.

("C:\Program Files\MiKTeX 2.9\tex/latex/base\size12.clo"
File: size12.clo 2018/09/03 v1.4i Standard LaTeX file (size option)
)
("C:\Program Files\MiKTeX 2.9\tex/latex/koma-script\typearea.sty"
Package: typearea 2018/12/30 v3.26a KOMA-Script package (type area)
\ta@bcor=\skip42
\ta@div=\count82
Package typearea Info: You've used standard option `a4paper'.
(typearea)             This is correct!
(typearea)             Internally I'm using `paper=a4'.
(typearea)             If you'd like to set the option with \KOMAoptions,
(typearea)             you'd have to use `paper=a4' there
(typearea)             instead of `a4paper', too.
\ta@hblk=\skip43
\ta@vblk=\skip44
\ta@temp=\skip45
\footheight=\skip46

DIV calculation for typearea with good linewidth.
Package typearea Info: These are the values describing the layout:
(typearea)             DIV  = 9
(typearea)             BCOR = 0.0pt
(typearea)             \paperwidth      = 597.50793pt
(typearea)              \textwidth      = 398.33862pt
(typearea)              DIV departure   = 0%
(typearea)              \evensidemargin = 27.31467pt
(typearea)              \oddsidemargin  = 27.31467pt
(typearea)             \paperheight     = 845.04694pt
(typearea)              \textheight     = 577.5pt
(typearea)              \topmargin      = -18.25089pt
(typearea)              \headheight     = 18.125pt
(typearea)              \headsep        = 21.75pt
(typearea)              \topskip        = 12.0pt
(typearea)              \footskip       = 50.75pt
(typearea)              \baselineskip   = 14.5pt
(typearea)              on input line 1714.
)
\c@part=\count83
\c@section=\count84
\c@subsection=\count85
\c@subsubsection=\count86
\c@paragraph=\count87
\c@subparagraph=\count88
\scr@dte@section@maxnumwidth=\skip47
Class scrartcl Info: using compatibility default `runin=bysign'
(scrartcl)           for `\section on input line 4443.
Class scrartcl Info: using compatibility default `afterindent=bysign'
(scrartcl)           for `\section on input line 4443.
\scr@dte@part@maxnumwidth=\skip48
Class scrartcl Info: using compatibility default `afterindent=false'
(scrartcl)           for `\part on input line 4451.
\scr@dte@subsection@maxnumwidth=\skip49
Class scrartcl Info: using compatibility default `runin=bysign'
(scrartcl)           for `\subsection on input line 4461.
Class scrartcl Info: using compatibility default `afterindent=bysign'
(scrartcl)           for `\subsection on input line 4461.
\scr@dte@subsubsection@maxnumwidth=\skip50
Class scrartcl Info: using compatibility default `runin=bysign'
(scrartcl)           for `\subsubsection on input line 4471.
Class scrartcl Info: using compatibility default `afterindent=bysign'
(scrartcl)           for `\subsubsection on input line 4471.
\scr@dte@paragraph@maxnumwidth=\skip51
Class scrartcl Info: using compatibility default `runin=bysign'
(scrartcl)           for `\paragraph on input line 4481.
Class scrartcl Info: using compatibility default `afterindent=bysign'
(scrartcl)           for `\paragraph on input line 4481.
\scr@dte@subparagraph@maxnumwidth=\skip52
Class scrartcl Info: using compatibility default `runin=bysign'
(scrartcl)           for `\subparagraph on input line 4491.
Class scrartcl Info: using compatibility default `afterindent=bysign'
(scrartcl)           for `\subparagraph on input line 4491.
\abovecaptionskip=\skip53
\belowcaptionskip=\skip54
\c@pti@nb@sid@b@x=\box28
Package tocbasic Info: omitting babel extension for `lof'
(tocbasic)             because of feature `nobabel' available
(tocbasic)             for `lof' on input line 5735.
\scr@dte@figure@maxnumwidth=\skip55
\c@figure=\count89
Package tocbasic Info: omitting babel extension for `lot'
(tocbasic)             because of feature `nobabel' available
(tocbasic)             for `lot' on input line 5747.
\scr@dte@table@maxnumwidth=\skip56
\c@table=\count90
Class scrartcl Info: Redefining `\numberline' on input line 5911.
\bibindent=\dimen102
) ("C:\Program Files (x86)\tubslatex\tex/latex\tubs\tubscolors.sty"
Package: tubscolors 2015/04/20 v1.1.0-r1313 tubslatex, file v0.6 Farbschema der
 TU-Braunschweig

("C:\Program Files\MiKTeX 2.9\tex/latex/xcolor\xcolor.sty"
Package: xcolor 2016/05/11 v2.12 LaTeX color extensions (UK)

("C:\Program Files\MiKTeX 2.9\tex/latex/graphics-cfg\color.cfg"
File: color.cfg 2016/01/02 v1.6 sample color configuration
)
Package xcolor Info: Driver file: pdftex.def on input line 225.

("C:\Program Files\MiKTeX 2.9\tex/latex/graphics-def\pdftex.def"
File: pdftex.def 2018/01/08 v1.0l Graphics/color driver for pdftex
)
Package xcolor Info: Model `cmy' substituted by `cmy0' on input line 1348.
Package xcolor Info: Model `hsb' substituted by `rgb' on input line 1352.
Package xcolor Info: Model `RGB' extended on input line 1364.
Package xcolor Info: Model `HTML' substituted by `rgb' on input line 1366.
Package xcolor Info: Model `Hsb' substituted by `hsb' on input line 1367.
Package xcolor Info: Model `tHsb' substituted by `hsb' on input line 1368.
Package xcolor Info: Model `HSB' substituted by `hsb' on input line 1369.
Package xcolor Info: Model `Gray' substituted by `gray' on input line 1370.
Package xcolor Info: Model `wave' substituted by `hsb' on input line 1371.
)
("C:\Program Files\MiKTeX 2.9\tex/latex/forloop\forloop.sty"
Package: forloop 2006/09/18 v3.0 For Loops for LaTeX
)
\c@perc=\count91
\cshowwidth=\skip57
)
("C:\Program Files (x86)\tubslatex\tex/latex\tubs\tubstypearea.sty"
Package: tubstypearea 2015/04/20 v1.1.0-r1313 tubslatex

("C:\Program Files\MiKTeX 2.9\tex/latex/tools\calc.sty"
Package: calc 2017/05/25 v4.3 Infix arithmetic (KKT,FJ)
\calc@Acount=\count92
\calc@Bcount=\count93
\calc@Adimen=\dimen103
\calc@Bdimen=\dimen104
\calc@Askip=\skip58
\calc@Bskip=\skip59
LaTeX Info: Redefining \setlength on input line 80.
LaTeX Info: Redefining \addtolength on input line 81.
\calc@Ccount=\count94
\calc@Cskip=\skip60
)
\tubspage@bcor=\skip61
\tubsborderwidth=\skip62
\tubspage@module@padding=\skip63
\tubssenderheight=\skip64
\tubspage@headheight=\skip65
\tubscommunicationheight=\skip66
\tubspage@contentwidth=\skip67
\c@tubspage@vsegments=\count95
\c@tubspage@gausssum=\count96
\tubscolumnsep=\skip68
\tubsgaussbaseheight=\skip69
\tubscolumnwidth=\skip70

("C:\Program Files\MiKTeX 2.9\tex/latex/geometry\geometry.sty"
Package: geometry 2018/04/16 v5.8 Page Geometry

("C:\Program Files\MiKTeX 2.9\tex/generic/oberdiek\ifpdf.sty"
Package: ifpdf 2018/09/07 v3.3 Provides the ifpdf switch
)
("C:\Program Files\MiKTeX 2.9\tex/generic/oberdiek\ifvtex.sty"
Package: ifvtex 2016/05/16 v1.6 Detect VTeX and its facilities (HO)
Package ifvtex Info: VTeX not detected.
)
("C:\Program Files\MiKTeX 2.9\tex/generic/ifxetex\ifxetex.sty"
Package: ifxetex 2010/09/12 v0.6 Provides ifxetex conditional
)
\Gm@cnth=\count97
\Gm@cntv=\count98
\c@Gm@tempcnt=\count99
\Gm@bindingoffset=\dimen105
\Gm@wd@mp=\dimen106
\Gm@odd@mp=\dimen107
\Gm@even@mp=\dimen108
\Gm@layoutwidth=\dimen109
\Gm@layoutheight=\dimen110
\Gm@layouthoffset=\dimen111
\Gm@layoutvoffset=\dimen112
\Gm@dimlist=\toks16

("C:\Program Files\MiKTeX 2.9\tex/latex/geometry\geometry.cfg"))
\c@tmp@calc=\count100
)
("C:\Program Files (x86)\tubslatex\tex/latex\tubs\tubslogo.sty"
Package: tubslogo 2015/04/20 v1.1.0-r1313 tubslatex, file v1.2 CD-Logo der TU B
raunschweig

("C:\Program Files\MiKTeX 2.9\tex/latex/graphics\graphicx.sty"
Package: graphicx 2017/06/01 v1.1a Enhanced LaTeX Graphics (DPC,SPQR)

("C:\Program Files\MiKTeX 2.9\tex/latex/graphics\graphics.sty"
Package: graphics 2017/06/25 v1.2c Standard LaTeX Graphics (DPC,SPQR)

("C:\Program Files\MiKTeX 2.9\tex/latex/graphics\trig.sty"
Package: trig 2016/01/03 v1.10 sin cos tan (DPC)
)
("C:\Program Files\MiKTeX 2.9\tex/latex/graphics-cfg\graphics.cfg"
File: graphics.cfg 2016/06/04 v1.11 sample graphics configuration
)
Package graphics Info: Driver file: pdftex.def on input line 99.
)
\Gin@req@height=\dimen113
\Gin@req@width=\dimen114
)
\tubslogo@width=\skip71
\tubslogoBaseWidth=\skip72
\tubslogoBaseHeight=\skip73
\tubslogoWidth=\skip74
\tubslogoHeight=\skip75
)
("C:\Program Files (x86)\tubslatex\tex/latex\tubs\tubsstyle.sty"
Package: tubsstyle 2015/04/20 v1.1.0-r1313 tubslatex, file v0.1 Hintergrund-Dar
stellung f\unhbox \voidb@x \bgroup \let \unhbox \voidb@x \setbox \@tempboxa \hb
ox {u\global \mathchardef \accent@spacefactor \spacefactor }\accent 127 u\egrou
p \spacefactor \accent@spacefactor r tubslatex

("C:\Program Files\MiKTeX 2.9\tex/latex/eso-pic\eso-pic.sty"
Package: eso-pic 2018/04/12 v2.0h eso-pic (RN)
)
("C:\Program Files\MiKTeX 2.9\tex/latex/eso-pic\eso-pic.sty"
Package: eso-pic 2018/04/12 v2.0h eso-pic (RN)

("C:\Program Files\MiKTeX 2.9\tex/generic/oberdiek\atbegshi.sty"
Package: atbegshi 2016/06/09 v1.18 At begin shipout hook (HO)

("C:\Program Files\MiKTeX 2.9\tex/generic/oberdiek\infwarerr.sty"
Package: infwarerr 2016/05/16 v1.4 Providing info/warning/error messages (HO)
)
("C:\Program Files\MiKTeX 2.9\tex/generic/oberdiek\ltxcmds.sty"
Package: ltxcmds 2016/05/16 v1.23 LaTeX kernel commands for general use (HO)
)))
("C:\Program Files (x86)\tubslatex\tex/latex\tubs\tubsbox.sty"
("C:\Program Files (x86)\tubslatex\tex/latex\tubs\tubsdebug.sty")
("C:\Program Files\MiKTeX 2.9\tex/latex/textpos\textpos.sty"
Package: textpos 2016/06/07 v1.8

Package: textpos 2016/06/07 1.8, absolute positioning of text on the page
("C:\Program Files\MiKTeX 2.9\tex/latex/ms\everyshi.sty"
Package: everyshi 2001/05/15 v3.00 EveryShipout Package (MS)
)
\TP@textbox=\box29
\TP@holdbox=\box30
\TPHorizModule=\dimen115
\TPVertModule=\dimen116
\TP@margin=\dimen117
\TP@absmargin=\dimen118

Grid set 16 x 16 = 37.34424pt x 52.81541pt
\TPboxrulesize=\dimen119
\TP@ox=\dimen120
\TP@oy=\dimen121
\TP@tbargs=\toks17
\TP@prevdepth=\dimen122
TextBlockOrigin set to 0pt x 0pt
)
\tubs@gb@toppadding=\skip76
\tubs@gb@bottompadding=\skip77
\tubs@gb@leftpadding=\skip78
\tubs@gb@rightpadding=\skip79
\tubs@gb@storebox=\box31
\c@tubs@gb@lastelement=\count101
\c@tubs@gb@calcypos=\count102
\c@tubs@gb@calcheight=\count103
\tubs@sb@storebox=\box32
\tubs@sb@bgimagebox=\box33
\c@tubs@sb@elementcount=\count104
\c@tubs@sb@xcount=\count105
\tubs@sb@xfreespace=\skip80
\tubs@sb@xlength=\skip81
\c@tubs@cnt=\count106
\c@tubs@sb@current@col=\count107
\c@tubs@sb@current@row=\count108
\c@tubs@sb@current@subrow=\count109
\modulewidth=\skip82
\moduleheight=\skip83
\@box@tmp=\dimen123
\tubs@sb@box@xpos=\skip84
\tubs@sb@box@ypos=\skip85
\tubs@sb@box@rowheight=\skip86
\tubs@sb@box@splitrow=\skip87
\tubs@sb@padding=\skip88
)
\tmp@posx=\skip89
\tmp@posy=\skip90
\c@tmp@calc@bgpos=\count110
\c@tmpb@calc@bgpos=\count111
\@image@xorig=\skip91
\@image@xcalc=\skip92
\@image@yorig=\skip93
\@image@ycalc=\skip94
\c@tubs@yseg@cnt=\count112
) ("C:\Program Files (x86)\tubslatex\tex/latex\tubs\nexus.sty"
Package: nexus 2015/04/20 v1.1.0-r1313 tubslatex Nexus font

("C:\Program Files\MiKTeX 2.9\tex/latex/arial\uarial.sty"
Package: uarial 2006/03/21 1.0 (WaS)
)
("C:\Program Files\MiKTeX 2.9\tex/latex/eulervm\eulervm.sty"
Package: eulervm 2005/01/11 v4.0 (WaS)
)
("C:\Program Files\MiKTeX 2.9\tex/latex/base\fontenc.sty"
Package: fontenc 2018/08/11 v2.0j Standard LaTeX package

("C:\Program Files\MiKTeX 2.9\tex/latex/base\t1enc.def"
File: t1enc.def 2018/08/11 v2.0j Standard LaTeX file
LaTeX Font Info:    Redeclaring font encoding T1 on input line 48.
)))
("C:\Program Files\MiKTeX 2.9\tex/latex/koma-script\scrpage2.sty"
Package: scrpage2 2018/12/30 v3.26a KOMA-Script package (page head and foot)


Package scrpage2 Warning: usage of obsolete package!
(scrpage2)                Package `scrpage2' is obsolete.
(scrpage2)                You should not longer use package `scrpage2'.
(scrpage2)                You should replace usage of package `scrpage2'
(scrpage2)                by `scrlayer-scrpage' on input line 52.

LaTeX Info: Redefining \pagemark on input line 180.
)
\@tubs@headheight=\dimen124
\@tubs@headheight=\dimen125
 ("C:\Program Files\MiKTeX 2.9\tex/latex/oberdiek\letltxmacro.sty"
Package: letltxmacro 2016/05/16 v1.5 Let assignment for LaTeX macros (HO)
))
("C:\Program Files\MiKTeX 2.9\tex/latex/base\inputenc.sty"
Package: inputenc 2018/08/11 v1.3c Input encoding file
\inpenc@prehook=\toks18
\inpenc@posthook=\toks19
)
("C:\Program Files\MiKTeX 2.9\tex/generic/babel\babel.sty"
Package: babel 2018/11/13 3.27 The Babel package

("C:\Program Files\MiKTeX 2.9\tex/generic/babel\switch.def"
File: switch.def 2018/11/13 3.27 Babel switching mechanism
)
*************************************
* Local config file bblopts.cfg used
*
("C:\Program Files\MiKTeX 2.9\tex/latex/arabi\bblopts.cfg"
File: bblopts.cfg 2005/09/08 v0.1 add Arabic and Farsi to "declared" options of
 babel
)
("C:\Program Files\MiKTeX 2.9\tex/latex/babel-german\ngerman.ldf"
Language: ngerman 2018/12/08 v2.11 German support for babel (post-1996 orthogra
phy)

("C:\Program Files\MiKTeX 2.9\tex/latex/babel-german\ngermanb.ldf"
Language: ngermanb 2018/12/08 v2.11 German support for babel (post-1996 orthogr
aphy)

("C:\Program Files\MiKTeX 2.9\tex/generic/babel\babel.def"
File: babel.def 2018/11/13 3.27 Babel common definitions
\babel@savecnt=\count113
\U@D=\dimen126

("C:\Program Files\MiKTeX 2.9\tex/generic/babel\txtbabel.def")
\bbl@dirlevel=\count114
)
Package babel Info: Making " an active character on input line 121.
)))

Class scrartcl Warning: Usage of package `parskip' together
(scrartcl)              with a KOMA-Script class is not recommended.
(scrartcl)              I'd suggest to use option
(scrartcl)              `parskip' with one of it's several values.
(scrartcl)              Nevertheless, using requested
(scrartcl)              package `parskip' on input line 5.

("C:\Program Files\MiKTeX 2.9\tex/latex/parskip\parskip.sty"
Package: parskip 2019-01-16 v2.0c non-zero parskip adjustments

("C:\Program Files\MiKTeX 2.9\tex/latex/oberdiek\kvoptions.sty"
Package: kvoptions 2016/05/16 v3.12 Key value format for package options (HO)

("C:\Program Files\MiKTeX 2.9\tex/generic/oberdiek\kvsetkeys.sty"
Package: kvsetkeys 2016/05/16 v1.17 Key value parser (HO)

("C:\Program Files\MiKTeX 2.9\tex/generic/oberdiek\etexcmds.sty"
Package: etexcmds 2016/05/16 v1.6 Avoid name clashes with e-TeX commands (HO)

("C:\Program Files\MiKTeX 2.9\tex/generic/oberdiek\ifluatex.sty"
Package: ifluatex 2016/05/16 v1.4 Provides the ifluatex switch (HO)
Package ifluatex Info: LuaTeX not detected.
))))
Couldn't patch \@startsection
) (2099_StA_Name_Deckblatt.aux)
\openout1 = `2099_StA_Name_Deckblatt.aux'.

LaTeX Font Info:    Checking defaults for OML/cmm/m/it on input line 11.
LaTeX Font Info:    ... okay on input line 11.
LaTeX Font Info:    Checking defaults for T1/cmr/m/n on input line 11.
LaTeX Font Info:    ... okay on input line 11.
LaTeX Font Info:    Checking defaults for OT1/cmr/m/n on input line 11.
LaTeX Font Info:    ... okay on input line 11.
LaTeX Font Info:    Checking defaults for OMS/cmsy/m/n on input line 11.
LaTeX Font Info:    ... okay on input line 11.
LaTeX Font Info:    Checking defaults for OMX/cmex/m/n on input line 11.
LaTeX Font Info:    ... okay on input line 11.
LaTeX Font Info:    Checking defaults for U/cmr/m/n on input line 11.
LaTeX Font Info:    ... okay on input line 11.
LaTeX Font Info:    Try loading font information for T1+ua1 on input line 11.

("C:\Program Files\MiKTeX 2.9\tex/latex/arial\t1ua1.fd"
File: t1ua1.fd 2006/03/21 Fontinst v1.928 font definitions for T1/ua1.
)
LaTeX Font Info:    Font shape `T1/ua1/m/n' will be
(Font)              scaled to size 11.39996pt on input line 11.

("C:\Program Files\MiKTeX 2.9\tex/context/base\supp-pdf.mkii"
[Loading MPS to PDF converter (version 2006.09.02).]
\scratchcounter=\count115
\scratchdimen=\dimen127
\scratchbox=\box34
\nofMPsegments=\count116
\nofMParguments=\count117
\everyMPshowfont=\toks20
\MPscratchCnt=\count118
\MPscratchDim=\dimen128
\MPnumerator=\count119
\makeMPintoPDFobject=\count120
\everyMPtoPDFconversion=\toks21
) ("C:\Program Files\MiKTeX 2.9\tex/latex/oberdiek\epstopdf-base.sty"
Package: epstopdf-base 2016/05/15 v2.6 Base part for package epstopdf

("C:\Program Files\MiKTeX 2.9\tex/latex/oberdiek\grfext.sty"
Package: grfext 2016/05/16 v1.2 Manage graphics extensions (HO)

("C:\Program Files\MiKTeX 2.9\tex/generic/oberdiek\kvdefinekeys.sty"
Package: kvdefinekeys 2016/05/16 v1.4 Define keys (HO)
))
("C:\Program Files\MiKTeX 2.9\tex/generic/oberdiek\pdftexcmds.sty"
Package: pdftexcmds 2018/09/10 v0.29 Utility functions of pdfTeX for LuaTeX (HO
)
Package pdftexcmds Info: LuaTeX not detected.
Package pdftexcmds Info: \pdf@primitive is available.
Package pdftexcmds Info: \pdf@ifprimitive is available.
Package pdftexcmds Info: \pdfdraftmode found.
)
Package epstopdf-base Info: Redefining graphics rule for `.eps' on input line 4
38.
Package grfext Info: Graphics extension search list:
(grfext)             [.pdf,.png,.jpg,.mps,.jpeg,.jbig2,.jb2,.PDF,.PNG,.JPG,.JPE
G,.JBIG2,.JB2,.eps]
(grfext)             \AppendGraphicsExtensions on input line 456.
)
*geometry* driver: auto-detecting
*geometry* detected driver: pdftex
*geometry* verbose mode - [ preamble ] result:
* driver: pdftex
* paper: a4paper
* layout: <same size as paper>
* layoutoffset:(h,v)=(0.0pt,0.0pt)
* bindingoffset: 42.67912pt
* modes: twoside 
* h-part:(L,W,R)=(45.52438pt, 463.77998pt, 45.52438pt)
* v-part:(T,H,B)=(136.57321pt, 662.94925pt, 45.52438pt)
* \paperwidth=597.50787pt
* \paperheight=845.04684pt
* \textwidth=463.77998pt
* \textheight=662.94925pt
* \oddsidemargin=15.93352pt
* \evensidemargin=-26.7456pt
* \topmargin=-38.1267pt
* \headheight=68.28664pt
* \headsep=34.14328pt
* \topskip=12.0pt
* \footskip=50.75pt
* \marginparwidth=66.38977pt
* \marginparsep=12.8401pt
* \columnsep=14.22636pt
* \skip\footins=10.8pt plus 4.0pt minus 2.0pt
* \hoffset=0.0pt
* \voffset=0.0pt
* \mag=1000
* \@twocolumnfalse
* \@twosidetrue
* \@mparswitchtrue
* \@reversemarginfalse
* (1in=72.27pt=25.4mm, 1cm=28.453pt)

\AtBeginShipoutBox=\box35
ABD: EveryShipout initializing macros
\big@size=\dimen129

TextBlockOrigin set to \tubsborderwidth +\tubspage@bcor  x \tubssenderheight 
\tubs@restore@parskip=\dimen130
\tubs@restore@parindent=\dimen131
LaTeX Font Info:    Font shape `T1/ua1/bx/n' in size <12> not available
(Font)              Font shape `T1/ua1/b/n' tried instead on input line 17.
LaTeX Font Info:    Font shape `T1/ua1/b/n' will be
(Font)              scaled to size 11.39996pt on input line 17.
LaTeX Font Info:    Font shape `T1/ua1/bx/n' in size <24.88> not available
(Font)              Font shape `T1/ua1/b/n' tried instead on input line 17.
LaTeX Font Info:    Font shape `T1/ua1/b/n' will be
(Font)              scaled to size 23.63593pt on input line 17.
\temp@=\dimen132
\temp@b=\dimen133
TextBlockOrigin set to \tubsborderwidth +\tubspage@bcor  x \tubssenderheight 
\tubs@restore@parskip=\dimen134
\tubs@restore@parindent=\dimen135
\temp@=\dimen136
\temp@b=\dimen137

Underfull \hbox (badness 10000) detected at line 23
| []| 
 []

TextBlockOrigin set to \tubsborderwidth +\tubspage@bcor  x \tubssenderheight 
\tubs@restore@parskip=\dimen138
\tubs@restore@parindent=\dimen139
LaTeX Font Info:    Font shape `T1/ua1/m/n' will be
(Font)              scaled to size 13.67995pt on input line 24.
LaTeX Font Info:    Font shape `T1/ua1/bx/n' in size <14.4> not available
(Font)              Font shape `T1/ua1/b/n' tried instead on input line 26.
LaTeX Font Info:    Font shape `T1/ua1/b/n' will be
(Font)              scaled to size 13.67995pt on input line 26.
LaTeX Font Info:    Font shape `T1/ua1/bx/n' in size <17.28> not available
(Font)              Font shape `T1/ua1/b/n' tried instead on input line 26.
LaTeX Font Info:    Font shape `T1/ua1/b/n' will be
(Font)              scaled to size 16.41594pt on input line 26.
LaTeX Font Info:    Font shape `T1/ua1/m/n' will be
(Font)              scaled to size 10.40245pt on input line 31.
\temp@=\dimen140
\temp@b=\dimen141
TextBlockOrigin set to \tubsborderwidth +\tubspage@bcor  x \tubssenderheight 
\tubs@restore@parskip=\dimen142
\tubs@restore@parindent=\dimen143
\temp@=\dimen144
\temp@b=\dimen145
<TUBraunschweig_RGB.pdf, id=1, 199.1691pt x 73.97737pt>
File: TUBraunschweig_RGB.pdf Graphic file (type pdf)
<use TUBraunschweig_RGB.pdf>
Package pdftex.def Info: TUBraunschweig_RGB.pdf  used on input line 39.
(pdftex.def)             Requested size: 199.16928pt x 73.98167pt.
\tmp@logoheight=\dimen146
<../InA-Logo-rgb.pdf, id=2, 228.96039pt x 98.63048pt>
File: ../InA-Logo-rgb.pdf Graphic file (type pdf)
<use ../InA-Logo-rgb.pdf>
Package pdftex.def Info: ../InA-Logo-rgb.pdf  used on input line 39.
(pdftex.def)             Requested size: 158.52783pt x 68.28986pt.
File: TUBraunschweig_RGB.pdf Graphic file (type pdf)
<use TUBraunschweig_RGB.pdf>
Package pdftex.def Info: TUBraunschweig_RGB.pdf  used on input line 39.
(pdftex.def)             Requested size: 199.16928pt x 73.98167pt.
\tmp@logoheight=\dimen147
File: ../InA-Logo-rgb.pdf Graphic file (type pdf)
<use ../InA-Logo-rgb.pdf>
Package pdftex.def Info: ../InA-Logo-rgb.pdf  used on input line 39.
(pdftex.def)             Requested size: 158.52783pt x 68.28986pt.
File: TUBraunschweig_RGB.pdf Graphic file (type pdf)
<use TUBraunschweig_RGB.pdf>
Package pdftex.def Info: TUBraunschweig_RGB.pdf  used on input line 39.
(pdftex.def)             Requested size: 199.16928pt x 73.98167pt.
\tmp@logoheight=\dimen148
File: ../InA-Logo-rgb.pdf Graphic file (type pdf)
<use ../InA-Logo-rgb.pdf>
Package pdftex.def Info: ../InA-Logo-rgb.pdf  used on input line 39.
(pdftex.def)             Requested size: 158.52783pt x 68.28986pt.
File: TUBraunschweig_RGB.pdf Graphic file (type pdf)
<use TUBraunschweig_RGB.pdf>
Package pdftex.def Info: TUBraunschweig_RGB.pdf  used on input line 39.
(pdftex.def)             Requested size: 199.16928pt x 73.98167pt.
\tmp@logoheight=\dimen149
File: ../InA-Logo-rgb.pdf Graphic file (type pdf)
<use ../InA-Logo-rgb.pdf>
Package pdftex.def Info: ../InA-Logo-rgb.pdf  used on input line 39.
(pdftex.def)             Requested size: 158.52783pt x 68.28986pt.
[1


{C:/Users/sreekumar/AppData/Local/MiKTeX/2.9/pdftex/config/pdftex.map} <C:/Prog
ram Files (x86)/tubslatex/tex/latex/tubs/logos/TUBraunschweig_RGB.pdf> <../InA-
Logo-rgb.pdf>] (2099_StA_Name_Deckblatt.aux) ) 
Here is how much of TeX's memory you used:
 7962 strings out of 492942
 132913 string characters out of 3135385
 340864 words of memory out of 3000000
 11714 multiletter control sequences out of 15000+200000
 43483 words of font info for 28 fonts, out of 3000000 for 9000
 1141 hyphenation exceptions out of 8191
 54i,13n,73p,9159b,634s stack positions out of 5000i,500n,10000p,200000b,50000s
{C:/Program Files/MiKTeX 2.9/font
s/enc/dvips/base/8r.enc}<C:/Program Files/MiKTeX 2.9/fonts/type1/urw/arial/ua1b
8a.pfb><C:/Program Files/MiKTeX 2.9/fonts/type1/urw/arial/ua1r8a.pfb>
Output written on 2099_StA_Name_Deckblatt.pdf (1 page, 42040 bytes).
PDF statistics:
 20 PDF objects out of 1000 (max. 8388607)
 0 named destinations out of 1000 (max. 500000)
 11 words of extra memory for PDF output out of 10000 (max. 10000000)

