This is pdfTeX, Version 3.14159265-2.6-1.40.21 (TeX Live 2020) (preloaded format=pdflatex 2021.1.28)  27 JUL 2021 11:44
entering extended mode
 \write18 enabled.
 %&-line parsing enabled.
**beamer_example.tex
(./beamer_example.tex
LaTeX2e <2020-02-02> patch level 5
L3 programming layer <2020-04-06>
(/usr/share/texlive/texmf-dist/tex/latex/beamer/beamer.cls
Document Class: beamer 2019/09/29 v3.57 A class for typesetting presentations
(/usr/share/texlive/texmf-dist/tex/latex/beamer/beamerbasemodes.sty
(/usr/share/texlive/texmf-dist/tex/latex/etoolbox/etoolbox.sty
Package: etoolbox 2019/09/21 v2.5h e-TeX tools for LaTeX (JAW)
\etb@tempcnta=\count167
)
\beamer@tempbox=\box45
\beamer@tempcount=\count168
\c@beamerpauses=\count169

(/usr/share/texlive/texmf-dist/tex/latex/beamer/beamerbasedecode.sty
\beamer@slideinframe=\count170
\beamer@minimum=\count171
\beamer@decode@box=\box46
)
\beamer@commentbox=\box47
\beamer@modecount=\count172
)
(/usr/share/texlive/texmf-dist/tex/generic/iftex/ifpdf.sty
Package: ifpdf 2019/10/25 v3.4 ifpdf legacy package. Use iftex instead.

(/usr/share/texlive/texmf-dist/tex/generic/iftex/iftex.sty
Package: iftex 2020/03/06 v1.0d TeX engine tests
))
\headdp=\dimen134
\footheight=\dimen135
\sidebarheight=\dimen136
\beamer@tempdim=\dimen137
\beamer@finalheight=\dimen138
\beamer@animht=\dimen139
\beamer@animdp=\dimen140
\beamer@animwd=\dimen141
\beamer@leftmargin=\dimen142
\beamer@rightmargin=\dimen143
\beamer@leftsidebar=\dimen144
\beamer@rightsidebar=\dimen145
\beamer@boxsize=\dimen146
\beamer@vboxoffset=\dimen147
\beamer@descdefault=\dimen148
\beamer@descriptionwidth=\dimen149
\beamer@lastskip=\skip47
\beamer@areabox=\box48
\beamer@animcurrent=\box49
\beamer@animshowbox=\box50
\beamer@sectionbox=\box51
\beamer@logobox=\box52
\beamer@linebox=\box53
\beamer@sectioncount=\count173
\beamer@subsubsectionmax=\count174
\beamer@subsectionmax=\count175
\beamer@sectionmax=\count176
\beamer@totalheads=\count177
\beamer@headcounter=\count178
\beamer@partstartpage=\count179
\beamer@sectionstartpage=\count180
\beamer@subsectionstartpage=\count181
\beamer@animationtempa=\count182
\beamer@animationtempb=\count183
\beamer@xpos=\count184
\beamer@ypos=\count185
\beamer@ypos@offset=\count186
\beamer@showpartnumber=\count187
\beamer@currentsubsection=\count188
\beamer@coveringdepth=\count189
\beamer@sectionadjust=\count190
\beamer@tocsectionnumber=\count191

(/usr/share/texlive/texmf-dist/tex/latex/beamer/beamerbaseoptions.sty
(/usr/share/texlive/texmf-dist/tex/latex/graphics/keyval.sty
Package: keyval 2014/10/28 v1.15 key=value parser (DPC)
\KV@toks@=\toks15
))
\beamer@paperwidth=\skip48
\beamer@paperheight=\skip49

(/usr/share/texlive/texmf-dist/tex/latex/geometry/geometry.sty
Package: geometry 2020/01/02 v5.9 Page Geometry

(/usr/share/texlive/texmf-dist/tex/generic/iftex/ifvtex.sty
Package: ifvtex 2019/10/25 v1.7 ifvtex legacy package. Use iftex instead.
)
\Gm@cnth=\count192
\Gm@cntv=\count193
\c@Gm@tempcnt=\count194
\Gm@bindingoffset=\dimen150
\Gm@wd@mp=\dimen151
\Gm@odd@mp=\dimen152
\Gm@even@mp=\dimen153
\Gm@layoutwidth=\dimen154
\Gm@layoutheight=\dimen155
\Gm@layouthoffset=\dimen156
\Gm@layoutvoffset=\dimen157
\Gm@dimlist=\toks16
)
(/usr/share/texlive/texmf-dist/tex/latex/base/fleqn.clo
File: fleqn.clo 2016/12/29 v1.2b Standard LaTeX option (flush left equations)
\mathindent=\dimen158
Applying: [2015/01/01] Make \[ robust on input line 50.
LaTeX Info: Redefining \[ on input line 51.
Already applied: [0000/00/00] Make \[ robust on input line 62.
Applying: [2015/01/01] Make \] robust on input line 74.
LaTeX Info: Redefining \] on input line 75.
Already applied: [0000/00/00] Make \] robust on input line 83.
)
(/usr/share/texlive/texmf-dist/tex/latex/base/size11.clo
File: size11.clo 2019/12/20 v1.4l Standard LaTeX file (size option)
)
(/usr/share/texlive/texmf-dist/tex/latex/pgf/basiclayer/pgfcore.sty
(/usr/share/texlive/texmf-dist/tex/latex/graphics/graphicx.sty
Package: graphicx 2019/11/30 v1.2a Enhanced LaTeX Graphics (DPC,SPQR)

(/usr/share/texlive/texmf-dist/tex/latex/graphics/graphics.sty
Package: graphics 2019/11/30 v1.4a Standard LaTeX Graphics (DPC,SPQR)

(/usr/share/texlive/texmf-dist/tex/latex/graphics/trig.sty
Package: trig 2016/01/03 v1.10 sin cos tan (DPC)
)
(/usr/share/texlive/texmf-dist/tex/latex/graphics-cfg/graphics.cfg
File: graphics.cfg 2016/06/04 v1.11 sample graphics configuration
)
Package graphics Info: Driver file: pdftex.def on input line 105.

(/usr/share/texlive/texmf-dist/tex/latex/graphics-def/pdftex.def
File: pdftex.def 2018/01/08 v1.0l Graphics/color driver for pdftex
))
\Gin@req@height=\dimen159
\Gin@req@width=\dimen160
)
(/usr/share/texlive/texmf-dist/tex/latex/pgf/systemlayer/pgfsys.sty
(/usr/share/texlive/texmf-dist/tex/latex/pgf/utilities/pgfrcs.sty
(/usr/share/texlive/texmf-dist/tex/generic/pgf/utilities/pgfutil-common.tex
\pgfutil@everybye=\toks17
\pgfutil@tempdima=\dimen161
\pgfutil@tempdimb=\dimen162

(/usr/share/texlive/texmf-dist/tex/generic/pgf/utilities/pgfutil-common-lists.t
ex)) (/usr/share/texlive/texmf-dist/tex/generic/pgf/utilities/pgfutil-latex.def
\pgfutil@abb=\box54
(/usr/share/texlive/texmf-dist/tex/latex/ms/everyshi.sty
Package: everyshi 2001/05/15 v3.00 EveryShipout Package (MS)
))
(/usr/share/texlive/texmf-dist/tex/generic/pgf/utilities/pgfrcs.code.tex
(/usr/share/texlive/texmf-dist/tex/generic/pgf/pgf.revision.tex)
Package: pgfrcs 2020/01/08 v3.1.5b (3.1.5b)
))
(/usr/share/texlive/texmf-dist/tex/generic/pgf/systemlayer/pgfsys.code.tex
Package: pgfsys 2020/01/08 v3.1.5b (3.1.5b)

(/usr/share/texlive/texmf-dist/tex/generic/pgf/utilities/pgfkeys.code.tex
\pgfkeys@pathtoks=\toks18
\pgfkeys@temptoks=\toks19

(/usr/share/texlive/texmf-dist/tex/generic/pgf/utilities/pgfkeysfiltered.code.t
ex
\pgfkeys@tmptoks=\toks20
))
\pgf@x=\dimen163
\pgf@y=\dimen164
\pgf@xa=\dimen165
\pgf@ya=\dimen166
\pgf@xb=\dimen167
\pgf@yb=\dimen168
\pgf@xc=\dimen169
\pgf@yc=\dimen170
\pgf@xd=\dimen171
\pgf@yd=\dimen172
\w@pgf@writea=\write3
\r@pgf@reada=\read2
\c@pgf@counta=\count195
\c@pgf@countb=\count196
\c@pgf@countc=\count197
\c@pgf@countd=\count198
\t@pgf@toka=\toks21
\t@pgf@tokb=\toks22
\t@pgf@tokc=\toks23
\pgf@sys@id@count=\count199
 (/usr/share/texlive/texmf-dist/tex/generic/pgf/systemlayer/pgf.cfg
File: pgf.cfg 2020/01/08 v3.1.5b (3.1.5b)
)
Driver file for pgf: pgfsys-pdftex.def

(/usr/share/texlive/texmf-dist/tex/generic/pgf/systemlayer/pgfsys-pdftex.def
File: pgfsys-pdftex.def 2020/01/08 v3.1.5b (3.1.5b)

(/usr/share/texlive/texmf-dist/tex/generic/pgf/systemlayer/pgfsys-common-pdf.de
f
File: pgfsys-common-pdf.def 2020/01/08 v3.1.5b (3.1.5b)
)))
(/usr/share/texlive/texmf-dist/tex/generic/pgf/systemlayer/pgfsyssoftpath.code.
tex
File: pgfsyssoftpath.code.tex 2020/01/08 v3.1.5b (3.1.5b)
\pgfsyssoftpath@smallbuffer@items=\count266
\pgfsyssoftpath@bigbuffer@items=\count267
)
(/usr/share/texlive/texmf-dist/tex/generic/pgf/systemlayer/pgfsysprotocol.code.
tex
File: pgfsysprotocol.code.tex 2020/01/08 v3.1.5b (3.1.5b)
)) (/usr/share/texlive/texmf-dist/tex/latex/xcolor/xcolor.sty
Package: xcolor 2016/05/11 v2.12 LaTeX color extensions (UK)

(/usr/share/texlive/texmf-dist/tex/latex/graphics-cfg/color.cfg
File: color.cfg 2016/01/02 v1.6 sample color configuration
)
Package xcolor Info: Driver file: pdftex.def on input line 225.
Package xcolor Info: Model `cmy' substituted by `cmy0' on input line 1348.
Package xcolor Info: Model `hsb' substituted by `rgb' on input line 1352.
Package xcolor Info: Model `RGB' extended on input line 1364.
Package xcolor Info: Model `HTML' substituted by `rgb' on input line 1366.
Package xcolor Info: Model `Hsb' substituted by `hsb' on input line 1367.
Package xcolor Info: Model `tHsb' substituted by `hsb' on input line 1368.
Package xcolor Info: Model `HSB' substituted by `hsb' on input line 1369.
Package xcolor Info: Model `Gray' substituted by `gray' on input line 1370.
Package xcolor Info: Model `wave' substituted by `hsb' on input line 1371.
)
(/usr/share/texlive/texmf-dist/tex/generic/pgf/basiclayer/pgfcore.code.tex
Package: pgfcore 2020/01/08 v3.1.5b (3.1.5b)

(/usr/share/texlive/texmf-dist/tex/generic/pgf/math/pgfmath.code.tex
(/usr/share/texlive/texmf-dist/tex/generic/pgf/math/pgfmathcalc.code.tex
(/usr/share/texlive/texmf-dist/tex/generic/pgf/math/pgfmathutil.code.tex)
(/usr/share/texlive/texmf-dist/tex/generic/pgf/math/pgfmathparser.code.tex
\pgfmath@dimen=\dimen173
\pgfmath@count=\count268
\pgfmath@box=\box55
\pgfmath@toks=\toks24
\pgfmath@stack@operand=\toks25
\pgfmath@stack@operation=\toks26
)
(/usr/share/texlive/texmf-dist/tex/generic/pgf/math/pgfmathfunctions.code.tex
(/usr/share/texlive/texmf-dist/tex/generic/pgf/math/pgfmathfunctions.basic.code
.tex)
(/usr/share/texlive/texmf-dist/tex/generic/pgf/math/pgfmathfunctions.trigonomet
ric.code.tex)
(/usr/share/texlive/texmf-dist/tex/generic/pgf/math/pgfmathfunctions.random.cod
e.tex)
(/usr/share/texlive/texmf-dist/tex/generic/pgf/math/pgfmathfunctions.comparison
.code.tex)
(/usr/share/texlive/texmf-dist/tex/generic/pgf/math/pgfmathfunctions.base.code.
tex)
(/usr/share/texlive/texmf-dist/tex/generic/pgf/math/pgfmathfunctions.round.code
.tex)
(/usr/share/texlive/texmf-dist/tex/generic/pgf/math/pgfmathfunctions.misc.code.
tex)
(/usr/share/texlive/texmf-dist/tex/generic/pgf/math/pgfmathfunctions.integerari
thmetics.code.tex)))
(/usr/share/texlive/texmf-dist/tex/generic/pgf/math/pgfmathfloat.code.tex
\c@pgfmathroundto@lastzeros=\count269
))
(/usr/share/texlive/texmf-dist/tex/generic/pgf/math/pgfint.code.tex)
(/usr/share/texlive/texmf-dist/tex/generic/pgf/basiclayer/pgfcorepoints.code.te
x
File: pgfcorepoints.code.tex 2020/01/08 v3.1.5b (3.1.5b)
\pgf@picminx=\dimen174
\pgf@picmaxx=\dimen175
\pgf@picminy=\dimen176
\pgf@picmaxy=\dimen177
\pgf@pathminx=\dimen178
\pgf@pathmaxx=\dimen179
\pgf@pathminy=\dimen180
\pgf@pathmaxy=\dimen181
\pgf@xx=\dimen182
\pgf@xy=\dimen183
\pgf@yx=\dimen184
\pgf@yy=\dimen185
\pgf@zx=\dimen186
\pgf@zy=\dimen187
)
(/usr/share/texlive/texmf-dist/tex/generic/pgf/basiclayer/pgfcorepathconstruct.
code.tex
File: pgfcorepathconstruct.code.tex 2020/01/08 v3.1.5b (3.1.5b)
\pgf@path@lastx=\dimen188
\pgf@path@lasty=\dimen189
)
(/usr/share/texlive/texmf-dist/tex/generic/pgf/basiclayer/pgfcorepathusage.code
.tex
File: pgfcorepathusage.code.tex 2020/01/08 v3.1.5b (3.1.5b)
\pgf@shorten@end@additional=\dimen190
\pgf@shorten@start@additional=\dimen191
)
(/usr/share/texlive/texmf-dist/tex/generic/pgf/basiclayer/pgfcorescopes.code.te
x
File: pgfcorescopes.code.tex 2020/01/08 v3.1.5b (3.1.5b)
\pgfpic=\box56
\pgf@hbox=\box57
\pgf@layerbox@main=\box58
\pgf@picture@serial@count=\count270
)
(/usr/share/texlive/texmf-dist/tex/generic/pgf/basiclayer/pgfcoregraphicstate.c
ode.tex
File: pgfcoregraphicstate.code.tex 2020/01/08 v3.1.5b (3.1.5b)
\pgflinewidth=\dimen192
)
(/usr/share/texlive/texmf-dist/tex/generic/pgf/basiclayer/pgfcoretransformation
s.code.tex
File: pgfcoretransformations.code.tex 2020/01/08 v3.1.5b (3.1.5b)
\pgf@pt@x=\dimen193
\pgf@pt@y=\dimen194
\pgf@pt@temp=\dimen195
)
(/usr/share/texlive/texmf-dist/tex/generic/pgf/basiclayer/pgfcorequick.code.tex
File: pgfcorequick.code.tex 2020/01/08 v3.1.5b (3.1.5b)
)
(/usr/share/texlive/texmf-dist/tex/generic/pgf/basiclayer/pgfcoreobjects.code.t
ex
File: pgfcoreobjects.code.tex 2020/01/08 v3.1.5b (3.1.5b)
)
(/usr/share/texlive/texmf-dist/tex/generic/pgf/basiclayer/pgfcorepathprocessing
.code.tex
File: pgfcorepathprocessing.code.tex 2020/01/08 v3.1.5b (3.1.5b)
)
(/usr/share/texlive/texmf-dist/tex/generic/pgf/basiclayer/pgfcorearrows.code.te
x
File: pgfcorearrows.code.tex 2020/01/08 v3.1.5b (3.1.5b)
\pgfarrowsep=\dimen196
)
(/usr/share/texlive/texmf-dist/tex/generic/pgf/basiclayer/pgfcoreshade.code.tex
File: pgfcoreshade.code.tex 2020/01/08 v3.1.5b (3.1.5b)
\pgf@max=\dimen197
\pgf@sys@shading@range@num=\count271
\pgf@shadingcount=\count272
)
(/usr/share/texlive/texmf-dist/tex/generic/pgf/basiclayer/pgfcoreimage.code.tex
File: pgfcoreimage.code.tex 2020/01/08 v3.1.5b (3.1.5b)

(/usr/share/texlive/texmf-dist/tex/generic/pgf/basiclayer/pgfcoreexternal.code.
tex
File: pgfcoreexternal.code.tex 2020/01/08 v3.1.5b (3.1.5b)
\pgfexternal@startupbox=\box59
))
(/usr/share/texlive/texmf-dist/tex/generic/pgf/basiclayer/pgfcorelayers.code.te
x
File: pgfcorelayers.code.tex 2020/01/08 v3.1.5b (3.1.5b)
)
(/usr/share/texlive/texmf-dist/tex/generic/pgf/basiclayer/pgfcoretransparency.c
ode.tex
File: pgfcoretransparency.code.tex 2020/01/08 v3.1.5b (3.1.5b)
)
(/usr/share/texlive/texmf-dist/tex/generic/pgf/basiclayer/pgfcorepatterns.code.
tex
File: pgfcorepatterns.code.tex 2020/01/08 v3.1.5b (3.1.5b)
)
(/usr/share/texlive/texmf-dist/tex/generic/pgf/basiclayer/pgfcorerdf.code.tex
File: pgfcorerdf.code.tex 2020/01/08 v3.1.5b (3.1.5b)
))) (/usr/share/texlive/texmf-dist/tex/latex/pgf/utilities/xxcolor.sty
Package: xxcolor 2003/10/24 ver 0.1
\XC@nummixins=\count273
\XC@countmixins=\count274
)
(/usr/share/texlive/texmf-dist/tex/generic/atbegshi/atbegshi.sty
Package: atbegshi 2019/12/05 v1.19 At begin shipout hook (HO)

(/usr/share/texlive/texmf-dist/tex/generic/infwarerr/infwarerr.sty
Package: infwarerr 2019/12/03 v1.5 Providing info/warning/error messages (HO)
)
(/usr/share/texlive/texmf-dist/tex/generic/ltxcmds/ltxcmds.sty
Package: ltxcmds 2019/12/15 v1.24 LaTeX kernel commands for general use (HO)
))
(/usr/share/texlive/texmf-dist/tex/latex/hyperref/hyperref.sty
Package: hyperref 2020/01/14 v7.00d Hypertext links for LaTeX

(/usr/share/texlive/texmf-dist/tex/latex/pdftexcmds/pdftexcmds.sty
Package: pdftexcmds 2019/11/24 v0.31 Utility functions of pdfTeX for LuaTeX (HO
)
Package pdftexcmds Info: \pdf@primitive is available.
Package pdftexcmds Info: \pdf@ifprimitive is available.
Package pdftexcmds Info: \pdfdraftmode found.
)
(/usr/share/texlive/texmf-dist/tex/generic/kvsetkeys/kvsetkeys.sty
Package: kvsetkeys 2019/12/15 v1.18 Key value parser (HO)
)
(/usr/share/texlive/texmf-dist/tex/generic/kvdefinekeys/kvdefinekeys.sty
Package: kvdefinekeys 2019-12-19 v1.6 Define keys (HO)
)
(/usr/share/texlive/texmf-dist/tex/generic/pdfescape/pdfescape.sty
Package: pdfescape 2019/12/09 v1.15 Implements pdfTeX's escape features (HO)
)
(/usr/share/texlive/texmf-dist/tex/latex/hycolor/hycolor.sty
Package: hycolor 2020-01-27 v1.10 Color options for hyperref/bookmark (HO)
)
(/usr/share/texlive/texmf-dist/tex/latex/letltxmacro/letltxmacro.sty
Package: letltxmacro 2019/12/03 v1.6 Let assignment for LaTeX macros (HO)
)
(/usr/share/texlive/texmf-dist/tex/latex/auxhook/auxhook.sty
Package: auxhook 2019-12-17 v1.6 Hooks for auxiliary files (HO)
)
(/usr/share/texlive/texmf-dist/tex/latex/kvoptions/kvoptions.sty
Package: kvoptions 2019/11/29 v3.13 Key value format for package options (HO)
)
\@linkdim=\dimen198
\Hy@linkcounter=\count275
\Hy@pagecounter=\count276

(/usr/share/texlive/texmf-dist/tex/latex/hyperref/pd1enc.def
File: pd1enc.def 2020/01/14 v7.00d Hyperref: PDFDocEncoding definition (HO)
Now handling font encoding PD1 ...
... no UTF-8 mapping file for font encoding PD1
)
(/usr/share/texlive/texmf-dist/tex/generic/intcalc/intcalc.sty
Package: intcalc 2019/12/15 v1.3 Expandable calculations with integers (HO)
)
(/usr/share/texlive/texmf-dist/tex/generic/etexcmds/etexcmds.sty
Package: etexcmds 2019/12/15 v1.7 Avoid name clashes with e-TeX commands (HO)
)
\Hy@SavedSpaceFactor=\count277
Package hyperref Info: Option `bookmarks' set `true' on input line 4421.
Package hyperref Info: Option `bookmarksopen' set `true' on input line 4421.
Package hyperref Info: Option `implicit' set `false' on input line 4421.
Package hyperref Info: Hyper figures OFF on input line 4547.
Package hyperref Info: Link nesting OFF on input line 4552.
Package hyperref Info: Hyper index ON on input line 4555.
Package hyperref Info: Plain pages OFF on input line 4562.
Package hyperref Info: Backreferencing OFF on input line 4567.
Package hyperref Info: Implicit mode OFF; no redefinition of LaTeX internals.
Package hyperref Info: Bookmarks ON on input line 4800.
\c@Hy@tempcnt=\count278

(/usr/share/texlive/texmf-dist/tex/latex/url/url.sty
\Urlmuskip=\muskip16
Package: url 2013/09/16  ver 3.4  Verb mode for urls, etc.
)
LaTeX Info: Redefining \url on input line 5159.
\XeTeXLinkMargin=\dimen199

(/usr/share/texlive/texmf-dist/tex/generic/bitset/bitset.sty
Package: bitset 2019/12/09 v1.3 Handle bit-vector datatype (HO)

(/usr/share/texlive/texmf-dist/tex/generic/bigintcalc/bigintcalc.sty
Package: bigintcalc 2019/12/15 v1.5 Expandable calculations on big integers (HO
)
))
\Fld@menulength=\count279
\Field@Width=\dimen256
\Fld@charsize=\dimen257
Package hyperref Info: Hyper figures OFF on input line 6430.
Package hyperref Info: Link nesting OFF on input line 6435.
Package hyperref Info: Hyper index ON on input line 6438.
Package hyperref Info: backreferencing OFF on input line 6445.
Package hyperref Info: Link coloring OFF on input line 6450.
Package hyperref Info: Link coloring with OCG OFF on input line 6455.
Package hyperref Info: PDF/A mode OFF on input line 6460.
LaTeX Info: Redefining \ref on input line 6500.
LaTeX Info: Redefining \pageref on input line 6504.
\Hy@abspage=\count280


Package hyperref Message: Stopped early.

)
Package hyperref Info: Driver (autodetected): hpdftex.
 (/usr/share/texlive/texmf-dist/tex/latex/hyperref/hpdftex.def
File: hpdftex.def 2020/01/14 v7.00d Hyperref driver for pdfTeX

(/usr/share/texlive/texmf-dist/tex/latex/atveryend/atveryend.sty
Package: atveryend 2019-12-11 v1.11 Hooks at the very end of document (HO)
)
\Fld@listcount=\count281
\c@bookmark@seq@number=\count282

(/usr/share/texlive/texmf-dist/tex/latex/rerunfilecheck/rerunfilecheck.sty
Package: rerunfilecheck 2019/12/05 v1.9 Rerun checks for auxiliary files (HO)

(/usr/share/texlive/texmf-dist/tex/generic/uniquecounter/uniquecounter.sty
Package: uniquecounter 2019/12/15 v1.4 Provide unlimited unique counter (HO)
)
Package uniquecounter Info: New unique counter `rerunfilecheck' on input line 2
86.
))
(/usr/share/texlive/texmf-dist/tex/latex/beamer/beamerbaserequires.sty
(/usr/share/texlive/texmf-dist/tex/latex/beamer/beamerbasecompatibility.sty)
(/usr/share/texlive/texmf-dist/tex/latex/beamer/beamerbasefont.sty
(/usr/share/texlive/texmf-dist/tex/latex/amsfonts/amssymb.sty
Package: amssymb 2013/01/14 v3.01 AMS font symbols

(/usr/share/texlive/texmf-dist/tex/latex/amsfonts/amsfonts.sty
Package: amsfonts 2013/01/14 v3.01 Basic AMSFonts support
\@emptytoks=\toks27
\symAMSa=\mathgroup4
\symAMSb=\mathgroup5
LaTeX Font Info:    Redeclaring math symbol \hbar on input line 98.
LaTeX Font Info:    Overwriting math alphabet `\mathfrak' in version `bold'
(Font)                  U/euf/m/n --> U/euf/b/n on input line 106.
))
(/usr/share/texlive/texmf-dist/tex/latex/sansmathaccent/sansmathaccent.sty
Package: sansmathaccent 2020/01/31

(/usr/share/texlive/texmf-dist/tex/latex/koma-script/scrlfile.sty
Package: scrlfile 2020/04/19 v3.30 KOMA-Script package (loading files)
)))
(/usr/share/texlive/texmf-dist/tex/latex/beamer/beamerbasetranslator.sty
(/usr/share/texlive/texmf-dist/tex/latex/translator/translator.sty
Package: translator 2019-05-31 v1.12a Easy translation of strings in LaTeX
))
(/usr/share/texlive/texmf-dist/tex/latex/beamer/beamerbasemisc.sty)
(/usr/share/texlive/texmf-dist/tex/latex/beamer/beamerbasetwoscreens.sty)
(/usr/share/texlive/texmf-dist/tex/latex/beamer/beamerbaseoverlay.sty
\beamer@argscount=\count283
\beamer@lastskipcover=\skip50
\beamer@trivlistdepth=\count284
)
(/usr/share/texlive/texmf-dist/tex/latex/beamer/beamerbasetitle.sty)
(/usr/share/texlive/texmf-dist/tex/latex/beamer/beamerbasesection.sty
\c@lecture=\count285
\c@part=\count286
\c@section=\count287
\c@subsection=\count288
\c@subsubsection=\count289
)
(/usr/share/texlive/texmf-dist/tex/latex/beamer/beamerbaseframe.sty
\beamer@framebox=\box60
\beamer@frametitlebox=\box61
\beamer@zoombox=\box62
\beamer@zoomcount=\count290
\beamer@zoomframecount=\count291
\beamer@frametextheight=\dimen258
\c@subsectionslide=\count292
\beamer@frametopskip=\skip51
\beamer@framebottomskip=\skip52
\beamer@frametopskipautobreak=\skip53
\beamer@framebottomskipautobreak=\skip54
\beamer@envbody=\toks28
\framewidth=\dimen259
\c@framenumber=\count293
)
(/usr/share/texlive/texmf-dist/tex/latex/beamer/beamerbaseverbatim.sty
\beamer@verbatimfileout=\write4
)
(/usr/share/texlive/texmf-dist/tex/latex/beamer/beamerbaseframesize.sty
\beamer@splitbox=\box63
\beamer@autobreakcount=\count294
\beamer@autobreaklastheight=\dimen260
\beamer@frametitletoks=\toks29
\beamer@framesubtitletoks=\toks30
)
(/usr/share/texlive/texmf-dist/tex/latex/beamer/beamerbaseframecomponents.sty
\beamer@footins=\box64
)
(/usr/share/texlive/texmf-dist/tex/latex/beamer/beamerbasecolor.sty)
(/usr/share/texlive/texmf-dist/tex/latex/beamer/beamerbasenotes.sty
\beamer@frameboxcopy=\box65
)
(/usr/share/texlive/texmf-dist/tex/latex/beamer/beamerbasetoc.sty)
(/usr/share/texlive/texmf-dist/tex/latex/beamer/beamerbasetemplates.sty
\beamer@sbttoks=\toks31

(/usr/share/texlive/texmf-dist/tex/latex/beamer/beamerbaseauxtemplates.sty
(/usr/share/texlive/texmf-dist/tex/latex/beamer/beamerbaseboxes.sty
\bmb@box=\box66
\bmb@colorbox=\box67
\bmb@boxshadow=\box68
\bmb@boxshadowball=\box69
\bmb@boxshadowballlarge=\box70
\bmb@temp=\dimen261
\bmb@dima=\dimen262
\bmb@dimb=\dimen263
\bmb@prevheight=\dimen264
)
\beamer@blockheadheight=\dimen265
))
(/usr/share/texlive/texmf-dist/tex/latex/beamer/beamerbaselocalstructure.sty
(/usr/share/texlive/texmf-dist/tex/latex/tools/enumerate.sty
Package: enumerate 2015/07/23 v3.00 enumerate extensions (DPC)
\@enLab=\toks32
)
\c@figure=\count295
\c@table=\count296
\abovecaptionskip=\skip55
\belowcaptionskip=\skip56
)
(/usr/share/texlive/texmf-dist/tex/latex/beamer/beamerbasenavigation.sty
\beamer@section@min@dim=\dimen266
)
(/usr/share/texlive/texmf-dist/tex/latex/beamer/beamerbasetheorems.sty
(/usr/share/texlive/texmf-dist/tex/latex/amsmath/amsmath.sty
Package: amsmath 2020/01/20 v2.17e AMS math features
\@mathmargin=\skip57

For additional information on amsmath, use the `?' option.
(/usr/share/texlive/texmf-dist/tex/latex/amsmath/amstext.sty
Package: amstext 2000/06/29 v2.01 AMS text

(/usr/share/texlive/texmf-dist/tex/latex/amsmath/amsgen.sty
File: amsgen.sty 1999/11/30 v2.0 generic functions
\@emptytoks=\toks33
\ex@=\dimen267
))
(/usr/share/texlive/texmf-dist/tex/latex/amsmath/amsbsy.sty
Package: amsbsy 1999/11/29 v1.2d Bold Symbols
\pmbraise@=\dimen268
)
(/usr/share/texlive/texmf-dist/tex/latex/amsmath/amsopn.sty
Package: amsopn 2016/03/08 v2.02 operator names
)
\inf@bad=\count297
LaTeX Info: Redefining \frac on input line 227.
\uproot@=\count298
\leftroot@=\count299
LaTeX Info: Redefining \overline on input line 389.
\classnum@=\count300
\DOTSCASE@=\count301
LaTeX Info: Redefining \ldots on input line 486.
LaTeX Info: Redefining \dots on input line 489.
LaTeX Info: Redefining \cdots on input line 610.
\Mathstrutbox@=\box71
\strutbox@=\box72
\big@size=\dimen269
LaTeX Font Info:    Redeclaring font encoding OML on input line 733.
LaTeX Font Info:    Redeclaring font encoding OMS on input line 734.
\macc@depth=\count302
\c@MaxMatrixCols=\count303
\dotsspace@=\muskip17
\c@parentequation=\count304
\dspbrk@lvl=\count305
\tag@help=\toks34
\row@=\count306
\column@=\count307
\maxfields@=\count308
\andhelp@=\toks35
\eqnshift@=\dimen270
\alignsep@=\dimen271
\tagshift@=\dimen272
\tagwidth@=\dimen273
\totwidth@=\dimen274
\lineht@=\dimen275
\@envbody=\toks36
\multlinegap=\skip58
\multlinetaggap=\skip59
\mathdisplay@stack=\toks37
LaTeX Info: Redefining \[ on input line 2859.
LaTeX Info: Redefining \] on input line 2860.
)
(/usr/share/texlive/texmf-dist/tex/latex/amscls/amsthm.sty
Package: amsthm 2017/10/31 v2.20.4
\thm@style=\toks38
\thm@bodyfont=\toks39
\thm@headfont=\toks40
\thm@notefont=\toks41
\thm@headpunct=\toks42
\thm@preskip=\skip60
\thm@postskip=\skip61
\thm@headsep=\skip62
\dth@everypar=\toks43
)
\c@theorem=\count309
)
(/usr/share/texlive/texmf-dist/tex/latex/beamer/beamerbasethemes.sty))
(/usr/share/texlive/texmf-dist/tex/latex/beamer/beamerthemedefault.sty
(/usr/share/texlive/texmf-dist/tex/latex/beamer/beamerfontthemedefault.sty)
(/usr/share/texlive/texmf-dist/tex/latex/beamer/beamercolorthemedefault.sty)
(/usr/share/texlive/texmf-dist/tex/latex/beamer/beamerinnerthemedefault.sty
\beamer@dima=\dimen276
\beamer@dimb=\dimen277
)
(/usr/share/texlive/texmf-dist/tex/latex/beamer/beamerouterthemedefault.sty)))
(/usr/share/texlive/texmf-dist/tex/generic/babel/babel.sty
Package: babel 2020/03/22 3.42 The Babel package

(/usr/share/texlive/texmf-dist/tex/generic/babel/switch.def
File: switch.def 2020/03/22 3.42 Babel switching mechanism
)
(/usr/share/texlive/texmf-dist/tex/generic/babel-english/english.ldf
Language: english 2017/06/06 v3.3r English support from the babel system

(/usr/share/texlive/texmf-dist/tex/generic/babel/babel.def
File: babel.def 2020/03/22 3.42 Babel common definitions
\babel@savecnt=\count310
\U@D=\dimen278

(/usr/share/texlive/texmf-dist/tex/generic/babel/txtbabel.def)
\bbl@readstream=\read3
LaTeX Info: Redefining \textlatin on input line 2435.
\bbl@dirlevel=\count311
)
Package babel Info: \l@canadian = using hyphenrules for english
(babel)             (\language0) on input line 102.
Package babel Info: \l@australian = using hyphenrules for ukenglish
(babel)             (\language27) on input line 105.
Package babel Info: \l@newzealand = using hyphenrules for ukenglish
(babel)             (\language27) on input line 108.
))
(/usr/share/texlive/texmf-dist/tex/latex/base/inputenc.sty
Package: inputenc 2018/08/11 v1.3c Input encoding file
\inpenc@prehook=\toks44
\inpenc@posthook=\toks45

(/usr/share/texlive/texmf-dist/tex/latex/ucs/utf8x.def
File: utf8x.def 2004/10/17 UCS: Input encoding UTF-8
))
(/usr/share/texlive/texmf-dist/tex/latex/ucs/ucs.sty
Package: ucs 2013/05/11 v2.2 UCS: Unicode input support

(/usr/share/texlive/texmf-dist/tex/latex/ucs/data/uni-global.def
File: uni-global.def 2013/05/13 UCS: Unicode global data
)
\uc@secondtry=\count312
\uc@combtoks=\toks46
\uc@combtoksb=\toks47
\uc@temptokena=\toks48
)
\sympureletters=\mathgroup6
LaTeX Font Info:    Overwriting symbol font `pureletters' in version `bold'
(Font)                  OT1/mathkerncmss/m/sl --> OT1/mathkerncmss/bx/sl on inp
ut line 8.

(/usr/share/texlive/texmf-dist/tex/latex/tools/bm.sty
Package: bm 2019/07/24 v1.2d Bold Symbol Support (DPC/FMi)
\symboldoperators=\mathgroup7
\symboldletters=\mathgroup8
\symboldsymbols=\mathgroup9
\symboldpureletters=\mathgroup10
LaTeX Font Info:    Redeclaring math alphabet \mathbf on input line 141.
LaTeX Info: Redefining \bm on input line 209.
)
(/usr/share/texlive/texmf-dist/tex/latex/bbm-macros/bbm.sty
Package: bbm 1999/03/15 V 1.2 provides fonts for set symbols - TH
LaTeX Font Info:    Overwriting math alphabet `\mathbbm' in version `bold'
(Font)                  U/bbm/m/n --> U/bbm/bx/n on input line 33.
LaTeX Font Info:    Overwriting math alphabet `\mathbbmss' in version `bold'
(Font)                  U/bbmss/m/n --> U/bbmss/bx/n on input line 35.
)
(/home/lucashermann/texmf/tex/latex/tubs/beamerthemetubs.sty
(/usr/share/texlive/texmf-dist/tex/latex/base/ifthen.sty
Package: ifthen 2014/09/29 v1.1c Standard LaTeX ifthen package (DPC)
)
Package: beamerthemetubs 2020/11/30 v1.3.4-r149 tubslatex TU Braunschweig (beam
er) theme


Beamer theme 'tubs', 2020/11/30 v1.3.4-r149 tubslatex

(/home/lucashermann/texmf/tex/latex/tubs/beamercolorthemetubs.sty
Package: beamercolorthemetubs 2020/11/30 v1.3.4-r149 tubslatexTU Braunschweig (
beamer) color theme

(/home/lucashermann/texmf/tex/latex/tubs/tubscolors.sty
Package: tubscolors 2020/11/30 v1.3.4-r149 tubslatex, file v0.6 Farbschema der 
TU-Braunschweig

(/usr/share/texlive/texmf-dist/tex/latex/xkeyval/xkeyval.sty
Package: xkeyval 2014/12/03 v2.7a package option processing (HA)

(/usr/share/texlive/texmf-dist/tex/generic/xkeyval/xkeyval.tex
(/usr/share/texlive/texmf-dist/tex/generic/xkeyval/xkvutils.tex
\XKV@toks=\toks49
\XKV@tempa@toks=\toks50
)
\XKV@depth=\count313
File: xkeyval.tex 2014/12/03 v2.7a key=value parser (HA)
))
(/usr/share/texlive/texmf-dist/tex/latex/forloop/forloop.sty
Package: forloop 2006/09/18 v3.0 For Loops for LaTeX
)
\c@perc=\count314
\cshowwidth=\skip63
))
(/home/lucashermann/texmf/tex/latex/tubs/beamerfontthemetubs.sty
Package: beamerfontthemetubs 2020/11/30 v1.3.4-r149 tubslatex TU Braunschweig (
beamer) font theme

(/home/lucashermann/texmf/tex/latex/tubs/nexus.sty
Package: nexus 2020/11/30 v1.3.4-r149 tubslatex Nexus font

(/usr/share/texlive/texmf-dist/tex/latex/psnfss/mathpazo.sty
Package: mathpazo 2020/03/25 PSNFSS-v9.3 Palatino w/ Pazo Math (D.Puga, WaS) 
\symupright=\mathgroup11
)
(/usr/share/texlive/texmf-dist/tex/latex/base/fontenc.sty
Package: fontenc 2020/02/11 v2.0o Standard LaTeX package

(/usr/share/texlive/texmf-dist/tex/latex/ly1/ly1enc.def
File: ly1enc.def 2009/07/22 v0.7 TeX 'n ANSI encoding (DPC/KB)
)
LaTeX Font Info:    Trying to load font information for LY1+cmss on input line 
112.
LaTeX Font Info:    No file LY1cmss.fd. on input line 112.
LaTeX Font Info:    Trying to load font information for LY1+ptm on input line 1
12.

(/usr/share/texlive/texmf-dist/tex/latex/ly1/ly1ptm.fd
File: ly1ptm.fd 2001/02/01 font definitions for LY1/ptm using Berry names.
)

LaTeX Font Warning: Font shape `LY1/cmss/m/n' undefined
(Font)              using `LY1/ptm/m/n' instead on input line 112.

)
LaTeX Font Info:    Overwriting math alphabet `\mathsf' in version `normal'
(Font)                  OT1/cmss/m/n --> LY1/NexusProSans/m/n on input line 180
.
LaTeX Font Info:    Overwriting math alphabet `\mathtt' in version `normal'
(Font)                  OT1/cmtt/m/n --> LY1/txtt/m/n on input line 181.
)) (/home/lucashermann/texmf/tex/latex/tubs/beamerouterthemetubs.sty
Package: beamerouterthemetubs 2020/11/30 v1.3.4-r149 tubslatex TU Braunschweig 
(beamer) outer theme

(/usr/share/texlive/texmf-dist/tex/latex/tools/calc.sty
Package: calc 2017/05/25 v4.3 Infix arithmetic (KKT,FJ)
\calc@Acount=\count315
\calc@Bcount=\count316
\calc@Adimen=\dimen279
\calc@Bdimen=\dimen280
\calc@Askip=\skip64
\calc@Bskip=\skip65
LaTeX Info: Redefining \setlength on input line 80.
LaTeX Info: Redefining \addtolength on input line 81.
\calc@Ccount=\count317
\calc@Cskip=\skip66
)
(/home/lucashermann/texmf/tex/latex/tubs/tubslogo.sty
Package: tubslogo 2020/11/30 v1.3.4-r149 tubslatex, file v1.2 CD-Logo der TU Br
aunschweig
\tubslogo@width=\skip67
\tubslogoBaseWidth=\skip68
\tubslogoBaseHeight=\skip69
\tubslogoWidth=\skip70
\tubslogoHeight=\skip71
\temp@=\dimen281
)
(/home/lucashermann/texmf/tex/latex/tubs/tubsbeamersizes.sty
Package: tubsbeamersizes 2020/11/30 v1.3.4-r149 tubslatex TU Braunschweig (beam
er) size definitions
\beamer@headheight=\dimen282
\beamer@leftmarginwidth=\dimen283
\beamer@CDsenderheight=\dimen284
\beamer@CDborderwidth=\dimen285
\beamer@CDcommunicationwidth=\dimen286
\beamer@CDgaussunit=\dimen287
\titlegraphicsheight=\dimen288
\titlegraphicswidth=\dimen289
\logoheight=\dimen290
\beamer@titlepagetextwidth=\dimen291
)
\beamer@tochorizontalspace=\dimen292
LaTeX Font Info:    Trying to load font information for LY1+NexusProSans-lnum o
n input line 95.

(/home/lucashermann/texmf/tex/latex/tubs/LY1NexusProSans-lnum.fd
File: LY1NexusProSans-lnum.fd Fontshop NexusProSans-lnum font definitions
)
\tubs@outer@tempwidtha=\skip72
\tubs@outer@tempwidthb=\skip73
)
(/home/lucashermann/texmf/tex/latex/tubs/beamerinnerthemetubs.sty
Package: beamerinnerthemetubs 2020/11/30 v1.3.4-r149 tubslatex TU Braunschweig 
(beamer) inner theme

(/usr/share/texlive/texmf-dist/tex/latex/relsize/relsize.sty
Package: relsize 2013/03/29 ver 4.1
)
(/usr/share/texlive/texmf-dist/tex/latex/printlen/printlen.sty
Package: printlen 2009/09/03 v1.1a print lengths with units
)
\@test@box=\box73
))
(/usr/share/texlive/texmf-dist/tex/latex/ucs/data/uni-0.def
File: uni-0.def 2013/05/13 UCS: Unicode data U+0000..U+00FF
)
(/usr/share/texlive/texmf-dist/tex/latex/l3backend/l3backend-pdfmode.def
File: l3backend-pdfmode.def 2020-03-12 L3 backend support: PDF mode
\l__kernel_color_stack_int=\count318
\l__pdf_internal_box=\box74
)
(./beamer_example.aux)
\openout1 = `beamer_example.aux'.

LaTeX Font Info:    Checking defaults for OML/cmm/m/it on input line 49.
LaTeX Font Info:    ... okay on input line 49.
LaTeX Font Info:    Checking defaults for OMS/cmsy/m/n on input line 49.
LaTeX Font Info:    ... okay on input line 49.
LaTeX Font Info:    Checking defaults for OT1/cmr/m/n on input line 49.
LaTeX Font Info:    ... okay on input line 49.
LaTeX Font Info:    Checking defaults for T1/cmr/m/n on input line 49.
LaTeX Font Info:    ... okay on input line 49.
LaTeX Font Info:    Checking defaults for TS1/cmr/m/n on input line 49.
LaTeX Font Info:    ... okay on input line 49.
LaTeX Font Info:    Checking defaults for OMX/cmex/m/n on input line 49.
LaTeX Font Info:    ... okay on input line 49.
LaTeX Font Info:    Checking defaults for U/cmr/m/n on input line 49.
LaTeX Font Info:    ... okay on input line 49.
LaTeX Font Info:    Checking defaults for PD1/pdf/m/n on input line 49.
LaTeX Font Info:    ... okay on input line 49.
LaTeX Font Info:    Checking defaults for LY1/ptm/m/n on input line 49.
LaTeX Font Info:    ... okay on input line 49.

*geometry* driver: auto-detecting
*geometry* detected driver: pdftex
*geometry* verbose mode - [ preamble ] result:
* driver: pdftex
* paper: custom
* layout: <same size as paper>
* layoutoffset:(h,v)=(0.0pt,0.0pt)
* modes: includehead includefoot 
* h-part:(L,W,R)=(19.91684pt, 324.36168pt, 19.91684pt)
* v-part:(T,H,B)=(0.0pt, 273.14662pt, 0.0pt)
* \paperwidth=364.19536pt
* \paperheight=273.14662pt
* \textwidth=324.36168pt
* \textheight=244.6939pt
* \oddsidemargin=-52.35315pt
* \evensidemargin=-52.35315pt
* \topmargin=-72.26999pt
* \headheight=14.22636pt
* \headsep=0.0pt
* \topskip=11.0pt
* \footskip=14.22636pt
* \marginparwidth=4.0pt
* \marginparsep=10.0pt
* \columnsep=10.0pt
* \skip\footins=10.0pt plus 4.0pt minus 2.0pt
* \hoffset=0.0pt
* \voffset=0.0pt
* \mag=1000
* \@twocolumnfalse
* \@twosidefalse
* \@mparswitchfalse
* \@reversemarginfalse
* (1in=72.27pt=25.4mm, 1cm=28.453pt)

(/usr/share/texlive/texmf-dist/tex/context/base/mkii/supp-pdf.mkii
[Loading MPS to PDF converter (version 2006.09.02).]
\scratchcounter=\count319
\scratchdimen=\dimen293
\scratchbox=\box75
\nofMPsegments=\count320
\nofMParguments=\count321
\everyMPshowfont=\toks51
\MPscratchCnt=\count322
\MPscratchDim=\dimen294
\MPnumerator=\count323
\makeMPintoPDFobject=\count324
\everyMPtoPDFconversion=\toks52
) (/usr/share/texlive/texmf-dist/tex/latex/epstopdf-pkg/epstopdf-base.sty
Package: epstopdf-base 2020-01-24 v2.11 Base part for package epstopdf
Package epstopdf-base Info: Redefining graphics rule for `.eps' on input line 4
85.

(/usr/share/texlive/texmf-dist/tex/latex/latexconfig/epstopdf-sys.cfg
File: epstopdf-sys.cfg 2010/07/13 v1.3 Configuration of (r)epstopdf for TeX Liv
e
))
ABD: EveryShipout initializing macros
\AtBeginShipoutBox=\box76
Package hyperref Info: Link coloring OFF on input line 49.

(/usr/share/texlive/texmf-dist/tex/latex/hyperref/nameref.sty
Package: nameref 2019/09/16 v2.46 Cross-referencing by name of section

(/usr/share/texlive/texmf-dist/tex/latex/refcount/refcount.sty
Package: refcount 2019/12/15 v3.6 Data extraction from label references (HO)
)
(/usr/share/texlive/texmf-dist/tex/generic/gettitlestring/gettitlestring.sty
Package: gettitlestring 2019/12/15 v1.6 Cleanup title references (HO)
)
\c@section@level=\count325
)
LaTeX Info: Redefining \ref on input line 49.
LaTeX Info: Redefining \pageref on input line 49.
LaTeX Info: Redefining \nameref on input line 49.

(./beamer_example.out) (./beamer_example.out)
\@outlinefile=\write5
\openout5 = `beamer_example.out'.

LaTeX Font Info:    Overwriting symbol font `operators' in version `normal'
(Font)                  OT1/ppl/m/n --> OT1/cmss/m/n on input line 49.
LaTeX Font Info:    Overwriting symbol font `operators' in version `bold'
(Font)                  OT1/ppl/b/n --> OT1/cmss/b/n on input line 49.
\symnumbers=\mathgroup12
LaTeX Font Info:    Redeclaring symbol font `pureletters' on input line 49.
LaTeX Font Info:    Encoding `OT1' has changed to `LY1' for symbol font
(Font)              `pureletters' in the math version `normal' on input line 49
.
LaTeX Font Info:    Overwriting symbol font `pureletters' in version `normal'
(Font)                  OT1/mathkerncmss/m/sl --> LY1/NexusProSans-lnum/m/it on
 input line 49.
LaTeX Font Info:    Encoding `OT1' has changed to `LY1' for symbol font
(Font)              `pureletters' in the math version `bold' on input line 49.
LaTeX Font Info:    Overwriting symbol font `pureletters' in version `bold'
(Font)                  OT1/mathkerncmss/bx/sl --> LY1/NexusProSans-lnum/m/it o
n input line 49.
LaTeX Font Info:    Overwriting math alphabet `\mathrm' in version `normal'
(Font)                  OT1/cmss/m/n --> LY1/NexusProSerif-lnum/m/n on input li
ne 49.
LaTeX Font Info:    Redeclaring math alphabet \mathbf on input line 49.
LaTeX Font Info:    Overwriting math alphabet `\mathbf' in version `normal'
(Font)                  OT1/zplm/b/n --> LY1/NexusProSans-lnum/b/n on input lin
e 49.
LaTeX Font Info:    Overwriting math alphabet `\mathbf' in version `bold'
(Font)                  OT1/zplm/b/n --> LY1/NexusProSans-lnum/b/n on input lin
e 49.
LaTeX Font Info:    Redeclaring math alphabet \mathsf on input line 49.
LaTeX Font Info:    Overwriting math alphabet `\mathsf' in version `normal'
(Font)                  LY1/NexusProSans/m/n --> LY1/NexusProSans-lnum/m/n on i
nput line 49.
LaTeX Font Info:    Overwriting math alphabet `\mathsf' in version `bold'
(Font)                  OT1/cmss/bx/n --> LY1/NexusProSans-lnum/m/n on input li
ne 49.
LaTeX Font Info:    Redeclaring math alphabet \mathit on input line 49.
LaTeX Font Info:    Overwriting math alphabet `\mathit' in version `normal'
(Font)                  OT1/ppl/m/it --> LY1/NexusProSans-lnum/m/it on input li
ne 49.
LaTeX Font Info:    Overwriting math alphabet `\mathit' in version `bold'
(Font)                  OT1/ppl/b/it --> LY1/NexusProSans-lnum/m/it on input li
ne 49.
LaTeX Font Info:    Redeclaring math alphabet \mathtt on input line 49.
LaTeX Font Info:    Overwriting math alphabet `\mathtt' in version `normal'
(Font)                  LY1/txtt/m/n --> LY1/txtt/m/n on input line 49.
LaTeX Font Info:    Overwriting math alphabet `\mathtt' in version `bold'
(Font)                  OT1/cmtt/m/n --> LY1/txtt/m/n on input line 49.
LaTeX Font Info:    Overwriting symbol font `numbers' in version `bold'
(Font)                  LY1/NexusProSans-lnum/m/n --> LY1/NexusProSans-lnum/b/n
 on input line 49.
LaTeX Font Info:    Overwriting symbol font `pureletters' in version `bold'
(Font)                  LY1/NexusProSans-lnum/m/it --> LY1/NexusProSans-lnum/b/
it on input line 49.
LaTeX Font Info:    Overwriting math alphabet `\mathrm' in version `bold'
(Font)                  OT1/cmss/b/n --> LY1/NexusProSerif-lnum/b/n on input li
ne 49.
LaTeX Font Info:    Overwriting math alphabet `\mathbf' in version `bold'
(Font)                  LY1/NexusProSans-lnum/b/n --> LY1/NexusProSans-lnum/b/n
 on input line 49.
LaTeX Font Info:    Overwriting math alphabet `\mathsf' in version `bold'
(Font)                  LY1/NexusProSans-lnum/m/n --> LY1/NexusProSans-lnum/b/n
 on input line 49.
LaTeX Font Info:    Overwriting math alphabet `\mathit' in version `bold'
(Font)                  LY1/NexusProSans-lnum/m/it --> LY1/NexusProSans-lnum/b/
it on input line 49.
LaTeX Font Info:    Overwriting math alphabet `\mathtt' in version `bold'
(Font)                  LY1/txtt/m/n --> LY1/txtt/b/n on input line 49.
LaTeX Font Info:    Redeclaring symbol font `boldpureletters' on input line 49.

LaTeX Font Info:    Encoding `OT1' has changed to `LY1' for symbol font
(Font)              `boldpureletters' in the math version `normal' on input lin
e 49.
LaTeX Font Info:    Overwriting symbol font `boldpureletters' in version `norma
l'
(Font)                  OT1/mathkerncmss/bx/sl --> LY1/NexusProSans-lnum/bx/it 
on input line 49.
LaTeX Font Info:    Encoding `OT1' has changed to `LY1' for symbol font
(Font)              `boldpureletters' in the math version `bold' on input line 
49.
LaTeX Font Info:    Overwriting symbol font `boldpureletters' in version `bold'

(Font)                  OT1/mathkerncmss/bx/sl --> LY1/NexusProSans-lnum/bx/it 
on input line 49.

(/usr/share/texlive/texmf-dist/tex/latex/translator/translator-basic-dictionary
-English.dict
Dictionary: translator-basic-dictionary, Language: English 
)
(/usr/share/texlive/texmf-dist/tex/latex/translator/translator-bibliography-dic
tionary-English.dict
Dictionary: translator-bibliography-dictionary, Language: English 
)
(/usr/share/texlive/texmf-dist/tex/latex/translator/translator-environment-dict
ionary-English.dict
Dictionary: translator-environment-dictionary, Language: English 
)
(/usr/share/texlive/texmf-dist/tex/latex/translator/translator-months-dictionar
y-English.dict
Dictionary: translator-months-dictionary, Language: English 
)
(/usr/share/texlive/texmf-dist/tex/latex/translator/translator-numbers-dictiona
ry-English.dict
Dictionary: translator-numbers-dictionary, Language: English 
)
(/usr/share/texlive/texmf-dist/tex/latex/translator/translator-theorem-dictiona
ry-English.dict
Dictionary: translator-theorem-dictionary, Language: English 
) (/usr/share/texlive/texmf-dist/tex/latex/ucs/ucsencs.def
File: ucsencs.def 2011/01/21 Fixes to fontencodings LGR, T3
)

Package hyperref Warning: Option `pdftitle' has already been used,
(hyperref)                setting the option has no effect on input line 49.


Package hyperref Warning: Option `pdfauthor' has already been used,
(hyperref)                setting the option has no effect on input line 49.


Package hyperref Warning: Option `pdfcreator' has already been used,
(hyperref)                setting the option has no effect on input line 49.

(./beamer_example.nav)
\beamer@CDlogowidth=\dimen295
\beamer@CDlogoheight=\dimen296
\@footline@textwidth=\dimen297
<TUBraunschweig_RGB_beamer.pdf, id=49, 199.1691pt x 73.97739pt>
File: TUBraunschweig_RGB_beamer.pdf Graphic file (type pdf)
<use TUBraunschweig_RGB_beamer.pdf>
Package pdftex.def Info: TUBraunschweig_RGB_beamer.pdf  used on input line 49.
(pdftex.def)             Requested size: 70.27829pt x 26.10355pt.
<InA-Logo-rgb.pdf, id=52, 228.96039pt x 98.63048pt>
File: InA-Logo-rgb.pdf Graphic file (type pdf)
<use InA-Logo-rgb.pdf>
Package pdftex.def Info: InA-Logo-rgb.pdf  used on input line 49.
(pdftex.def)             Requested size: 48.05165pt x 20.69946pt.
LaTeX Font Info:    Calculating math sizes for size <4.99997> on input line 49.

LaTeX Font Info:    Trying to load font information for OML+zplm on input line 
49.

(/usr/share/texlive/texmf-dist/tex/latex/psnfss/omlzplm.fd
File: omlzplm.fd 2002/09/08 Fontinst v1.914 font definitions for OML/zplm.
)
LaTeX Font Info:    Trying to load font information for OMS+zplm on input line 
49.

(/usr/share/texlive/texmf-dist/tex/latex/psnfss/omszplm.fd
File: omszplm.fd 2002/09/08 Fontinst v1.914 font definitions for OMS/zplm.
)
LaTeX Font Info:    Trying to load font information for OMX+zplm on input line 
49.

(/usr/share/texlive/texmf-dist/tex/latex/psnfss/omxzplm.fd
File: omxzplm.fd 2002/09/08 Fontinst v1.914 font definitions for OMX/zplm.
)
LaTeX Font Info:    Font shape `U/msa/m/n' will be
(Font)              scaled to size 5.20999pt on input line 49.
LaTeX Font Info:    Font shape `U/msa/m/n' will be
(Font)              scaled to size 3.95956pt on input line 49.
LaTeX Font Info:    Font shape `U/msa/m/n' will be
(Font)              scaled to size 3.12602pt on input line 49.
LaTeX Font Info:    Font shape `U/msb/m/n' will be
(Font)              scaled to size 5.20999pt on input line 49.
LaTeX Font Info:    Font shape `U/msb/m/n' will be
(Font)              scaled to size 3.95956pt on input line 49.
LaTeX Font Info:    Font shape `U/msb/m/n' will be
(Font)              scaled to size 3.12602pt on input line 49.


LaTeX Font Warning: Font shape `OML/cmm/b/it' in size <3.79994> not available
(Font)              size <5> substituted on input line 49.


LaTeX Font Warning: Font shape `OML/cmm/b/it' in size <3> not available
(Font)              size <5> substituted on input line 49.


LaTeX Font Warning: Font shape `OMS/cmsy/b/n' in size <3.79994> not available
(Font)              size <5> substituted on input line 49.


LaTeX Font Warning: Font shape `OMS/cmsy/b/n' in size <3> not available
(Font)              size <5> substituted on input line 49.

LaTeX Font Info:    Font shape `LY1/NexusProSans-lnum/bx/it' in size <4.99997> 
not available
(Font)              Font shape `LY1/NexusProSans-lnum/b/it' tried instead on in
put line 49.
LaTeX Font Info:    Font shape `LY1/NexusProSans-lnum/bx/it' in size <3.79994> 
not available
(Font)              Font shape `LY1/NexusProSans-lnum/b/it' tried instead on in
put line 49.
LaTeX Font Info:    Font shape `LY1/NexusProSans-lnum/bx/it' in size <3> not av
ailable
(Font)              Font shape `LY1/NexusProSans-lnum/b/it' tried instead on in
put line 49.
LaTeX Font Info:    Trying to load font information for OT1+zplm on input line 
49.
(/usr/share/texlive/texmf-dist/tex/latex/psnfss/ot1zplm.fd
File: ot1zplm.fd 2002/09/08 Fontinst v1.914 font definitions for OT1/zplm.
)
\@image@xorig=\dimen298
\@image@xcalc=\dimen299
\@image@yorig=\dimen300
\@image@ycalc=\dimen301
<titlepicture.png, id=53, 1609.01125pt x 487.8225pt>
File: titlepicture.png Graphic file (type png)
<use titlepicture.png>
Package pdftex.def Info: titlepicture.png  used on input line 53.
(pdftex.def)             Requested size: 342.32161pt x 108.70578pt.
File: TUBraunschweig_RGB_beamer.pdf Graphic file (type pdf)
<use TUBraunschweig_RGB_beamer.pdf>
Package pdftex.def Info: TUBraunschweig_RGB_beamer.pdf  used on input line 53.
(pdftex.def)             Requested size: 105.27519pt x 39.10283pt.
File: InA-Logo-rgb.pdf Graphic file (type pdf)
<use InA-Logo-rgb.pdf>
Package pdftex.def Info: InA-Logo-rgb.pdf  used on input line 53.
(pdftex.def)             Requested size: 91.76768pt x 39.53123pt.
LaTeX Font Info:    Font shape `U/msa/m/n' will be
(Font)              scaled to size 11.40997pt on input line 53.
LaTeX Font Info:    Font shape `U/msa/m/n' will be
(Font)              scaled to size 8.33606pt on input line 53.
LaTeX Font Info:    Font shape `U/msa/m/n' will be
(Font)              scaled to size 6.25204pt on input line 53.
LaTeX Font Info:    Font shape `U/msb/m/n' will be
(Font)              scaled to size 11.40997pt on input line 53.
LaTeX Font Info:    Font shape `U/msb/m/n' will be
(Font)              scaled to size 8.33606pt on input line 53.
LaTeX Font Info:    Font shape `U/msb/m/n' will be
(Font)              scaled to size 6.25204pt on input line 53.
LaTeX Font Info:    Font shape `LY1/NexusProSans-lnum/bx/it' in size <10.95> no
t available
(Font)              Font shape `LY1/NexusProSans-lnum/b/it' tried instead on in
put line 53.
LaTeX Font Info:    Font shape `LY1/NexusProSans-lnum/bx/it' in size <8> not av
ailable
(Font)              Font shape `LY1/NexusProSans-lnum/b/it' tried instead on in
put line 53.
LaTeX Font Info:    Font shape `LY1/NexusProSans-lnum/bx/it' in size <6> not av
ailable
(Font)              Font shape `LY1/NexusProSans-lnum/b/it' tried instead on in
put line 53.
 [1

{/home/lucashermann/.texlive2020/texmf-var/fonts/map/pdftex/updmap/pdftex.map

pdfTeX warning: /usr/bin/pdflatex (file /home/lucashermann/.texlive2020/texmf-v
ar/fonts/map/pdftex/updmap/pdftex.map): fontmap entry for `pagd8z' already exis
ts, duplicates ignored


pdfTeX warning: /usr/bin/pdflatex (file /home/lucashermann/.texlive2020/texmf-v
ar/fonts/map/pdftex/updmap/pdftex.map): fontmap entry for `pagdo8z' already exi
sts, duplicates ignored


pdfTeX warning: /usr/bin/pdflatex (file /home/lucashermann/.texlive2020/texmf-v
ar/fonts/map/pdftex/updmap/pdftex.map): fontmap entry for `pagk8z' already exis
ts, duplicates ignored


pdfTeX warning: /usr/bin/pdflatex (file /home/lucashermann/.texlive2020/texmf-v
ar/fonts/map/pdftex/updmap/pdftex.map): fontmap entry for `pagko8z' already exi
sts, duplicates ignored


pdfTeX warning: /usr/bin/pdflatex (file /home/lucashermann/.texlive2020/texmf-v
ar/fonts/map/pdftex/updmap/pdftex.map): fontmap entry for `pbkd8z' already exis
ts, duplicates ignored


pdfTeX warning: /usr/bin/pdflatex (file /home/lucashermann/.texlive2020/texmf-v
ar/fonts/map/pdftex/updmap/pdftex.map): fontmap entry for `pbkdi8z' already exi
sts, duplicates ignored


pdfTeX warning: /usr/bin/pdflatex (file /home/lucashermann/.texlive2020/texmf-v
ar/fonts/map/pdftex/updmap/pdftex.map): fontmap entry for `pbkl8z' already exis
ts, duplicates ignored


pdfTeX warning: /usr/bin/pdflatex (file /home/lucashermann/.texlive2020/texmf-v
ar/fonts/map/pdftex/updmap/pdftex.map): fontmap entry for `pbkli8z' already exi
sts, duplicates ignored


pdfTeX warning: /usr/bin/pdflatex (file /home/lucashermann/.texlive2020/texmf-v
ar/fonts/map/pdftex/updmap/pdftex.map): fontmap entry for `pcrb8u' already exis
ts, duplicates ignored


pdfTeX warning: /usr/bin/pdflatex (file /home/lucashermann/.texlive2020/texmf-v
ar/fonts/map/pdftex/updmap/pdftex.map): fontmap entry for `pcrbo8u' already exi
sts, duplicates ignored


pdfTeX warning: /usr/bin/pdflatex (file /home/lucashermann/.texlive2020/texmf-v
ar/fonts/map/pdftex/updmap/pdftex.map): fontmap entry for `pcrr8u' already exis
ts, duplicates ignored


pdfTeX warning: /usr/bin/pdflatex (file /home/lucashermann/.texlive2020/texmf-v
ar/fonts/map/pdftex/updmap/pdftex.map): fontmap entry for `pcrro8u' already exi
sts, duplicates ignored


pdfTeX warning: /usr/bin/pdflatex (file /home/lucashermann/.texlive2020/texmf-v
ar/fonts/map/pdftex/updmap/pdftex.map): fontmap entry for `phvb8z' already exis
ts, duplicates ignored


pdfTeX warning: /usr/bin/pdflatex (file /home/lucashermann/.texlive2020/texmf-v
ar/fonts/map/pdftex/updmap/pdftex.map): fontmap entry for `phvbn8z' already exi
sts, duplicates ignored


pdfTeX warning: /usr/bin/pdflatex (file /home/lucashermann/.texlive2020/texmf-v
ar/fonts/map/pdftex/updmap/pdftex.map): fontmap entry for `phvbo8z' already exi
sts, duplicates ignored


pdfTeX warning: /usr/bin/pdflatex (file /home/lucashermann/.texlive2020/texmf-v
ar/fonts/map/pdftex/updmap/pdftex.map): fontmap entry for `phvbon8z' already ex
ists, duplicates ignored


pdfTeX warning: /usr/bin/pdflatex (file /home/lucashermann/.texlive2020/texmf-v
ar/fonts/map/pdftex/updmap/pdftex.map): fontmap entry for `phvr8z' already exis
ts, duplicates ignored


pdfTeX warning: /usr/bin/pdflatex (file /home/lucashermann/.texlive2020/texmf-v
ar/fonts/map/pdftex/updmap/pdftex.map): fontmap entry for `phvrn8z' already exi
sts, duplicates ignored


pdfTeX warning: /usr/bin/pdflatex (file /home/lucashermann/.texlive2020/texmf-v
ar/fonts/map/pdftex/updmap/pdftex.map): fontmap entry for `phvro8z' already exi
sts, duplicates ignored


pdfTeX warning: /usr/bin/pdflatex (file /home/lucashermann/.texlive2020/texmf-v
ar/fonts/map/pdftex/updmap/pdftex.map): fontmap entry for `phvron8z' already ex
ists, duplicates ignored


pdfTeX warning: /usr/bin/pdflatex (file /home/lucashermann/.texlive2020/texmf-v
ar/fonts/map/pdftex/updmap/pdftex.map): fontmap entry for `pncb8z' already exis
ts, duplicates ignored


pdfTeX warning: /usr/bin/pdflatex (file /home/lucashermann/.texlive2020/texmf-v
ar/fonts/map/pdftex/updmap/pdftex.map): fontmap entry for `pncbi8z' already exi
sts, duplicates ignored


pdfTeX warning: /usr/bin/pdflatex (file /home/lucashermann/.texlive2020/texmf-v
ar/fonts/map/pdftex/updmap/pdftex.map): fontmap entry for `pncr8z' already exis
ts, duplicates ignored


pdfTeX warning: /usr/bin/pdflatex (file /home/lucashermann/.texlive2020/texmf-v
ar/fonts/map/pdftex/updmap/pdftex.map): fontmap entry for `pncri8z' already exi
sts, duplicates ignored


pdfTeX warning: /usr/bin/pdflatex (file /home/lucashermann/.texlive2020/texmf-v
ar/fonts/map/pdftex/updmap/pdftex.map): fontmap entry for `pplb8z' already exis
ts, duplicates ignored


pdfTeX warning: /usr/bin/pdflatex (file /home/lucashermann/.texlive2020/texmf-v
ar/fonts/map/pdftex/updmap/pdftex.map): fontmap entry for `pplbi8z' already exi
sts, duplicates ignored


pdfTeX warning: /usr/bin/pdflatex (file /home/lucashermann/.texlive2020/texmf-v
ar/fonts/map/pdftex/updmap/pdftex.map): fontmap entry for `pplr8z' already exis
ts, duplicates ignored


pdfTeX warning: /usr/bin/pdflatex (file /home/lucashermann/.texlive2020/texmf-v
ar/fonts/map/pdftex/updmap/pdftex.map): fontmap entry for `pplri8z' already exi
sts, duplicates ignored


pdfTeX warning: /usr/bin/pdflatex (file /home/lucashermann/.texlive2020/texmf-v
ar/fonts/map/pdftex/updmap/pdftex.map): fontmap entry for `ptmb8z' already exis
ts, duplicates ignored


pdfTeX warning: /usr/bin/pdflatex (file /home/lucashermann/.texlive2020/texmf-v
ar/fonts/map/pdftex/updmap/pdftex.map): fontmap entry for `ptmbi8z' already exi
sts, duplicates ignored


pdfTeX warning: /usr/bin/pdflatex (file /home/lucashermann/.texlive2020/texmf-v
ar/fonts/map/pdftex/updmap/pdftex.map): fontmap entry for `ptmr8z' already exis
ts, duplicates ignored


pdfTeX warning: /usr/bin/pdflatex (file /home/lucashermann/.texlive2020/texmf-v
ar/fonts/map/pdftex/updmap/pdftex.map): fontmap entry for `ptmri8z' already exi
sts, duplicates ignored


pdfTeX warning: /usr/bin/pdflatex (file /home/lucashermann/.texlive2020/texmf-v
ar/fonts/map/pdftex/updmap/pdftex.map): fontmap entry for `pzcmi8z' already exi
sts, duplicates ignored


pdfTeX warning: /usr/bin/pdflatex (file /home/lucashermann/.texlive2020/texmf-v
ar/fonts/map/pdftex/updmap/pdftex.map): ambiguous entry for `UniClass[letter]':
 font file present but not included, will be treated as font file not present


pdfTeX warning: /usr/bin/pdflatex (file /home/lucashermann/.texlive2020/texmf-v
ar/fonts/map/pdftex/updmap/pdftex.map): fontmap entry for `phvb8y' already exis
ts, duplicates ignored


pdfTeX warning: /usr/bin/pdflatex (file /home/lucashermann/.texlive2020/texmf-v
ar/fonts/map/pdftex/updmap/pdftex.map): fontmap entry for `phvb8yn' already exi
sts, duplicates ignored


pdfTeX warning: /usr/bin/pdflatex (file /home/lucashermann/.texlive2020/texmf-v
ar/fonts/map/pdftex/updmap/pdftex.map): fontmap entry for `phvbo8y' already exi
sts, duplicates ignored


pdfTeX warning: /usr/bin/pdflatex (file /home/lucashermann/.texlive2020/texmf-v
ar/fonts/map/pdftex/updmap/pdftex.map): fontmap entry for `phvbo8yn' already ex
ists, duplicates ignored


pdfTeX warning: /usr/bin/pdflatex (file /home/lucashermann/.texlive2020/texmf-v
ar/fonts/map/pdftex/updmap/pdftex.map): fontmap entry for `phvr8y' already exis
ts, duplicates ignored


pdfTeX warning: /usr/bin/pdflatex (file /home/lucashermann/.texlive2020/texmf-v
ar/fonts/map/pdftex/updmap/pdftex.map): fontmap entry for `phvr8yn' already exi
sts, duplicates ignored


pdfTeX warning: /usr/bin/pdflatex (file /home/lucashermann/.texlive2020/texmf-v
ar/fonts/map/pdftex/updmap/pdftex.map): fontmap entry for `phvro8y' already exi
sts, duplicates ignored


pdfTeX warning: /usr/bin/pdflatex (file /home/lucashermann/.texlive2020/texmf-v
ar/fonts/map/pdftex/updmap/pdftex.map): fontmap entry for `phvro8yn' already ex
ists, duplicates ignored


pdfTeX warning: /usr/bin/pdflatex (file /home/lucashermann/.texlive2020/texmf-v
ar/fonts/map/pdftex/updmap/pdftex.map): fontmap entry for `rpxpplb' already exi
sts, duplicates ignored


pdfTeX warning: /usr/bin/pdflatex (file /home/lucashermann/.texlive2020/texmf-v
ar/fonts/map/pdftex/updmap/pdftex.map): fontmap entry for `rpxpplbi' already ex
ists, duplicates ignored


pdfTeX warning: /usr/bin/pdflatex (file /home/lucashermann/.texlive2020/texmf-v
ar/fonts/map/pdftex/updmap/pdftex.map): invalid entry for `rpxpplbo': SlantFont
/ExtendFont can be used only with embedded Type1 fonts


pdfTeX warning: /usr/bin/pdflatex (file /home/lucashermann/.texlive2020/texmf-v
ar/fonts/map/pdftex/updmap/pdftex.map): fontmap entry for `rpxpplr' already exi
sts, duplicates ignored


pdfTeX warning: /usr/bin/pdflatex (file /home/lucashermann/.texlive2020/texmf-v
ar/fonts/map/pdftex/updmap/pdftex.map): fontmap entry for `rpxpplri' already ex
ists, duplicates ignored


pdfTeX warning: /usr/bin/pdflatex (file /home/lucashermann/.texlive2020/texmf-v
ar/fonts/map/pdftex/updmap/pdftex.map): invalid entry for `rpxpplro': SlantFont
/ExtendFont can be used only with embedded Type1 fonts


pdfTeX warning: /usr/bin/pdflatex (file /home/lucashermann/.texlive2020/texmf-v
ar/fonts/map/pdftex/updmap/pdftex.map): ambiguous entry for `rtcxbsl': font fil
e present but not included, will be treated as font file not present


pdfTeX warning: /usr/bin/pdflatex (file /home/lucashermann/.texlive2020/texmf-v
ar/fonts/map/pdftex/updmap/pdftex.map): ambiguous entry for `rtcxbsso': font fi
le present but not included, will be treated as font file not present


pdfTeX warning: /usr/bin/pdflatex (file /home/lucashermann/.texlive2020/texmf-v
ar/fonts/map/pdftex/updmap/pdftex.map): ambiguous entry for `rtcxsl': font file
 present but not included, will be treated as font file not present


pdfTeX warning: /usr/bin/pdflatex (file /home/lucashermann/.texlive2020/texmf-v
ar/fonts/map/pdftex/updmap/pdftex.map): ambiguous entry for `rtcxsssl': font fi
le present but not included, will be treated as font file not present


pdfTeX warning: /usr/bin/pdflatex (file /home/lucashermann/.texlive2020/texmf-v
ar/fonts/map/pdftex/updmap/pdftex.map): ambiguous entry for `rtxbsl': font file
 present but not included, will be treated as font file not present


pdfTeX warning: /usr/bin/pdflatex (file /home/lucashermann/.texlive2020/texmf-v
ar/fonts/map/pdftex/updmap/pdftex.map): ambiguous entry for `rtxbsssl': font fi
le present but not included, will be treated as font file not present


pdfTeX warning: /usr/bin/pdflatex (file /home/lucashermann/.texlive2020/texmf-v
ar/fonts/map/pdftex/updmap/pdftex.map): ambiguous entry for `rtxphvb': font fil
e present but not included, will be treated as font file not present


pdfTeX warning: /usr/bin/pdflatex (file /home/lucashermann/.texlive2020/texmf-v
ar/fonts/map/pdftex/updmap/pdftex.map): fontmap entry for `rtxphvb' already exi
sts, duplicates ignored


pdfTeX warning: /usr/bin/pdflatex (file /home/lucashermann/.texlive2020/texmf-v
ar/fonts/map/pdftex/updmap/pdftex.map): ambiguous entry for `rtxphvbo': font fi
le present but not included, will be treated as font file not present


pdfTeX warning: /usr/bin/pdflatex (file /home/lucashermann/.texlive2020/texmf-v
ar/fonts/map/pdftex/updmap/pdftex.map): fontmap entry for `rtxphvbo' already ex
ists, duplicates ignored


pdfTeX warning: /usr/bin/pdflatex (file /home/lucashermann/.texlive2020/texmf-v
ar/fonts/map/pdftex/updmap/pdftex.map): ambiguous entry for `rtxphvr': font fil
e present but not included, will be treated as font file not present


pdfTeX warning: /usr/bin/pdflatex (file /home/lucashermann/.texlive2020/texmf-v
ar/fonts/map/pdftex/updmap/pdftex.map): fontmap entry for `rtxphvr' already exi
sts, duplicates ignored


pdfTeX warning: /usr/bin/pdflatex (file /home/lucashermann/.texlive2020/texmf-v
ar/fonts/map/pdftex/updmap/pdftex.map): ambiguous entry for `rtxphvro': font fi
le present but not included, will be treated as font file not present


pdfTeX warning: /usr/bin/pdflatex (file /home/lucashermann/.texlive2020/texmf-v
ar/fonts/map/pdftex/updmap/pdftex.map): fontmap entry for `rtxphvro' already ex
ists, duplicates ignored


pdfTeX warning: /usr/bin/pdflatex (file /home/lucashermann/.texlive2020/texmf-v
ar/fonts/map/pdftex/updmap/pdftex.map): ambiguous entry for `rtxptmb': font fil
e present but not included, will be treated as font file not present


pdfTeX warning: /usr/bin/pdflatex (file /home/lucashermann/.texlive2020/texmf-v
ar/fonts/map/pdftex/updmap/pdftex.map): fontmap entry for `rtxptmb' already exi
sts, duplicates ignored


pdfTeX warning: /usr/bin/pdflatex (file /home/lucashermann/.texlive2020/texmf-v
ar/fonts/map/pdftex/updmap/pdftex.map): ambiguous entry for `rtxptmbi': font fi
le present but not included, will be treated as font file not present


pdfTeX warning: /usr/bin/pdflatex (file /home/lucashermann/.texlive2020/texmf-v
ar/fonts/map/pdftex/updmap/pdftex.map): fontmap entry for `rtxptmbi' already ex
ists, duplicates ignored


pdfTeX warning: /usr/bin/pdflatex (file /home/lucashermann/.texlive2020/texmf-v
ar/fonts/map/pdftex/updmap/pdftex.map): ambiguous entry for `rtxptmbo': font fi
le present but not included, will be treated as font file not present


pdfTeX warning: /usr/bin/pdflatex (file /home/lucashermann/.texlive2020/texmf-v
ar/fonts/map/pdftex/updmap/pdftex.map): fontmap entry for `rtxptmbo' already ex
ists, duplicates ignored


pdfTeX warning: /usr/bin/pdflatex (file /home/lucashermann/.texlive2020/texmf-v
ar/fonts/map/pdftex/updmap/pdftex.map): ambiguous entry for `rtxptmr': font fil
e present but not included, will be treated as font file not present


pdfTeX warning: /usr/bin/pdflatex (file /home/lucashermann/.texlive2020/texmf-v
ar/fonts/map/pdftex/updmap/pdftex.map): fontmap entry for `rtxptmr' already exi
sts, duplicates ignored


pdfTeX warning: /usr/bin/pdflatex (file /home/lucashermann/.texlive2020/texmf-v
ar/fonts/map/pdftex/updmap/pdftex.map): ambiguous entry for `rtxptmri': font fi
le present but not included, will be treated as font file not present


pdfTeX warning: /usr/bin/pdflatex (file /home/lucashermann/.texlive2020/texmf-v
ar/fonts/map/pdftex/updmap/pdftex.map): fontmap entry for `rtxptmri' already ex
ists, duplicates ignored


pdfTeX warning: /usr/bin/pdflatex (file /home/lucashermann/.texlive2020/texmf-v
ar/fonts/map/pdftex/updmap/pdftex.map): ambiguous entry for `rtxptmro': font fi
le present but not included, will be treated as font file not present


pdfTeX warning: /usr/bin/pdflatex (file /home/lucashermann/.texlive2020/texmf-v
ar/fonts/map/pdftex/updmap/pdftex.map): fontmap entry for `rtxptmro' already ex
ists, duplicates ignored


pdfTeX warning: /usr/bin/pdflatex (file /home/lucashermann/.texlive2020/texmf-v
ar/fonts/map/pdftex/updmap/pdftex.map): ambiguous entry for `rtxsl': font file 
present but not included, will be treated as font file not present


pdfTeX warning: /usr/bin/pdflatex (file /home/lucashermann/.texlive2020/texmf-v
ar/fonts/map/pdftex/updmap/pdftex.map): ambiguous entry for `rtxsssl': font fil
e present but not included, will be treated as font file not present


pdfTeX warning: /usr/bin/pdflatex (file /home/lucashermann/.texlive2020/texmf-v
ar/fonts/map/pdftex/updmap/pdftex.map): ambiguous entry for `t1xbttsl': font fi
le present but not included, will be treated as font file not present


pdfTeX warning: /usr/bin/pdflatex (file /home/lucashermann/.texlive2020/texmf-v
ar/fonts/map/pdftex/updmap/pdftex.map): ambiguous entry for `t1xttsl': font fil
e present but not included, will be treated as font file not present


pdfTeX warning: /usr/bin/pdflatex (file /home/lucashermann/.texlive2020/texmf-v
ar/fonts/map/pdftex/updmap/pdftex.map): ambiguous entry for `tcxbttsl': font fi
le present but not included, will be treated as font file not present


pdfTeX warning: /usr/bin/pdflatex (file /home/lucashermann/.texlive2020/texmf-v
ar/fonts/map/pdftex/updmap/pdftex.map): ambiguous entry for `tcxttsl': font fil
e present but not included, will be treated as font file not present


pdfTeX warning: /usr/bin/pdflatex (file /home/lucashermann/.texlive2020/texmf-v
ar/fonts/map/pdftex/updmap/pdftex.map): ambiguous entry for `txbttsl': font fil
e present but not included, will be treated as font file not present


pdfTeX warning: /usr/bin/pdflatex (file /home/lucashermann/.texlive2020/texmf-v
ar/fonts/map/pdftex/updmap/pdftex.map): ambiguous entry for `txttsl': font file
 present but not included, will be treated as font file not present
} <./titlepicture.png> </home/lucashermann/texmf/tex/latex/tubs/logos/TUBraunsc
hweig_RGB_beamer.pdf> <./InA-Logo-rgb.pdf

pdfTeX warning: /usr/bin/pdflatex (file ./InA-Logo-rgb.pdf): PDF inclusion: mul
tiple pdfs with page group included in a single page
>] (./beamer_example.toc) (./beamer_example.toc) (./beamer_example.toc)
LaTeX Font Info:    Font shape `U/msa/m/n' will be
(Font)              scaled to size 15.0049pt on input line 60.
LaTeX Font Info:    Font shape `U/msa/m/n' will be
(Font)              scaled to size 10.42007pt on input line 60.
LaTeX Font Info:    Font shape `U/msb/m/n' will be
(Font)              scaled to size 15.0049pt on input line 60.
LaTeX Font Info:    Font shape `U/msb/m/n' will be
(Font)              scaled to size 10.42007pt on input line 60.
LaTeX Font Info:    Font shape `LY1/NexusProSans-lnum/bx/it' in size <14.4> not
 available
(Font)              Font shape `LY1/NexusProSans-lnum/b/it' tried instead on in
put line 60.
LaTeX Font Info:    Font shape `LY1/NexusProSans-lnum/bx/it' in size <10> not a
vailable
(Font)              Font shape `LY1/NexusProSans-lnum/b/it' tried instead on in
put line 60.
\beamer@CDlogowidth=\dimen302
\beamer@CDlogoheight=\dimen303
\@footline@textwidth=\dimen304
File: TUBraunschweig_RGB_beamer.pdf Graphic file (type pdf)
<use TUBraunschweig_RGB_beamer.pdf>
Package pdftex.def Info: TUBraunschweig_RGB_beamer.pdf  used on input line 60.
(pdftex.def)             Requested size: 70.27829pt x 26.10355pt.
File: InA-Logo-rgb.pdf Graphic file (type pdf)
<use InA-Logo-rgb.pdf>
Package pdftex.def Info: InA-Logo-rgb.pdf  used on input line 60.
(pdftex.def)             Requested size: 48.05165pt x 20.69946pt.

[2

] [3

]
<intro.pdf, id=112, 254.25488pt x 76.72865pt>
File: intro.pdf Graphic file (type pdf)
<use intro.pdf>
Package pdftex.def Info: intro.pdf  used on input line 92.
(pdftex.def)             Requested size: 254.25426pt x 76.72845pt.
\beamer@CDlogowidth=\dimen305
\beamer@CDlogoheight=\dimen306
\@footline@textwidth=\dimen307
File: TUBraunschweig_RGB_beamer.pdf Graphic file (type pdf)
<use TUBraunschweig_RGB_beamer.pdf>
Package pdftex.def Info: TUBraunschweig_RGB_beamer.pdf  used on input line 92.
(pdftex.def)             Requested size: 70.27829pt x 26.10355pt.
File: InA-Logo-rgb.pdf Graphic file (type pdf)
<use InA-Logo-rgb.pdf>
Package pdftex.def Info: InA-Logo-rgb.pdf  used on input line 92.
(pdftex.def)             Requested size: 48.05165pt x 20.69946pt.
 [4

 <./intro.pdf>]
\beamer@CDlogowidth=\dimen308
\beamer@CDlogoheight=\dimen309
\@footline@textwidth=\dimen310
File: TUBraunschweig_RGB_beamer.pdf Graphic file (type pdf)
<use TUBraunschweig_RGB_beamer.pdf>
Package pdftex.def Info: TUBraunschweig_RGB_beamer.pdf  used on input line 104.

(pdftex.def)             Requested size: 70.27829pt x 26.10355pt.
File: InA-Logo-rgb.pdf Graphic file (type pdf)
<use InA-Logo-rgb.pdf>
Package pdftex.def Info: InA-Logo-rgb.pdf  used on input line 104.
(pdftex.def)             Requested size: 48.05165pt x 20.69946pt.
 [5

] [6

]
\beamer@CDlogowidth=\dimen311
\beamer@CDlogoheight=\dimen312
\@footline@textwidth=\dimen313
File: TUBraunschweig_RGB_beamer.pdf Graphic file (type pdf)
<use TUBraunschweig_RGB_beamer.pdf>
Package pdftex.def Info: TUBraunschweig_RGB_beamer.pdf  used on input line 134.

(pdftex.def)             Requested size: 70.27829pt x 26.10355pt.
File: InA-Logo-rgb.pdf Graphic file (type pdf)
<use InA-Logo-rgb.pdf>
Package pdftex.def Info: InA-Logo-rgb.pdf  used on input line 134.
(pdftex.def)             Requested size: 48.05165pt x 20.69946pt.
 [7

]
<sqexp_f_sampled.pdf, id=161, 389.32858pt x 268.985pt>
File: sqexp_f_sampled.pdf Graphic file (type pdf)
<use sqexp_f_sampled.pdf>
Package pdftex.def Info: sqexp_f_sampled.pdf  used on input line 149.
(pdftex.def)             Requested size: 194.61897pt x 134.46342pt.

Overfull \vbox (20.21562pt too high) detected at line 149
 []

\beamer@CDlogowidth=\dimen314
\beamer@CDlogoheight=\dimen315
\@footline@textwidth=\dimen316
File: TUBraunschweig_RGB_beamer.pdf Graphic file (type pdf)
<use TUBraunschweig_RGB_beamer.pdf>
Package pdftex.def Info: TUBraunschweig_RGB_beamer.pdf  used on input line 149.

(pdftex.def)             Requested size: 70.27829pt x 26.10355pt.
File: InA-Logo-rgb.pdf Graphic file (type pdf)
<use InA-Logo-rgb.pdf>
Package pdftex.def Info: InA-Logo-rgb.pdf  used on input line 149.
(pdftex.def)             Requested size: 48.05165pt x 20.69946pt.
[8

 <./sqexp_f_sampled.pdf>]
\beamer@CDlogowidth=\dimen317
\beamer@CDlogoheight=\dimen318
\@footline@textwidth=\dimen319
File: TUBraunschweig_RGB_beamer.pdf Graphic file (type pdf)
<use TUBraunschweig_RGB_beamer.pdf>
Package pdftex.def Info: TUBraunschweig_RGB_beamer.pdf  used on input line 161.

(pdftex.def)             Requested size: 70.27829pt x 26.10355pt.
File: InA-Logo-rgb.pdf Graphic file (type pdf)
<use InA-Logo-rgb.pdf>
Package pdftex.def Info: InA-Logo-rgb.pdf  used on input line 161.
(pdftex.def)             Requested size: 48.05165pt x 20.69946pt.
 [9

]
\beamer@CDlogowidth=\dimen320
\beamer@CDlogoheight=\dimen321
\@footline@textwidth=\dimen322
File: TUBraunschweig_RGB_beamer.pdf Graphic file (type pdf)
<use TUBraunschweig_RGB_beamer.pdf>
Package pdftex.def Info: TUBraunschweig_RGB_beamer.pdf  used on input line 174.

(pdftex.def)             Requested size: 70.27829pt x 26.10355pt.
File: InA-Logo-rgb.pdf Graphic file (type pdf)
<use InA-Logo-rgb.pdf>
Package pdftex.def Info: InA-Logo-rgb.pdf  used on input line 174.
(pdftex.def)             Requested size: 48.05165pt x 20.69946pt.
 [10

]
\beamer@CDlogowidth=\dimen323
\beamer@CDlogoheight=\dimen324
\@footline@textwidth=\dimen325
File: TUBraunschweig_RGB_beamer.pdf Graphic file (type pdf)
<use TUBraunschweig_RGB_beamer.pdf>
Package pdftex.def Info: TUBraunschweig_RGB_beamer.pdf  used on input line 192.

(pdftex.def)             Requested size: 70.27829pt x 26.10355pt.
File: InA-Logo-rgb.pdf Graphic file (type pdf)
<use InA-Logo-rgb.pdf>
Package pdftex.def Info: InA-Logo-rgb.pdf  used on input line 192.
(pdftex.def)             Requested size: 48.05165pt x 20.69946pt.
 [11

] [12

]
LaTeX Font Info:    Trying to load font information for LY1+NexusProSerif-lnum 
on input line 218.

(/home/lucashermann/texmf/tex/latex/tubs/LY1NexusProSerif-lnum.fd
File: LY1NexusProSerif-lnum.fd Fontshop NexusProSerif-lnum font definitions
)
<1dDomain.pdf, id=224, 230.42686pt x 66.40509pt>
File: 1dDomain.pdf Graphic file (type pdf)
<use 1dDomain.pdf>
Package pdftex.def Info: 1dDomain.pdf  used on input line 218.
(pdftex.def)             Requested size: 194.61897pt x 56.08688pt.
\beamer@CDlogowidth=\dimen326
\beamer@CDlogoheight=\dimen327
\@footline@textwidth=\dimen328
File: TUBraunschweig_RGB_beamer.pdf Graphic file (type pdf)
<use TUBraunschweig_RGB_beamer.pdf>
Package pdftex.def Info: TUBraunschweig_RGB_beamer.pdf  used on input line 218.

(pdftex.def)             Requested size: 70.27829pt x 26.10355pt.
File: InA-Logo-rgb.pdf Graphic file (type pdf)
<use InA-Logo-rgb.pdf>
Package pdftex.def Info: InA-Logo-rgb.pdf  used on input line 218.
(pdftex.def)             Requested size: 48.05165pt x 20.69946pt.
 [13

 <./1dDomain.pdf>]
<1DFEMprior.pdf, id=253, 394.60638pt x 265.86464pt>
File: 1DFEMprior.pdf Graphic file (type pdf)
<use 1DFEMprior.pdf>
Package pdftex.def Info: 1DFEMprior.pdf  used on input line 230.
(pdftex.def)             Requested size: 227.05219pt x 152.97644pt.

Overfull \vbox (3.32388pt too high) detected at line 230
 []

\beamer@CDlogowidth=\dimen329
\beamer@CDlogoheight=\dimen330
\@footline@textwidth=\dimen331
File: TUBraunschweig_RGB_beamer.pdf Graphic file (type pdf)
<use TUBraunschweig_RGB_beamer.pdf>
Package pdftex.def Info: TUBraunschweig_RGB_beamer.pdf  used on input line 230.

(pdftex.def)             Requested size: 70.27829pt x 26.10355pt.
File: InA-Logo-rgb.pdf Graphic file (type pdf)
<use InA-Logo-rgb.pdf>
Package pdftex.def Info: InA-Logo-rgb.pdf  used on input line 230.
(pdftex.def)             Requested size: 48.05165pt x 20.69946pt.
[14

 <./1DFEMprior.pdf>]
<1DPost_1P1O.pdf, id=280, 394.60638pt x 265.86464pt>
File: 1DPost_1P1O.pdf Graphic file (type pdf)
<use 1DPost_1P1O.pdf>
Package pdftex.def Info: 1DPost_1P1O.pdf  used on input line 242.
(pdftex.def)             Requested size: 227.05219pt x 152.97644pt.
\beamer@CDlogowidth=\dimen332
\beamer@CDlogoheight=\dimen333
\@footline@textwidth=\dimen334
File: TUBraunschweig_RGB_beamer.pdf Graphic file (type pdf)
<use TUBraunschweig_RGB_beamer.pdf>
Package pdftex.def Info: TUBraunschweig_RGB_beamer.pdf  used on input line 242.

(pdftex.def)             Requested size: 70.27829pt x 26.10355pt.
File: InA-Logo-rgb.pdf Graphic file (type pdf)
<use InA-Logo-rgb.pdf>
Package pdftex.def Info: InA-Logo-rgb.pdf  used on input line 242.
(pdftex.def)             Requested size: 48.05165pt x 20.69946pt.
 [15

 <./1DPost_1P1O.pdf>]
<1DPost_4P1O.pdf, id=306, 394.60638pt x 265.86464pt>
File: 1DPost_4P1O.pdf Graphic file (type pdf)
<use 1DPost_4P1O.pdf>
Package pdftex.def Info: 1DPost_4P1O.pdf  used on input line 253.
(pdftex.def)             Requested size: 227.05219pt x 152.97644pt.
\beamer@CDlogowidth=\dimen335
\beamer@CDlogoheight=\dimen336
\@footline@textwidth=\dimen337
File: TUBraunschweig_RGB_beamer.pdf Graphic file (type pdf)
<use TUBraunschweig_RGB_beamer.pdf>
Package pdftex.def Info: TUBraunschweig_RGB_beamer.pdf  used on input line 253.

(pdftex.def)             Requested size: 70.27829pt x 26.10355pt.
File: InA-Logo-rgb.pdf Graphic file (type pdf)
<use InA-Logo-rgb.pdf>
Package pdftex.def Info: InA-Logo-rgb.pdf  used on input line 253.
(pdftex.def)             Requested size: 48.05165pt x 20.69946pt.
 [16

 <./1DPost_4P1O.pdf>]
<1DPost_4P20O.pdf, id=332, 394.60638pt x 265.86464pt>
File: 1DPost_4P20O.pdf Graphic file (type pdf)
<use 1DPost_4P20O.pdf>
Package pdftex.def Info: 1DPost_4P20O.pdf  used on input line 263.
(pdftex.def)             Requested size: 227.05219pt x 152.97644pt.
\beamer@CDlogowidth=\dimen338
\beamer@CDlogoheight=\dimen339
\@footline@textwidth=\dimen340
File: TUBraunschweig_RGB_beamer.pdf Graphic file (type pdf)
<use TUBraunschweig_RGB_beamer.pdf>
Package pdftex.def Info: TUBraunschweig_RGB_beamer.pdf  used on input line 263.

(pdftex.def)             Requested size: 70.27829pt x 26.10355pt.
File: InA-Logo-rgb.pdf Graphic file (type pdf)
<use InA-Logo-rgb.pdf>
Package pdftex.def Info: InA-Logo-rgb.pdf  used on input line 263.
(pdftex.def)             Requested size: 48.05165pt x 20.69946pt.

[17

 <./1DPost_4P20O.pdf>]
<1DPost_RightSide.pdf, id=377, 394.60638pt x 265.86464pt>
File: 1DPost_RightSide.pdf Graphic file (type pdf)
<use 1DPost_RightSide.pdf>
Package pdftex.def Info: 1DPost_RightSide.pdf  used on input line 273.
(pdftex.def)             Requested size: 227.05219pt x 152.97644pt.
\beamer@CDlogowidth=\dimen341
\beamer@CDlogoheight=\dimen342
\@footline@textwidth=\dimen343
File: TUBraunschweig_RGB_beamer.pdf Graphic file (type pdf)
<use TUBraunschweig_RGB_beamer.pdf>
Package pdftex.def Info: TUBraunschweig_RGB_beamer.pdf  used on input line 273.

(pdftex.def)             Requested size: 70.27829pt x 26.10355pt.
File: InA-Logo-rgb.pdf Graphic file (type pdf)
<use InA-Logo-rgb.pdf>
Package pdftex.def Info: InA-Logo-rgb.pdf  used on input line 273.
(pdftex.def)             Requested size: 48.05165pt x 20.69946pt.
 [18

 <./1DPost_RightSide.pdf>]
<BCsThesis1.pdf, id=405, 123.52951pt x 116.0345pt>
File: BCsThesis1.pdf Graphic file (type pdf)
<use BCsThesis1.pdf>
Package pdftex.def Info: BCsThesis1.pdf  used on input line 301.
(pdftex.def)             Requested size: 129.74515pt x 121.88585pt.

Overfull \vbox (19.72607pt too high) detected at line 301
 []

\beamer@CDlogowidth=\dimen344
\beamer@CDlogoheight=\dimen345
\@footline@textwidth=\dimen346
File: TUBraunschweig_RGB_beamer.pdf Graphic file (type pdf)
<use TUBraunschweig_RGB_beamer.pdf>
Package pdftex.def Info: TUBraunschweig_RGB_beamer.pdf  used on input line 301.

(pdftex.def)             Requested size: 70.27829pt x 26.10355pt.
File: InA-Logo-rgb.pdf Graphic file (type pdf)
<use InA-Logo-rgb.pdf>
Package pdftex.def Info: InA-Logo-rgb.pdf  used on input line 301.
(pdftex.def)             Requested size: 48.05165pt x 20.69946pt.
[19

 <./BCsThesis1.pdf>]
<2DFEMprior.pdf, id=435, 381.89769pt x 281.85298pt>
File: 2DFEMprior.pdf Graphic file (type pdf)
<use 2DFEMprior.pdf>
Package pdftex.def Info: 2DFEMprior.pdf  used on input line 313.
(pdftex.def)             Requested size: 227.05219pt x 167.57343pt.

Overfull \vbox (17.92087pt too high) detected at line 313
 []

\beamer@CDlogowidth=\dimen347
\beamer@CDlogoheight=\dimen348
\@footline@textwidth=\dimen349
File: TUBraunschweig_RGB_beamer.pdf Graphic file (type pdf)
<use TUBraunschweig_RGB_beamer.pdf>
Package pdftex.def Info: TUBraunschweig_RGB_beamer.pdf  used on input line 313.

(pdftex.def)             Requested size: 70.27829pt x 26.10355pt.
File: InA-Logo-rgb.pdf Graphic file (type pdf)
<use InA-Logo-rgb.pdf>
Package pdftex.def Info: InA-Logo-rgb.pdf  used on input line 313.
(pdftex.def)             Requested size: 48.05165pt x 20.69946pt.
[20

 <./2DFEMprior.pdf>]
<VarField_Posterior.pdf, id=473, 398.20914pt x 304.8747pt>
File: VarField_Posterior.pdf Graphic file (type pdf)
<use VarField_Posterior.pdf>
Package pdftex.def Info: VarField_Posterior.pdf  used on input line 324.
(pdftex.def)             Requested size: 227.05219pt x 173.8362pt.

Overfull \vbox (21.58302pt too high) detected at line 324
 []

\beamer@CDlogowidth=\dimen350
\beamer@CDlogoheight=\dimen351
\@footline@textwidth=\dimen352
File: TUBraunschweig_RGB_beamer.pdf Graphic file (type pdf)
<use TUBraunschweig_RGB_beamer.pdf>
Package pdftex.def Info: TUBraunschweig_RGB_beamer.pdf  used on input line 324.

(pdftex.def)             Requested size: 70.27829pt x 26.10355pt.
File: InA-Logo-rgb.pdf Graphic file (type pdf)
<use InA-Logo-rgb.pdf>
Package pdftex.def Info: InA-Logo-rgb.pdf  used on input line 324.
(pdftex.def)             Requested size: 48.05165pt x 20.69946pt.
[21

 <./VarField_Posterior.pdf>]
<SolutionCustomPosterior1P1O.pdf, id=508, 381.89769pt x 281.85298pt>
File: SolutionCustomPosterior1P1O.pdf Graphic file (type pdf)
<use SolutionCustomPosterior1P1O.pdf>
Package pdftex.def Info: SolutionCustomPosterior1P1O.pdf  used on input line 33
5.
(pdftex.def)             Requested size: 227.05219pt x 167.57343pt.

Overfull \vbox (17.92087pt too high) detected at line 335
 []

\beamer@CDlogowidth=\dimen353
\beamer@CDlogoheight=\dimen354
\@footline@textwidth=\dimen355
File: TUBraunschweig_RGB_beamer.pdf Graphic file (type pdf)
<use TUBraunschweig_RGB_beamer.pdf>
Package pdftex.def Info: TUBraunschweig_RGB_beamer.pdf  used on input line 335.

(pdftex.def)             Requested size: 70.27829pt x 26.10355pt.
File: InA-Logo-rgb.pdf Graphic file (type pdf)
<use InA-Logo-rgb.pdf>
Package pdftex.def Info: InA-Logo-rgb.pdf  used on input line 335.
(pdftex.def)             Requested size: 48.05165pt x 20.69946pt.
[22

 <./SolutionCustomPosterior1P1O.pdf>]
<SolutionCustomPosterior4P50O.pdf, id=544, 376.89767pt x 281.85298pt>
File: SolutionCustomPosterior4P50O.pdf Graphic file (type pdf)
<use SolutionCustomPosterior4P50O.pdf>
Package pdftex.def Info: SolutionCustomPosterior4P50O.pdf  used on input line 3
45.
(pdftex.def)             Requested size: 227.05219pt x 169.7969pt.

Overfull \vbox (20.14435pt too high) detected at line 345
 []

\beamer@CDlogowidth=\dimen356
\beamer@CDlogoheight=\dimen357
\@footline@textwidth=\dimen358
File: TUBraunschweig_RGB_beamer.pdf Graphic file (type pdf)
<use TUBraunschweig_RGB_beamer.pdf>
Package pdftex.def Info: TUBraunschweig_RGB_beamer.pdf  used on input line 345.

(pdftex.def)             Requested size: 70.27829pt x 26.10355pt.
File: InA-Logo-rgb.pdf Graphic file (type pdf)
<use InA-Logo-rgb.pdf>
Package pdftex.def Info: InA-Logo-rgb.pdf  used on input line 345.
(pdftex.def)             Requested size: 48.05165pt x 20.69946pt.
[23

 <./SolutionCustomPosterior4P50O.pdf>] [24

]
\beamer@CDlogowidth=\dimen359
\beamer@CDlogoheight=\dimen360
\@footline@textwidth=\dimen361
File: TUBraunschweig_RGB_beamer.pdf Graphic file (type pdf)
<use TUBraunschweig_RGB_beamer.pdf>
Package pdftex.def Info: TUBraunschweig_RGB_beamer.pdf  used on input line 370.

(pdftex.def)             Requested size: 70.27829pt x 26.10355pt.
File: InA-Logo-rgb.pdf Graphic file (type pdf)
<use InA-Logo-rgb.pdf>
Package pdftex.def Info: InA-Logo-rgb.pdf  used on input line 370.
(pdftex.def)             Requested size: 48.05165pt x 20.69946pt.
 [25

]
<timeline.pdf, id=594, 322.09737pt x 108.70111pt>
File: timeline.pdf Graphic file (type pdf)
<use timeline.pdf>
Package pdftex.def Info: timeline.pdf  used on input line 382.
(pdftex.def)             Requested size: 324.36168pt x 109.46547pt.
\beamer@CDlogowidth=\dimen362
\beamer@CDlogoheight=\dimen363
\@footline@textwidth=\dimen364
File: TUBraunschweig_RGB_beamer.pdf Graphic file (type pdf)
<use TUBraunschweig_RGB_beamer.pdf>
Package pdftex.def Info: TUBraunschweig_RGB_beamer.pdf  used on input line 382.

(pdftex.def)             Requested size: 70.27829pt x 26.10355pt.
File: InA-Logo-rgb.pdf Graphic file (type pdf)
<use InA-Logo-rgb.pdf>
Package pdftex.def Info: InA-Logo-rgb.pdf  used on input line 382.
(pdftex.def)             Requested size: 48.05165pt x 20.69946pt.
 [26

 <./timeline.pdf>]
\tf@nav=\write6
\openout6 = `beamer_example.nav'.

\tf@toc=\write7
\openout7 = `beamer_example.toc'.

\tf@snm=\write8
\openout8 = `beamer_example.snm'.

Package atveryend Info: Empty hook `BeforeClearDocument' on input line 387.
Package atveryend Info: Empty hook `AfterLastShipout' on input line 387.

(./beamer_example.aux)
Package atveryend Info: Executing hook `AtVeryEndDocument' on input line 387.
Package atveryend Info: Executing hook `AtEndAfterFileList' on input line 387.


Package rerunfilecheck Warning: File `beamer_example.out' has changed.
(rerunfilecheck)                Rerun to get outlines right
(rerunfilecheck)                or use package `bookmark'.

Package rerunfilecheck Info: Checksums for `beamer_example.out':
(rerunfilecheck)             Before: 46EBC386F6A2B9AA3A48B94C2E5F5E32;451
(rerunfilecheck)             After:  97ECC74193607AFA7B14EE9EF42E9F13;450.

LaTeX Font Warning: Size substitutions with differences
(Font)              up to 2.0pt have occurred.


LaTeX Font Warning: Some font shapes were not available, defaults substituted.

 ) 
Here is how much of TeX's memory you used:
 21843 strings out of 480623
 409988 string characters out of 5906692
 671800 words of memory out of 5000000
 37056 multiletter control sequences out of 15000+600000
 745929 words of font info for 173 fonts, out of 8000000 for 9000
 1137 hyphenation exceptions out of 8191
 58i,20n,88p,781b,855s stack positions out of 5000i,500n,10000p,200000b,80000s
{/home/lucashermann/texmf/fonts/enc/dvips/Fontshop/a_3cgipr.enc}{/home/lucash
ermann/texmf/fonts/enc/dvips/Fontshop/a_cbf6z5.enc}{/usr/share/texlive/texmf-di
st/fonts/enc/dvips/base/8r.enc}</home/lucashermann/texmf/fonts/type1/Nexus/Nexu
sSansPro-Bold.pfb></home/lucashermann/texmf/fonts/type1/Nexus/NexusSansPro-Bold
Italic.pfb></home/lucashermann/texmf/fonts/type1/Nexus/NexusSansPro-Italic.pfb>
</home/lucashermann/texmf/fonts/type1/Nexus/NexusSansPro-Regular.pfb></home/luc
ashermann/texmf/fonts/type1/Nexus/NexusSerifPro-Regular.pfb></usr/share/texlive
/texmf-dist/fonts/type1/public/amsfonts/cm/cmex10.pfb></usr/share/texlive/texmf
-dist/fonts/type1/public/amsfonts/cm/cmmi10.pfb></usr/share/texlive/texmf-dist/
fonts/type1/public/amsfonts/cm/cmmi7.pfb></usr/share/texlive/texmf-dist/fonts/t
ype1/public/amsfonts/cm/cmr10.pfb></usr/share/texlive/texmf-dist/fonts/type1/pu
blic/amsfonts/cm/cmr7.pfb></usr/share/texlive/texmf-dist/fonts/type1/public/ams
fonts/cm/cmss10.pfb></usr/share/texlive/texmf-dist/fonts/type1/public/amsfonts/
cm/cmsy10.pfb></usr/share/texlive/texmf-dist/fonts/type1/public/mathpazo/fplmr.
pfb></usr/share/texlive/texmf-dist/fonts/type1/public/mathpazo/fplmri.pfb></usr
/share/texlive/texmf-dist/fonts/type1/urw/palatino/uplr8a.pfb>
Output written on beamer_example.pdf (26 pages, 786566 bytes).
PDF statistics:
 667 PDF objects out of 1000 (max. 8388607)
 536 compressed objects within 6 object streams
 72 named destinations out of 1000 (max. 500000)
 212 words of extra memory for PDF output out of 10000 (max. 10000000)

