This is pdfTeX, Version 3.14159265-2.6-1.40.21 (TeX Live 2020) (preloaded format=pdflatex 2021.1.28)  15 APR 2021 13:12
entering extended mode
 restricted \write18 enabled.
 %&-line parsing enabled.
**2099_StA_Name_Deckblatt_v2.tex
(./2099_StA_Name_Deckblatt_v2.tex
LaTeX2e <2020-02-02> patch level 5
L3 programming layer <2020-04-06>
(/home/lucashermann/texmf/tex/latex/tubs/tubsartcl.cls
(/usr/share/texlive/texmf-dist/tex/latex/base/ifthen.sty
Package: ifthen 2014/09/29 v1.1c Standard LaTeX ifthen package (DPC)
)
(/usr/share/texlive/texmf-dist/tex/latex/koma-script/scrlfile.sty
Package: scrlfile 2020/04/19 v3.30 KOMA-Script package (loading files)
)
(/usr/share/texlive/texmf-dist/tex/latex/etoolbox/etoolbox.sty
Package: etoolbox 2019/09/21 v2.5h e-TeX tools for LaTeX (JAW)
\etb@tempcnta=\count167
)
Document Class: tubsartcl 2020/11/30 v1.3.4-r149 tubslatex document class (scra
rtcl)
(/usr/share/texlive/texmf-dist/tex/latex/xkeyval/xkeyval.sty
Package: xkeyval 2014/12/03 v2.7a package option processing (HA)

(/usr/share/texlive/texmf-dist/tex/generic/xkeyval/xkeyval.tex
(/usr/share/texlive/texmf-dist/tex/generic/xkeyval/xkvutils.tex
\XKV@toks=\toks15
\XKV@tempa@toks=\toks16

(/usr/share/texlive/texmf-dist/tex/generic/xkeyval/keyval.tex))
\XKV@depth=\count168
File: xkeyval.tex 2014/12/03 v2.7a key=value parser (HA)
))
(/usr/share/texlive/texmf-dist/tex/latex/koma-script/scrartcl.cls
Document Class: scrartcl 2020/04/19 v3.30 KOMA-Script document class (article)
(/usr/share/texlive/texmf-dist/tex/latex/koma-script/scrkbase.sty
Package: scrkbase 2020/04/19 v3.30 KOMA-Script package (KOMA-Script-dependent b
asics and keyval usage)

(/usr/share/texlive/texmf-dist/tex/latex/koma-script/scrbase.sty
Package: scrbase 2020/04/19 v3.30 KOMA-Script package (KOMA-Script-independent 
basics and keyval usage)
))
(/usr/share/texlive/texmf-dist/tex/latex/koma-script/tocbasic.sty
Package: tocbasic 2020/04/19 v3.30 KOMA-Script package (handling toc-files)
\scr@dte@tocline@numberwidth=\skip47
\scr@dte@tocline@numbox=\box45
)
Package tocbasic Info: omitting babel extension for `toc'
(tocbasic)             because of feature `nobabel' available
(tocbasic)             for `toc' on input line 135.
Package scrartcl Info: You've used standard option `12pt'.
(scrartcl)             This is correct!
(scrartcl)             Internally I'm using `fontsize=12pt'.
(scrartcl)             If you'd like to set the option with \KOMAoptions,
(scrartcl)             you'd have to use `fontsize=12pt' there
(scrartcl)             instead of `12pt', too.
Class scrartcl Info: File `size12.clo' used to setup font sizes on input line 2
212.

(/usr/share/texlive/texmf-dist/tex/latex/base/size12.clo
File: size12.clo 2019/12/20 v1.4l Standard LaTeX file (size option)
)
(/usr/share/texlive/texmf-dist/tex/latex/koma-script/typearea.sty
Package: typearea 2020/04/19 v3.30 KOMA-Script package (type area)
\ta@bcor=\skip48
\ta@div=\count169
Package typearea Info: You've used standard option `a4paper'.
(typearea)             This is correct!
(typearea)             Internally I'm using `paper=a4'.
(typearea)             If you'd like to set the option with \KOMAoptions,
(typearea)             you'd have to use `paper=a4' there
(typearea)             instead of `a4paper', too.
\ta@hblk=\skip49
\ta@vblk=\skip50
\ta@temp=\skip51
\footheight=\skip52
Package typearea Info: These are the values describing the layout:
(typearea)             DIV  = 12
(typearea)             BCOR = 0.0pt
(typearea)             \paperwidth      = 597.50793pt
(typearea)              \textwidth      = 448.13095pt
(typearea)              DIV departure   = -6%
(typearea)              \evensidemargin = 2.4185pt
(typearea)              \oddsidemargin  = 2.4185pt
(typearea)             \paperheight     = 845.04694pt
(typearea)              \textheight     = 635.5pt
(typearea)              \topmargin      = -41.72441pt
(typearea)              \headheight     = 18.125pt
(typearea)              \headsep        = 21.75pt
(typearea)              \topskip        = 12.0pt
(typearea)              \footskip       = 50.75pt
(typearea)              \baselineskip   = 14.5pt
(typearea)              on input line 1738.
)
\c@part=\count170
\c@section=\count171
\c@subsection=\count172
\c@subsubsection=\count173
\c@paragraph=\count174
\c@subparagraph=\count175
\scr@dte@section@maxnumwidth=\skip53
Class scrartcl Info: using compatibility default `runin=bysign'
(scrartcl)           for `\section on input line 4761.
Class scrartcl Info: using compatibility default `afterindent=bysign'
(scrartcl)           for `\section on input line 4761.
\scr@dte@part@maxnumwidth=\skip54
Class scrartcl Info: using compatibility default `afterindent=false'
(scrartcl)           for `\part on input line 4769.
\scr@dte@subsection@maxnumwidth=\skip55
Class scrartcl Info: using compatibility default `runin=bysign'
(scrartcl)           for `\subsection on input line 4779.
Class scrartcl Info: using compatibility default `afterindent=bysign'
(scrartcl)           for `\subsection on input line 4779.
\scr@dte@subsubsection@maxnumwidth=\skip56
Class scrartcl Info: using compatibility default `runin=bysign'
(scrartcl)           for `\subsubsection on input line 4789.
Class scrartcl Info: using compatibility default `afterindent=bysign'
(scrartcl)           for `\subsubsection on input line 4789.
\scr@dte@paragraph@maxnumwidth=\skip57
Class scrartcl Info: using compatibility default `runin=bysign'
(scrartcl)           for `\paragraph on input line 4799.
Class scrartcl Info: using compatibility default `afterindent=bysign'
(scrartcl)           for `\paragraph on input line 4799.
\scr@dte@subparagraph@maxnumwidth=\skip58
Class scrartcl Info: using compatibility default `runin=bysign'
(scrartcl)           for `\subparagraph on input line 4809.
Class scrartcl Info: using compatibility default `afterindent=bysign'
(scrartcl)           for `\subparagraph on input line 4809.
\abovecaptionskip=\skip59
\belowcaptionskip=\skip60
\c@pti@nb@sid@b@x=\box46
Package tocbasic Info: omitting babel extension for `lof'
(tocbasic)             because of feature `nobabel' available
(tocbasic)             for `lof' on input line 6040.
\scr@dte@figure@maxnumwidth=\skip61
\c@figure=\count176
Package tocbasic Info: omitting babel extension for `lot'
(tocbasic)             because of feature `nobabel' available
(tocbasic)             for `lot' on input line 6052.
\scr@dte@table@maxnumwidth=\skip62
\c@table=\count177
Class scrartcl Info: Redefining `\numberline' on input line 6216.
\bibindent=\dimen134
)
(/home/lucashermann/texmf/tex/latex/tubs/tubscolors.sty
Package: tubscolors 2020/11/30 v1.3.4-r149 tubslatex, file v0.6 Farbschema der 
TU-Braunschweig

(/usr/share/texlive/texmf-dist/tex/latex/xcolor/xcolor.sty
Package: xcolor 2016/05/11 v2.12 LaTeX color extensions (UK)

(/usr/share/texlive/texmf-dist/tex/latex/graphics-cfg/color.cfg
File: color.cfg 2016/01/02 v1.6 sample color configuration
)
Package xcolor Info: Driver file: pdftex.def on input line 225.

(/usr/share/texlive/texmf-dist/tex/latex/graphics-def/pdftex.def
File: pdftex.def 2018/01/08 v1.0l Graphics/color driver for pdftex
)
Package xcolor Info: Model `cmy' substituted by `cmy0' on input line 1348.
Package xcolor Info: Model `hsb' substituted by `rgb' on input line 1352.
Package xcolor Info: Model `RGB' extended on input line 1364.
Package xcolor Info: Model `HTML' substituted by `rgb' on input line 1366.
Package xcolor Info: Model `Hsb' substituted by `hsb' on input line 1367.
Package xcolor Info: Model `tHsb' substituted by `hsb' on input line 1368.
Package xcolor Info: Model `HSB' substituted by `hsb' on input line 1369.
Package xcolor Info: Model `Gray' substituted by `gray' on input line 1370.
Package xcolor Info: Model `wave' substituted by `hsb' on input line 1371.
)
(/usr/share/texlive/texmf-dist/tex/latex/forloop/forloop.sty
Package: forloop 2006/09/18 v3.0 For Loops for LaTeX
)
\c@perc=\count178
\cshowwidth=\skip63
)
(/home/lucashermann/texmf/tex/latex/tubs/tubstypearea.sty
Package: tubstypearea 2020/11/30 v1.3.4-r149 tubslatex

(/usr/share/texlive/texmf-dist/tex/latex/tools/calc.sty
Package: calc 2017/05/25 v4.3 Infix arithmetic (KKT,FJ)
\calc@Acount=\count179
\calc@Bcount=\count180
\calc@Adimen=\dimen135
\calc@Bdimen=\dimen136
\calc@Askip=\skip64
\calc@Bskip=\skip65
LaTeX Info: Redefining \setlength on input line 80.
LaTeX Info: Redefining \addtolength on input line 81.
\calc@Ccount=\count181
\calc@Cskip=\skip66
)
\tubspage@bcor=\skip67
\tubsborderwidth=\skip68
\tubspage@module@padding=\skip69
\tubssenderheight=\skip70
\tubspage@headheight=\skip71
\tubscommunicationheight=\skip72
\tubspage@contentwidth=\skip73
\c@tubspage@vsegments=\count182
\c@tubspage@gausssum=\count183
\tubscolumnsep=\skip74
\tubsgaussbaseheight=\skip75
\tubscolumnwidth=\skip76

(/usr/share/texlive/texmf-dist/tex/latex/geometry/geometry.sty
Package: geometry 2020/01/02 v5.9 Page Geometry

(/usr/share/texlive/texmf-dist/tex/generic/iftex/ifvtex.sty
Package: ifvtex 2019/10/25 v1.7 ifvtex legacy package. Use iftex instead.

(/usr/share/texlive/texmf-dist/tex/generic/iftex/iftex.sty
Package: iftex 2020/03/06 v1.0d TeX engine tests
))
\Gm@cnth=\count184
\Gm@cntv=\count185
\c@Gm@tempcnt=\count186
\Gm@bindingoffset=\dimen137
\Gm@wd@mp=\dimen138
\Gm@odd@mp=\dimen139
\Gm@even@mp=\dimen140
\Gm@layoutwidth=\dimen141
\Gm@layoutheight=\dimen142
\Gm@layouthoffset=\dimen143
\Gm@layoutvoffset=\dimen144
\Gm@dimlist=\toks17
)
\c@tmp@calc=\count187
)
(/home/lucashermann/texmf/tex/latex/tubs/tubslogo.sty
Package: tubslogo 2020/11/30 v1.3.4-r149 tubslatex, file v1.2 CD-Logo der TU Br
aunschweig

(/usr/share/texlive/texmf-dist/tex/latex/graphics/graphicx.sty
Package: graphicx 2019/11/30 v1.2a Enhanced LaTeX Graphics (DPC,SPQR)

(/usr/share/texlive/texmf-dist/tex/latex/graphics/graphics.sty
Package: graphics 2019/11/30 v1.4a Standard LaTeX Graphics (DPC,SPQR)

(/usr/share/texlive/texmf-dist/tex/latex/graphics/trig.sty
Package: trig 2016/01/03 v1.10 sin cos tan (DPC)
)
(/usr/share/texlive/texmf-dist/tex/latex/graphics-cfg/graphics.cfg
File: graphics.cfg 2016/06/04 v1.11 sample graphics configuration
)
Package graphics Info: Driver file: pdftex.def on input line 105.
)
\Gin@req@height=\dimen145
\Gin@req@width=\dimen146
)
\tubslogo@width=\skip77
\tubslogoBaseWidth=\skip78
\tubslogoBaseHeight=\skip79
\tubslogoWidth=\skip80
\tubslogoHeight=\skip81
)
(/home/lucashermann/texmf/tex/latex/tubs/tubsstyle.sty
Package: tubsstyle 2020/11/30 v1.3.4-r149 tubslatex, file v0.1 Hintergrund-Dars
tellung für tubslatex

(/usr/share/texlive/texmf-dist/tex/latex/eso-pic/eso-pic.sty
Package: eso-pic 2018/04/12 v2.0h eso-pic (RN)
)
(/usr/share/texlive/texmf-dist/tex/latex/eso-pic/eso-pic.sty
Package: eso-pic 2018/04/12 v2.0h eso-pic (RN)

(/usr/share/texlive/texmf-dist/tex/generic/atbegshi/atbegshi.sty
Package: atbegshi 2019/12/05 v1.19 At begin shipout hook (HO)

(/usr/share/texlive/texmf-dist/tex/generic/infwarerr/infwarerr.sty
Package: infwarerr 2019/12/03 v1.5 Providing info/warning/error messages (HO)
)
(/usr/share/texlive/texmf-dist/tex/generic/ltxcmds/ltxcmds.sty
Package: ltxcmds 2019/12/15 v1.24 LaTeX kernel commands for general use (HO)
)))
(/home/lucashermann/texmf/tex/latex/tubs/tubsbox.sty
(/home/lucashermann/texmf/tex/latex/tubs/tubsdebug.sty)
(/usr/share/texlive/texmf-dist/tex/latex/textpos/textpos.sty
Package: textpos 2019/04/15 v1.9.1

Package: textpos 2019/04/15 1.9.1, absolute positioning of text on the page
(/usr/share/texlive/texmf-dist/tex/latex/ms/everyshi.sty
Package: everyshi 2001/05/15 v3.00 EveryShipout Package (MS)
)
\TP@textbox=\box47
\TP@holdbox=\box48
\TPHorizModule=\dimen147
\TPVertModule=\dimen148
\TP@margin=\dimen149
\TP@absmargin=\dimen150

Grid set 16 x 16 = 37.34424pt x 52.81541pt
\TPboxrulesize=\dimen151
\TP@ox=\dimen152
\TP@oy=\dimen153
\TP@tbargs=\toks18
\TP@prevdepth=\dimen154
TextBlockOrigin set to 0pt x 0pt
)
\tubs@gb@toppadding=\skip82
\tubs@gb@bottompadding=\skip83
\tubs@gb@leftpadding=\skip84
\tubs@gb@rightpadding=\skip85
\tubs@gb@storebox=\box49
\c@tubs@gb@lastelement=\count188
\c@tubs@gb@calcypos=\count189
\c@tubs@gb@calcheight=\count190
\tubs@sb@storebox=\box50
\tubs@sb@bgimagebox=\box51
\c@tubs@sb@elementcount=\count191
\c@tubs@sb@xcount=\count192
\tubs@sb@xfreespace=\skip86
\tubs@sb@xlength=\skip87
\c@tubs@cnt=\count193
\c@tubs@sb@current@col=\count194
\c@tubs@sb@current@row=\count195
\c@tubs@sb@current@subrow=\count196
\modulewidth=\skip88
\moduleheight=\skip89
\@box@tmp=\dimen155
\tubs@sb@box@xpos=\skip90
\tubs@sb@box@ypos=\skip91
\tubs@sb@box@rowheight=\skip92
\tubs@sb@box@splitrow=\skip93
\tubs@sb@padding=\skip94
)
\tmp@posx=\skip95
\tmp@posy=\skip96
\c@tmp@calc@bgpos=\count197
\c@tmpb@calc@bgpos=\count198
\@image@xorig=\skip97
\@image@xcalc=\skip98
\@image@yorig=\skip99
\@image@ycalc=\skip100
\c@tubs@yseg@cnt=\count199
) (/home/lucashermann/texmf/tex/latex/tubs/nexus.sty
Package: nexus 2020/11/30 v1.3.4-r149 tubslatex Nexus font

(/usr/share/texlive/texmf-dist/tex/latex/psnfss/mathpazo.sty
Package: mathpazo 2020/03/25 PSNFSS-v9.3 Palatino w/ Pazo Math (D.Puga, WaS) 
\symupright=\mathgroup4
)
(/usr/share/texlive/texmf-dist/tex/latex/base/fontenc.sty
Package: fontenc 2020/02/11 v2.0o Standard LaTeX package

(/usr/share/texlive/texmf-dist/tex/latex/ly1/ly1enc.def
File: ly1enc.def 2009/07/22 v0.7 TeX 'n ANSI encoding (DPC/KB)
Now handling font encoding LY1 ...
... processing UTF-8 mapping file for font encoding LY1

(/usr/share/texlive/texmf-dist/tex/latex/base/ly1enc.dfu
File: ly1enc.dfu 2019/11/14 v1.2k UTF-8 support for inputenc
   defining Unicode char U+00A0 (decimal 160)
   defining Unicode char U+00A1 (decimal 161)
   defining Unicode char U+00A2 (decimal 162)
   defining Unicode char U+00A3 (decimal 163)
   defining Unicode char U+00A4 (decimal 164)
   defining Unicode char U+00A5 (decimal 165)
   defining Unicode char U+00A6 (decimal 166)
   defining Unicode char U+00A7 (decimal 167)
   defining Unicode char U+00AA (decimal 170)
   defining Unicode char U+00AB (decimal 171)
   defining Unicode char U+00AD (decimal 173)
   defining Unicode char U+00AE (decimal 174)
   defining Unicode char U+00B0 (decimal 176)
   defining Unicode char U+00B5 (decimal 181)
   defining Unicode char U+00B6 (decimal 182)
   defining Unicode char U+00B7 (decimal 183)
   defining Unicode char U+00BA (decimal 186)
   defining Unicode char U+00BB (decimal 187)
   defining Unicode char U+00BC (decimal 188)
   defining Unicode char U+00BD (decimal 189)
   defining Unicode char U+00BE (decimal 190)
   defining Unicode char U+00BF (decimal 191)
   defining Unicode char U+00C0 (decimal 192)
   defining Unicode char U+00C1 (decimal 193)
   defining Unicode char U+00C2 (decimal 194)
   defining Unicode char U+00C3 (decimal 195)
   defining Unicode char U+00C4 (decimal 196)
   defining Unicode char U+00C5 (decimal 197)
   defining Unicode char U+00C6 (decimal 198)
   defining Unicode char U+00C7 (decimal 199)
   defining Unicode char U+00C8 (decimal 200)
   defining Unicode char U+00C9 (decimal 201)
   defining Unicode char U+00CA (decimal 202)
   defining Unicode char U+00CB (decimal 203)
   defining Unicode char U+00CC (decimal 204)
   defining Unicode char U+00CD (decimal 205)
   defining Unicode char U+00CE (decimal 206)
   defining Unicode char U+00CF (decimal 207)
   defining Unicode char U+00D0 (decimal 208)
   defining Unicode char U+00D1 (decimal 209)
   defining Unicode char U+00D2 (decimal 210)
   defining Unicode char U+00D3 (decimal 211)
   defining Unicode char U+00D4 (decimal 212)
   defining Unicode char U+00D5 (decimal 213)
   defining Unicode char U+00D6 (decimal 214)
   defining Unicode char U+00D8 (decimal 216)
   defining Unicode char U+00D9 (decimal 217)
   defining Unicode char U+00DA (decimal 218)
   defining Unicode char U+00DB (decimal 219)
   defining Unicode char U+00DC (decimal 220)
   defining Unicode char U+00DD (decimal 221)
   defining Unicode char U+00DE (decimal 222)
   defining Unicode char U+00DF (decimal 223)
   defining Unicode char U+00E0 (decimal 224)
   defining Unicode char U+00E1 (decimal 225)
   defining Unicode char U+00E2 (decimal 226)
   defining Unicode char U+00E3 (decimal 227)
   defining Unicode char U+00E4 (decimal 228)
   defining Unicode char U+00E5 (decimal 229)
   defining Unicode char U+00E6 (decimal 230)
   defining Unicode char U+00E7 (decimal 231)
   defining Unicode char U+00E8 (decimal 232)
   defining Unicode char U+00E9 (decimal 233)
   defining Unicode char U+00EA (decimal 234)
   defining Unicode char U+00EB (decimal 235)
   defining Unicode char U+00EC (decimal 236)
   defining Unicode char U+00ED (decimal 237)
   defining Unicode char U+00EE (decimal 238)
   defining Unicode char U+00EF (decimal 239)
   defining Unicode char U+00F0 (decimal 240)
   defining Unicode char U+00F1 (decimal 241)
   defining Unicode char U+00F2 (decimal 242)
   defining Unicode char U+00F3 (decimal 243)
   defining Unicode char U+00F4 (decimal 244)
   defining Unicode char U+00F5 (decimal 245)
   defining Unicode char U+00F6 (decimal 246)
   defining Unicode char U+00F8 (decimal 248)
   defining Unicode char U+00F9 (decimal 249)
   defining Unicode char U+00FA (decimal 250)
   defining Unicode char U+00FB (decimal 251)
   defining Unicode char U+00FC (decimal 252)
   defining Unicode char U+00FD (decimal 253)
   defining Unicode char U+00FE (decimal 254)
   defining Unicode char U+00FF (decimal 255)
   defining Unicode char U+0131 (decimal 305)
   defining Unicode char U+0141 (decimal 321)
   defining Unicode char U+0142 (decimal 322)
   defining Unicode char U+0152 (decimal 338)
   defining Unicode char U+0153 (decimal 339)
   defining Unicode char U+0160 (decimal 352)
   defining Unicode char U+0161 (decimal 353)
   defining Unicode char U+0174 (decimal 372)
   defining Unicode char U+0175 (decimal 373)
   defining Unicode char U+0176 (decimal 374)
   defining Unicode char U+0177 (decimal 375)
   defining Unicode char U+0178 (decimal 376)
   defining Unicode char U+017D (decimal 381)
   defining Unicode char U+017E (decimal 382)
   defining Unicode char U+0192 (decimal 402)
   defining Unicode char U+0218 (decimal 536)
   defining Unicode char U+0219 (decimal 537)
   defining Unicode char U+021A (decimal 538)
   defining Unicode char U+021B (decimal 539)
   defining Unicode char U+0237 (decimal 567)
   defining Unicode char U+02C6 (decimal 710)
   defining Unicode char U+02DC (decimal 732)
   defining Unicode char U+2013 (decimal 8211)
   defining Unicode char U+2014 (decimal 8212)
   defining Unicode char U+201C (decimal 8220)
   defining Unicode char U+201D (decimal 8221)
   defining Unicode char U+2020 (decimal 8224)
   defining Unicode char U+2021 (decimal 8225)
   defining Unicode char U+2022 (decimal 8226)
   defining Unicode char U+2026 (decimal 8230)
   defining Unicode char U+2030 (decimal 8240)
   defining Unicode char U+2039 (decimal 8249)
   defining Unicode char U+203A (decimal 8250)
   defining Unicode char U+2122 (decimal 8482)
   defining Unicode char U+FB00 (decimal 64256)
   defining Unicode char U+FB01 (decimal 64257)
   defining Unicode char U+FB02 (decimal 64258)
   defining Unicode char U+FB03 (decimal 64259)
   defining Unicode char U+FB04 (decimal 64260)
   defining Unicode char U+FB05 (decimal 64261)
   defining Unicode char U+FB06 (decimal 64262)
))
LaTeX Font Info:    Trying to load font information for LY1+ppl on input line 1
12.

(/usr/share/texlive/texmf-dist/tex/latex/ly1/ly1ppl.fd
File: ly1ppl.fd 1998/07/06 font definitions for LY1/ppl using Berry names.


LaTeX Warning: Font shape declaration has incorrect series value `mc'.
               It should not contain an `m'! Please correct it.
               Found on input line 50.


LaTeX Warning: Font shape declaration has incorrect series value `mx'.
               It should not contain an `m'! Please correct it.
               Found on input line 54.

))
LaTeX Font Info:    Overwriting math alphabet `\mathsf' in version `normal'
(Font)                  OT1/cmss/m/n --> LY1/NexusProSans/m/n on input line 180
.
LaTeX Font Info:    Overwriting math alphabet `\mathtt' in version `normal'
(Font)                  OT1/cmtt/m/n --> LY1/txtt/m/n on input line 181.
) (/usr/share/texlive/texmf-dist/tex/latex/koma-script/scrlayer-scrpage.sty
Package: scrlayer-scrpage 2020/04/19 v3.30 KOMA-Script package (end user interf
ace for scrlayer)

(/usr/share/texlive/texmf-dist/tex/latex/koma-script/scrlayer.sty
Package: scrlayer 2020/04/19 v3.30 KOMA-Script package (defining layers and pag
e styles)
Package scrlayer Info: Using already defined \footheight
(scrlayer)             hoping, that this is a length and
(scrlayer)             not only a macro on input line 109.
Package scrlayer Info: patching LaTeX kernel macro \pagestyle on input line 210
6.
)
Package scrlayer-scrpage Info: Makeing stand-alone element `pagehead' from
(scrlayer-scrpage)             alias to `pageheadfoot' on input line 1244.
Package scrlayer-scrpage Info: deactivating warning for font element
(scrlayer-scrpage)             `pagefoot' on input line 1271.
)
Package scrlayer-scrpage Info: auto-selection of `pagestyleset=KOMA-Script'.

1: section
1: subsection
\@tubs@headheight=\dimen156
\@tubs@headheight=\dimen157
(/usr/share/texlive/texmf-dist/tex/latex/letltxmacro/letltxmacro.sty
Package: letltxmacro 2019/12/03 v1.6 Let assignment for LaTeX macros (HO)
))
(/usr/share/texlive/texmf-dist/tex/latex/base/inputenc.sty
Package: inputenc 2018/08/11 v1.3c Input encoding file
\inpenc@prehook=\toks19
\inpenc@posthook=\toks20
)
(/usr/share/texlive/texmf-dist/tex/generic/babel/babel.sty
Package: babel 2020/03/22 3.42 The Babel package

(/usr/share/texlive/texmf-dist/tex/generic/babel/switch.def
File: switch.def 2020/03/22 3.42 Babel switching mechanism
)
(/usr/share/texlive/texmf-dist/tex/generic/babel-german/ngerman.ldf
Language: ngerman 2018/12/08 v2.11 German support for babel (post-1996 orthogra
phy)

(/usr/share/texlive/texmf-dist/tex/generic/babel-german/ngermanb.ldf
Language: ngermanb 2018/12/08 v2.11 German support for babel (post-1996 orthogr
aphy)

(/usr/share/texlive/texmf-dist/tex/generic/babel/babel.def
File: babel.def 2020/03/22 3.42 Babel common definitions
\babel@savecnt=\count266
\U@D=\dimen158

(/usr/share/texlive/texmf-dist/tex/generic/babel/txtbabel.def)
\bbl@readstream=\read2
\bbl@dirlevel=\count267
)
Package babel Info: Making " an active character on input line 121.
)))

Class scrartcl Warning: Usage of package `parskip' together
(scrartcl)              with a KOMA-Script class is not recommended.
(scrartcl)              I'd suggest to use option
(scrartcl)              `parskip' with one of it's several values.
(scrartcl)              Nevertheless, using requested
(scrartcl)              package `parskip' on input line 5.

(/usr/share/texlive/texmf-dist/tex/latex/parskip/parskip.sty
Package: parskip 2020-01-22 v2.0d non-zero parskip adjustments

(/usr/share/texlive/texmf-dist/tex/latex/kvoptions/kvoptions.sty
Package: kvoptions 2019/11/29 v3.13 Key value format for package options (HO)

(/usr/share/texlive/texmf-dist/tex/generic/kvsetkeys/kvsetkeys.sty
Package: kvsetkeys 2019/12/15 v1.18 Key value parser (HO)
))
Couldn't patch \@startsection
) (/usr/share/texlive/texmf-dist/tex/latex/l3backend/l3backend-pdfmode.def
File: l3backend-pdfmode.def 2020-03-12 L3 backend support: PDF mode
\l__kernel_color_stack_int=\count268
\l__pdf_internal_box=\box52
)

LaTeX Warning: Unused global option(s):
    [DIV=1].

(./2099_StA_Name_Deckblatt_v2.aux)
\openout1 = `2099_StA_Name_Deckblatt_v2.aux'.

LaTeX Font Info:    Checking defaults for OML/cmm/m/it on input line 11.
LaTeX Font Info:    ... okay on input line 11.
LaTeX Font Info:    Checking defaults for OMS/cmsy/m/n on input line 11.
LaTeX Font Info:    ... okay on input line 11.
LaTeX Font Info:    Checking defaults for OT1/cmr/m/n on input line 11.
LaTeX Font Info:    ... okay on input line 11.
LaTeX Font Info:    Checking defaults for T1/cmr/m/n on input line 11.
LaTeX Font Info:    ... okay on input line 11.
LaTeX Font Info:    Checking defaults for TS1/cmr/m/n on input line 11.
LaTeX Font Info:    ... okay on input line 11.
LaTeX Font Info:    Checking defaults for OMX/cmex/m/n on input line 11.
LaTeX Font Info:    ... okay on input line 11.
LaTeX Font Info:    Checking defaults for U/cmr/m/n on input line 11.
LaTeX Font Info:    ... okay on input line 11.
LaTeX Font Info:    Checking defaults for LY1/ptm/m/n on input line 11.
LaTeX Font Info:    Trying to load font information for LY1+ptm on input line 1
1.

(/usr/share/texlive/texmf-dist/tex/latex/ly1/ly1ptm.fd
File: ly1ptm.fd 2001/02/01 font definitions for LY1/ptm using Berry names.
)
LaTeX Font Info:    ... okay on input line 11.
LaTeX Font Info:    Trying to load font information for LY1+NexusProSerif on in
put line 11.

(/home/lucashermann/texmf/tex/latex/tubs/LY1NexusProSerif.fd
File: LY1NexusProSerif.fd Fontshop NexusProSerif font definitions
)
(/usr/share/texlive/texmf-dist/tex/context/base/mkii/supp-pdf.mkii
[Loading MPS to PDF converter (version 2006.09.02).]
\scratchcounter=\count269
\scratchdimen=\dimen159
\scratchbox=\box53
\nofMPsegments=\count270
\nofMParguments=\count271
\everyMPshowfont=\toks21
\MPscratchCnt=\count272
\MPscratchDim=\dimen160
\MPnumerator=\count273
\makeMPintoPDFobject=\count274
\everyMPtoPDFconversion=\toks22
) (/usr/share/texlive/texmf-dist/tex/latex/epstopdf-pkg/epstopdf-base.sty
Package: epstopdf-base 2020-01-24 v2.11 Base part for package epstopdf
Package epstopdf-base Info: Redefining graphics rule for `.eps' on input line 4
85.

(/usr/share/texlive/texmf-dist/tex/latex/latexconfig/epstopdf-sys.cfg
File: epstopdf-sys.cfg 2010/07/13 v1.3 Configuration of (r)epstopdf for TeX Liv
e
))
*geometry* driver: auto-detecting
*geometry* detected driver: pdftex
*geometry* verbose mode - [ preamble ] result:
* driver: pdftex
* paper: a4paper
* layout: <same size as paper>
* layoutoffset:(h,v)=(0.0pt,0.0pt)
* bindingoffset: 42.67912pt
* modes: twoside 
* h-part:(L,W,R)=(45.52438pt, 463.77998pt, 45.52438pt)
* v-part:(T,H,B)=(136.57321pt, 662.94925pt, 45.52438pt)
* \paperwidth=597.50787pt
* \paperheight=845.04684pt
* \textwidth=463.77998pt
* \textheight=662.94925pt
* \oddsidemargin=15.93352pt
* \evensidemargin=-26.7456pt
* \topmargin=-38.1267pt
* \headheight=68.28664pt
* \headsep=34.14328pt
* \topskip=12.0pt
* \footskip=0.0pt
* \marginparwidth=49.79233pt
* \marginparsep=12.8401pt
* \columnsep=14.22636pt
* \skip\footins=10.8pt plus 4.0pt minus 2.0pt
* \hoffset=0.0pt
* \voffset=0.0pt
* \mag=1000
* \@twocolumnfalse
* \@twosidetrue
* \@mparswitchtrue
* \@reversemarginfalse
* (1in=72.27pt=25.4mm, 1cm=28.453pt)

\AtBeginShipoutBox=\box54
ABD: EveryShipout initializing macros
\big@size=\dimen161
LaTeX Font Info:    Trying to load font information for LY1+NexusProSans on inp
ut line 14.

(/home/lucashermann/texmf/tex/latex/tubs/LY1NexusProSans.fd
File: LY1NexusProSans.fd Fontshop NexusProSans font definitions
)
TextBlockOrigin set to \tubsborderwidth +\tubspage@bcor  x \tubssenderheight 
\tubs@restore@parskip=\dimen162
\tubs@restore@parindent=\dimen163
\temp@=\dimen164
\temp@b=\dimen165
TextBlockOrigin set to \tubsborderwidth +\tubspage@bcor  x \tubssenderheight 
\tubs@restore@parskip=\dimen166
\tubs@restore@parindent=\dimen167
<../pics/placeholder.pdf, id=1, 228.96039pt x 98.63048pt>
File: ../pics/placeholder.pdf Graphic file (type pdf)
<use ../pics/placeholder.pdf>
Package pdftex.def Info: ../pics/placeholder.pdf  used on input line 24.
(pdftex.def)             Requested size: 114.4799pt x 49.31511pt.
\temp@=\dimen168
\temp@b=\dimen169
TextBlockOrigin set to \tubsborderwidth +\tubspage@bcor  x \tubssenderheight 
\tubs@restore@parskip=\dimen170
\tubs@restore@parindent=\dimen171
\temp@=\dimen172
\temp@b=\dimen173
TextBlockOrigin set to \tubsborderwidth +\tubspage@bcor  x \tubssenderheight 
\tubs@restore@parskip=\dimen174
\tubs@restore@parindent=\dimen175
\temp@=\dimen176
\temp@b=\dimen177
<TUBraunschweig_RGB.pdf, id=2, 199.1691pt x 73.97737pt>
File: TUBraunschweig_RGB.pdf Graphic file (type pdf)
<use TUBraunschweig_RGB.pdf>
Package pdftex.def Info: TUBraunschweig_RGB.pdf  used on input line 45.
(pdftex.def)             Requested size: 199.16928pt x 73.98167pt.
\tmp@logoheight=\dimen178
<InA-Logo-rgb.pdf, id=3, 228.96039pt x 98.63048pt>
File: InA-Logo-rgb.pdf Graphic file (type pdf)
<use InA-Logo-rgb.pdf>
Package pdftex.def Info: InA-Logo-rgb.pdf  used on input line 45.
(pdftex.def)             Requested size: 158.52783pt x 68.28986pt.
File: TUBraunschweig_RGB.pdf Graphic file (type pdf)
<use TUBraunschweig_RGB.pdf>
Package pdftex.def Info: TUBraunschweig_RGB.pdf  used on input line 45.
(pdftex.def)             Requested size: 199.16928pt x 73.98167pt.
\tmp@logoheight=\dimen179
File: InA-Logo-rgb.pdf Graphic file (type pdf)
<use InA-Logo-rgb.pdf>
Package pdftex.def Info: InA-Logo-rgb.pdf  used on input line 45.
(pdftex.def)             Requested size: 158.52783pt x 68.28986pt.
File: TUBraunschweig_RGB.pdf Graphic file (type pdf)
<use TUBraunschweig_RGB.pdf>
Package pdftex.def Info: TUBraunschweig_RGB.pdf  used on input line 45.
(pdftex.def)             Requested size: 199.16928pt x 73.98167pt.
\tmp@logoheight=\dimen180
File: InA-Logo-rgb.pdf Graphic file (type pdf)
<use InA-Logo-rgb.pdf>
Package pdftex.def Info: InA-Logo-rgb.pdf  used on input line 45.
(pdftex.def)             Requested size: 158.52783pt x 68.28986pt.
File: TUBraunschweig_RGB.pdf Graphic file (type pdf)
<use TUBraunschweig_RGB.pdf>
Package pdftex.def Info: TUBraunschweig_RGB.pdf  used on input line 45.
(pdftex.def)             Requested size: 199.16928pt x 73.98167pt.
\tmp@logoheight=\dimen181
File: InA-Logo-rgb.pdf Graphic file (type pdf)
<use InA-Logo-rgb.pdf>
Package pdftex.def Info: InA-Logo-rgb.pdf  used on input line 45.
(pdftex.def)             Requested size: 158.52783pt x 68.28986pt.
[1


{/home/lucashermann/.texlive2020/texmf-var/fonts/map/pdftex/updmap/pdftex.map

pdfTeX warning: /usr/bin/pdflatex (file /home/lucashermann/.texlive2020/texmf-v
ar/fonts/map/pdftex/updmap/pdftex.map): fontmap entry for `pagd8z' already exis
ts, duplicates ignored


pdfTeX warning: /usr/bin/pdflatex (file /home/lucashermann/.texlive2020/texmf-v
ar/fonts/map/pdftex/updmap/pdftex.map): fontmap entry for `pagdo8z' already exi
sts, duplicates ignored


pdfTeX warning: /usr/bin/pdflatex (file /home/lucashermann/.texlive2020/texmf-v
ar/fonts/map/pdftex/updmap/pdftex.map): fontmap entry for `pagk8z' already exis
ts, duplicates ignored


pdfTeX warning: /usr/bin/pdflatex (file /home/lucashermann/.texlive2020/texmf-v
ar/fonts/map/pdftex/updmap/pdftex.map): fontmap entry for `pagko8z' already exi
sts, duplicates ignored


pdfTeX warning: /usr/bin/pdflatex (file /home/lucashermann/.texlive2020/texmf-v
ar/fonts/map/pdftex/updmap/pdftex.map): fontmap entry for `pbkd8z' already exis
ts, duplicates ignored


pdfTeX warning: /usr/bin/pdflatex (file /home/lucashermann/.texlive2020/texmf-v
ar/fonts/map/pdftex/updmap/pdftex.map): fontmap entry for `pbkdi8z' already exi
sts, duplicates ignored


pdfTeX warning: /usr/bin/pdflatex (file /home/lucashermann/.texlive2020/texmf-v
ar/fonts/map/pdftex/updmap/pdftex.map): fontmap entry for `pbkl8z' already exis
ts, duplicates ignored


pdfTeX warning: /usr/bin/pdflatex (file /home/lucashermann/.texlive2020/texmf-v
ar/fonts/map/pdftex/updmap/pdftex.map): fontmap entry for `pbkli8z' already exi
sts, duplicates ignored


pdfTeX warning: /usr/bin/pdflatex (file /home/lucashermann/.texlive2020/texmf-v
ar/fonts/map/pdftex/updmap/pdftex.map): fontmap entry for `pcrb8u' already exis
ts, duplicates ignored


pdfTeX warning: /usr/bin/pdflatex (file /home/lucashermann/.texlive2020/texmf-v
ar/fonts/map/pdftex/updmap/pdftex.map): fontmap entry for `pcrbo8u' already exi
sts, duplicates ignored


pdfTeX warning: /usr/bin/pdflatex (file /home/lucashermann/.texlive2020/texmf-v
ar/fonts/map/pdftex/updmap/pdftex.map): fontmap entry for `pcrr8u' already exis
ts, duplicates ignored


pdfTeX warning: /usr/bin/pdflatex (file /home/lucashermann/.texlive2020/texmf-v
ar/fonts/map/pdftex/updmap/pdftex.map): fontmap entry for `pcrro8u' already exi
sts, duplicates ignored


pdfTeX warning: /usr/bin/pdflatex (file /home/lucashermann/.texlive2020/texmf-v
ar/fonts/map/pdftex/updmap/pdftex.map): fontmap entry for `phvb8z' already exis
ts, duplicates ignored


pdfTeX warning: /usr/bin/pdflatex (file /home/lucashermann/.texlive2020/texmf-v
ar/fonts/map/pdftex/updmap/pdftex.map): fontmap entry for `phvbn8z' already exi
sts, duplicates ignored


pdfTeX warning: /usr/bin/pdflatex (file /home/lucashermann/.texlive2020/texmf-v
ar/fonts/map/pdftex/updmap/pdftex.map): fontmap entry for `phvbo8z' already exi
sts, duplicates ignored


pdfTeX warning: /usr/bin/pdflatex (file /home/lucashermann/.texlive2020/texmf-v
ar/fonts/map/pdftex/updmap/pdftex.map): fontmap entry for `phvbon8z' already ex
ists, duplicates ignored


pdfTeX warning: /usr/bin/pdflatex (file /home/lucashermann/.texlive2020/texmf-v
ar/fonts/map/pdftex/updmap/pdftex.map): fontmap entry for `phvr8z' already exis
ts, duplicates ignored


pdfTeX warning: /usr/bin/pdflatex (file /home/lucashermann/.texlive2020/texmf-v
ar/fonts/map/pdftex/updmap/pdftex.map): fontmap entry for `phvrn8z' already exi
sts, duplicates ignored


pdfTeX warning: /usr/bin/pdflatex (file /home/lucashermann/.texlive2020/texmf-v
ar/fonts/map/pdftex/updmap/pdftex.map): fontmap entry for `phvro8z' already exi
sts, duplicates ignored


pdfTeX warning: /usr/bin/pdflatex (file /home/lucashermann/.texlive2020/texmf-v
ar/fonts/map/pdftex/updmap/pdftex.map): fontmap entry for `phvron8z' already ex
ists, duplicates ignored


pdfTeX warning: /usr/bin/pdflatex (file /home/lucashermann/.texlive2020/texmf-v
ar/fonts/map/pdftex/updmap/pdftex.map): fontmap entry for `pncb8z' already exis
ts, duplicates ignored


pdfTeX warning: /usr/bin/pdflatex (file /home/lucashermann/.texlive2020/texmf-v
ar/fonts/map/pdftex/updmap/pdftex.map): fontmap entry for `pncbi8z' already exi
sts, duplicates ignored


pdfTeX warning: /usr/bin/pdflatex (file /home/lucashermann/.texlive2020/texmf-v
ar/fonts/map/pdftex/updmap/pdftex.map): fontmap entry for `pncr8z' already exis
ts, duplicates ignored


pdfTeX warning: /usr/bin/pdflatex (file /home/lucashermann/.texlive2020/texmf-v
ar/fonts/map/pdftex/updmap/pdftex.map): fontmap entry for `pncri8z' already exi
sts, duplicates ignored


pdfTeX warning: /usr/bin/pdflatex (file /home/lucashermann/.texlive2020/texmf-v
ar/fonts/map/pdftex/updmap/pdftex.map): fontmap entry for `pplb8z' already exis
ts, duplicates ignored


pdfTeX warning: /usr/bin/pdflatex (file /home/lucashermann/.texlive2020/texmf-v
ar/fonts/map/pdftex/updmap/pdftex.map): fontmap entry for `pplbi8z' already exi
sts, duplicates ignored


pdfTeX warning: /usr/bin/pdflatex (file /home/lucashermann/.texlive2020/texmf-v
ar/fonts/map/pdftex/updmap/pdftex.map): fontmap entry for `pplr8z' already exis
ts, duplicates ignored


pdfTeX warning: /usr/bin/pdflatex (file /home/lucashermann/.texlive2020/texmf-v
ar/fonts/map/pdftex/updmap/pdftex.map): fontmap entry for `pplri8z' already exi
sts, duplicates ignored


pdfTeX warning: /usr/bin/pdflatex (file /home/lucashermann/.texlive2020/texmf-v
ar/fonts/map/pdftex/updmap/pdftex.map): fontmap entry for `ptmb8z' already exis
ts, duplicates ignored


pdfTeX warning: /usr/bin/pdflatex (file /home/lucashermann/.texlive2020/texmf-v
ar/fonts/map/pdftex/updmap/pdftex.map): fontmap entry for `ptmbi8z' already exi
sts, duplicates ignored


pdfTeX warning: /usr/bin/pdflatex (file /home/lucashermann/.texlive2020/texmf-v
ar/fonts/map/pdftex/updmap/pdftex.map): fontmap entry for `ptmr8z' already exis
ts, duplicates ignored


pdfTeX warning: /usr/bin/pdflatex (file /home/lucashermann/.texlive2020/texmf-v
ar/fonts/map/pdftex/updmap/pdftex.map): fontmap entry for `ptmri8z' already exi
sts, duplicates ignored


pdfTeX warning: /usr/bin/pdflatex (file /home/lucashermann/.texlive2020/texmf-v
ar/fonts/map/pdftex/updmap/pdftex.map): fontmap entry for `pzcmi8z' already exi
sts, duplicates ignored


pdfTeX warning: /usr/bin/pdflatex (file /home/lucashermann/.texlive2020/texmf-v
ar/fonts/map/pdftex/updmap/pdftex.map): ambiguous entry for `UniClass[letter]':
 font file present but not included, will be treated as font file not present


pdfTeX warning: /usr/bin/pdflatex (file /home/lucashermann/.texlive2020/texmf-v
ar/fonts/map/pdftex/updmap/pdftex.map): fontmap entry for `phvb8y' already exis
ts, duplicates ignored


pdfTeX warning: /usr/bin/pdflatex (file /home/lucashermann/.texlive2020/texmf-v
ar/fonts/map/pdftex/updmap/pdftex.map): fontmap entry for `phvb8yn' already exi
sts, duplicates ignored


pdfTeX warning: /usr/bin/pdflatex (file /home/lucashermann/.texlive2020/texmf-v
ar/fonts/map/pdftex/updmap/pdftex.map): fontmap entry for `phvbo8y' already exi
sts, duplicates ignored


pdfTeX warning: /usr/bin/pdflatex (file /home/lucashermann/.texlive2020/texmf-v
ar/fonts/map/pdftex/updmap/pdftex.map): fontmap entry for `phvbo8yn' already ex
ists, duplicates ignored


pdfTeX warning: /usr/bin/pdflatex (file /home/lucashermann/.texlive2020/texmf-v
ar/fonts/map/pdftex/updmap/pdftex.map): fontmap entry for `phvr8y' already exis
ts, duplicates ignored


pdfTeX warning: /usr/bin/pdflatex (file /home/lucashermann/.texlive2020/texmf-v
ar/fonts/map/pdftex/updmap/pdftex.map): fontmap entry for `phvr8yn' already exi
sts, duplicates ignored


pdfTeX warning: /usr/bin/pdflatex (file /home/lucashermann/.texlive2020/texmf-v
ar/fonts/map/pdftex/updmap/pdftex.map): fontmap entry for `phvro8y' already exi
sts, duplicates ignored


pdfTeX warning: /usr/bin/pdflatex (file /home/lucashermann/.texlive2020/texmf-v
ar/fonts/map/pdftex/updmap/pdftex.map): fontmap entry for `phvro8yn' already ex
ists, duplicates ignored


pdfTeX warning: /usr/bin/pdflatex (file /home/lucashermann/.texlive2020/texmf-v
ar/fonts/map/pdftex/updmap/pdftex.map): fontmap entry for `rpxpplb' already exi
sts, duplicates ignored


pdfTeX warning: /usr/bin/pdflatex (file /home/lucashermann/.texlive2020/texmf-v
ar/fonts/map/pdftex/updmap/pdftex.map): fontmap entry for `rpxpplbi' already ex
ists, duplicates ignored


pdfTeX warning: /usr/bin/pdflatex (file /home/lucashermann/.texlive2020/texmf-v
ar/fonts/map/pdftex/updmap/pdftex.map): invalid entry for `rpxpplbo': SlantFont
/ExtendFont can be used only with embedded Type1 fonts


pdfTeX warning: /usr/bin/pdflatex (file /home/lucashermann/.texlive2020/texmf-v
ar/fonts/map/pdftex/updmap/pdftex.map): fontmap entry for `rpxpplr' already exi
sts, duplicates ignored


pdfTeX warning: /usr/bin/pdflatex (file /home/lucashermann/.texlive2020/texmf-v
ar/fonts/map/pdftex/updmap/pdftex.map): fontmap entry for `rpxpplri' already ex
ists, duplicates ignored


pdfTeX warning: /usr/bin/pdflatex (file /home/lucashermann/.texlive2020/texmf-v
ar/fonts/map/pdftex/updmap/pdftex.map): invalid entry for `rpxpplro': SlantFont
/ExtendFont can be used only with embedded Type1 fonts


pdfTeX warning: /usr/bin/pdflatex (file /home/lucashermann/.texlive2020/texmf-v
ar/fonts/map/pdftex/updmap/pdftex.map): ambiguous entry for `rtcxbsl': font fil
e present but not included, will be treated as font file not present


pdfTeX warning: /usr/bin/pdflatex (file /home/lucashermann/.texlive2020/texmf-v
ar/fonts/map/pdftex/updmap/pdftex.map): ambiguous entry for `rtcxbsso': font fi
le present but not included, will be treated as font file not present


pdfTeX warning: /usr/bin/pdflatex (file /home/lucashermann/.texlive2020/texmf-v
ar/fonts/map/pdftex/updmap/pdftex.map): ambiguous entry for `rtcxsl': font file
 present but not included, will be treated as font file not present


pdfTeX warning: /usr/bin/pdflatex (file /home/lucashermann/.texlive2020/texmf-v
ar/fonts/map/pdftex/updmap/pdftex.map): ambiguous entry for `rtcxsssl': font fi
le present but not included, will be treated as font file not present


pdfTeX warning: /usr/bin/pdflatex (file /home/lucashermann/.texlive2020/texmf-v
ar/fonts/map/pdftex/updmap/pdftex.map): ambiguous entry for `rtxbsl': font file
 present but not included, will be treated as font file not present


pdfTeX warning: /usr/bin/pdflatex (file /home/lucashermann/.texlive2020/texmf-v
ar/fonts/map/pdftex/updmap/pdftex.map): ambiguous entry for `rtxbsssl': font fi
le present but not included, will be treated as font file not present


pdfTeX warning: /usr/bin/pdflatex (file /home/lucashermann/.texlive2020/texmf-v
ar/fonts/map/pdftex/updmap/pdftex.map): ambiguous entry for `rtxphvb': font fil
e present but not included, will be treated as font file not present


pdfTeX warning: /usr/bin/pdflatex (file /home/lucashermann/.texlive2020/texmf-v
ar/fonts/map/pdftex/updmap/pdftex.map): fontmap entry for `rtxphvb' already exi
sts, duplicates ignored


pdfTeX warning: /usr/bin/pdflatex (file /home/lucashermann/.texlive2020/texmf-v
ar/fonts/map/pdftex/updmap/pdftex.map): ambiguous entry for `rtxphvbo': font fi
le present but not included, will be treated as font file not present


pdfTeX warning: /usr/bin/pdflatex (file /home/lucashermann/.texlive2020/texmf-v
ar/fonts/map/pdftex/updmap/pdftex.map): fontmap entry for `rtxphvbo' already ex
ists, duplicates ignored


pdfTeX warning: /usr/bin/pdflatex (file /home/lucashermann/.texlive2020/texmf-v
ar/fonts/map/pdftex/updmap/pdftex.map): ambiguous entry for `rtxphvr': font fil
e present but not included, will be treated as font file not present


pdfTeX warning: /usr/bin/pdflatex (file /home/lucashermann/.texlive2020/texmf-v
ar/fonts/map/pdftex/updmap/pdftex.map): fontmap entry for `rtxphvr' already exi
sts, duplicates ignored


pdfTeX warning: /usr/bin/pdflatex (file /home/lucashermann/.texlive2020/texmf-v
ar/fonts/map/pdftex/updmap/pdftex.map): ambiguous entry for `rtxphvro': font fi
le present but not included, will be treated as font file not present


pdfTeX warning: /usr/bin/pdflatex (file /home/lucashermann/.texlive2020/texmf-v
ar/fonts/map/pdftex/updmap/pdftex.map): fontmap entry for `rtxphvro' already ex
ists, duplicates ignored


pdfTeX warning: /usr/bin/pdflatex (file /home/lucashermann/.texlive2020/texmf-v
ar/fonts/map/pdftex/updmap/pdftex.map): ambiguous entry for `rtxptmb': font fil
e present but not included, will be treated as font file not present


pdfTeX warning: /usr/bin/pdflatex (file /home/lucashermann/.texlive2020/texmf-v
ar/fonts/map/pdftex/updmap/pdftex.map): fontmap entry for `rtxptmb' already exi
sts, duplicates ignored


pdfTeX warning: /usr/bin/pdflatex (file /home/lucashermann/.texlive2020/texmf-v
ar/fonts/map/pdftex/updmap/pdftex.map): ambiguous entry for `rtxptmbi': font fi
le present but not included, will be treated as font file not present


pdfTeX warning: /usr/bin/pdflatex (file /home/lucashermann/.texlive2020/texmf-v
ar/fonts/map/pdftex/updmap/pdftex.map): fontmap entry for `rtxptmbi' already ex
ists, duplicates ignored


pdfTeX warning: /usr/bin/pdflatex (file /home/lucashermann/.texlive2020/texmf-v
ar/fonts/map/pdftex/updmap/pdftex.map): ambiguous entry for `rtxptmbo': font fi
le present but not included, will be treated as font file not present


pdfTeX warning: /usr/bin/pdflatex (file /home/lucashermann/.texlive2020/texmf-v
ar/fonts/map/pdftex/updmap/pdftex.map): fontmap entry for `rtxptmbo' already ex
ists, duplicates ignored


pdfTeX warning: /usr/bin/pdflatex (file /home/lucashermann/.texlive2020/texmf-v
ar/fonts/map/pdftex/updmap/pdftex.map): ambiguous entry for `rtxptmr': font fil
e present but not included, will be treated as font file not present


pdfTeX warning: /usr/bin/pdflatex (file /home/lucashermann/.texlive2020/texmf-v
ar/fonts/map/pdftex/updmap/pdftex.map): fontmap entry for `rtxptmr' already exi
sts, duplicates ignored


pdfTeX warning: /usr/bin/pdflatex (file /home/lucashermann/.texlive2020/texmf-v
ar/fonts/map/pdftex/updmap/pdftex.map): ambiguous entry for `rtxptmri': font fi
le present but not included, will be treated as font file not present


pdfTeX warning: /usr/bin/pdflatex (file /home/lucashermann/.texlive2020/texmf-v
ar/fonts/map/pdftex/updmap/pdftex.map): fontmap entry for `rtxptmri' already ex
ists, duplicates ignored


pdfTeX warning: /usr/bin/pdflatex (file /home/lucashermann/.texlive2020/texmf-v
ar/fonts/map/pdftex/updmap/pdftex.map): ambiguous entry for `rtxptmro': font fi
le present but not included, will be treated as font file not present


pdfTeX warning: /usr/bin/pdflatex (file /home/lucashermann/.texlive2020/texmf-v
ar/fonts/map/pdftex/updmap/pdftex.map): fontmap entry for `rtxptmro' already ex
ists, duplicates ignored


pdfTeX warning: /usr/bin/pdflatex (file /home/lucashermann/.texlive2020/texmf-v
ar/fonts/map/pdftex/updmap/pdftex.map): ambiguous entry for `rtxsl': font file 
present but not included, will be treated as font file not present


pdfTeX warning: /usr/bin/pdflatex (file /home/lucashermann/.texlive2020/texmf-v
ar/fonts/map/pdftex/updmap/pdftex.map): ambiguous entry for `rtxsssl': font fil
e present but not included, will be treated as font file not present


pdfTeX warning: /usr/bin/pdflatex (file /home/lucashermann/.texlive2020/texmf-v
ar/fonts/map/pdftex/updmap/pdftex.map): ambiguous entry for `t1xbttsl': font fi
le present but not included, will be treated as font file not present


pdfTeX warning: /usr/bin/pdflatex (file /home/lucashermann/.texlive2020/texmf-v
ar/fonts/map/pdftex/updmap/pdftex.map): ambiguous entry for `t1xttsl': font fil
e present but not included, will be treated as font file not present


pdfTeX warning: /usr/bin/pdflatex (file /home/lucashermann/.texlive2020/texmf-v
ar/fonts/map/pdftex/updmap/pdftex.map): ambiguous entry for `tcxbttsl': font fi
le present but not included, will be treated as font file not present


pdfTeX warning: /usr/bin/pdflatex (file /home/lucashermann/.texlive2020/texmf-v
ar/fonts/map/pdftex/updmap/pdftex.map): ambiguous entry for `tcxttsl': font fil
e present but not included, will be treated as font file not present


pdfTeX warning: /usr/bin/pdflatex (file /home/lucashermann/.texlive2020/texmf-v
ar/fonts/map/pdftex/updmap/pdftex.map): ambiguous entry for `txbttsl': font fil
e present but not included, will be treated as font file not present


pdfTeX warning: /usr/bin/pdflatex (file /home/lucashermann/.texlive2020/texmf-v
ar/fonts/map/pdftex/updmap/pdftex.map): ambiguous entry for `txttsl': font file
 present but not included, will be treated as font file not present
} </home/lucashermann/texmf/tex/latex/tubs/logos/TUBraunschweig_RGB.pdf> <./InA
-Logo-rgb.pdf> <../pics/placeholder.pdf

pdfTeX warning: /usr/bin/pdflatex (file ../pics/placeholder.pdf): PDF inclusion
: multiple pdfs with page group included in a single page
>] (./2099_StA_Name_Deckblatt_v2.aux) ) 
Here is how much of TeX's memory you used:
 10568 strings out of 480623
 220338 string characters out of 5906692
 608368 words of memory out of 5000000
 26317 multiletter control sequences out of 15000+600000
 576091 words of font info for 40 fonts, out of 8000000 for 9000
 1137 hyphenation exceptions out of 8191
 57i,13n,81p,10176b,685s stack positions out of 5000i,500n,10000p,200000b,80000s
{/home/lucashermann/texmf/fonts/enc/dvip
s/Fontshop/a_molob5.enc}</home/lucashermann/texmf/fonts/type1/Nexus/NexusSansPr
o-Bold.pfb></home/lucashermann/texmf/fonts/type1/Nexus/NexusSansPro-Regular.pfb
>
Output written on 2099_StA_Name_Deckblatt_v2.pdf (1 page, 58785 bytes).
PDF statistics:
 24 PDF objects out of 1000 (max. 8388607)
 15 compressed objects within 1 object stream
 0 named destinations out of 1000 (max. 500000)
 16 words of extra memory for PDF output out of 10000 (max. 10000000)

