This is pdfTeX, Version 3.14159265-2.6-1.40.21 (TeX Live 2020) (preloaded format=pdflatex 2021.1.28)  28 OCT 2021 10:47
entering extended mode
 \write18 enabled.
 %&-line parsing enabled.
**beamer_example.tex
(./beamer_example.tex
LaTeX2e <2020-02-02> patch level 5
L3 programming layer <2020-04-06>
(/usr/share/texlive/texmf-dist/tex/latex/beamer/beamer.cls
Document Class: beamer 2019/09/29 v3.57 A class for typesetting presentations
(/usr/share/texlive/texmf-dist/tex/latex/beamer/beamerbasemodes.sty
(/usr/share/texlive/texmf-dist/tex/latex/etoolbox/etoolbox.sty
Package: etoolbox 2019/09/21 v2.5h e-TeX tools for LaTeX (JAW)
\etb@tempcnta=\count167
)
\beamer@tempbox=\box45
\beamer@tempcount=\count168
\c@beamerpauses=\count169

(/usr/share/texlive/texmf-dist/tex/latex/beamer/beamerbasedecode.sty
\beamer@slideinframe=\count170
\beamer@minimum=\count171
\beamer@decode@box=\box46
)
\beamer@commentbox=\box47
\beamer@modecount=\count172
)
(/usr/share/texlive/texmf-dist/tex/generic/iftex/ifpdf.sty
Package: ifpdf 2019/10/25 v3.4 ifpdf legacy package. Use iftex instead.

(/usr/share/texlive/texmf-dist/tex/generic/iftex/iftex.sty
Package: iftex 2020/03/06 v1.0d TeX engine tests
))
\headdp=\dimen134
\footheight=\dimen135
\sidebarheight=\dimen136
\beamer@tempdim=\dimen137
\beamer@finalheight=\dimen138
\beamer@animht=\dimen139
\beamer@animdp=\dimen140
\beamer@animwd=\dimen141
\beamer@leftmargin=\dimen142
\beamer@rightmargin=\dimen143
\beamer@leftsidebar=\dimen144
\beamer@rightsidebar=\dimen145
\beamer@boxsize=\dimen146
\beamer@vboxoffset=\dimen147
\beamer@descdefault=\dimen148
\beamer@descriptionwidth=\dimen149
\beamer@lastskip=\skip47
\beamer@areabox=\box48
\beamer@animcurrent=\box49
\beamer@animshowbox=\box50
\beamer@sectionbox=\box51
\beamer@logobox=\box52
\beamer@linebox=\box53
\beamer@sectioncount=\count173
\beamer@subsubsectionmax=\count174
\beamer@subsectionmax=\count175
\beamer@sectionmax=\count176
\beamer@totalheads=\count177
\beamer@headcounter=\count178
\beamer@partstartpage=\count179
\beamer@sectionstartpage=\count180
\beamer@subsectionstartpage=\count181
\beamer@animationtempa=\count182
\beamer@animationtempb=\count183
\beamer@xpos=\count184
\beamer@ypos=\count185
\beamer@ypos@offset=\count186
\beamer@showpartnumber=\count187
\beamer@currentsubsection=\count188
\beamer@coveringdepth=\count189
\beamer@sectionadjust=\count190
\beamer@tocsectionnumber=\count191

(/usr/share/texlive/texmf-dist/tex/latex/beamer/beamerbaseoptions.sty
(/usr/share/texlive/texmf-dist/tex/latex/graphics/keyval.sty
Package: keyval 2014/10/28 v1.15 key=value parser (DPC)
\KV@toks@=\toks15
))
\beamer@paperwidth=\skip48
\beamer@paperheight=\skip49

(/usr/share/texlive/texmf-dist/tex/latex/geometry/geometry.sty
Package: geometry 2020/01/02 v5.9 Page Geometry

(/usr/share/texlive/texmf-dist/tex/generic/iftex/ifvtex.sty
Package: ifvtex 2019/10/25 v1.7 ifvtex legacy package. Use iftex instead.
)
\Gm@cnth=\count192
\Gm@cntv=\count193
\c@Gm@tempcnt=\count194
\Gm@bindingoffset=\dimen150
\Gm@wd@mp=\dimen151
\Gm@odd@mp=\dimen152
\Gm@even@mp=\dimen153
\Gm@layoutwidth=\dimen154
\Gm@layoutheight=\dimen155
\Gm@layouthoffset=\dimen156
\Gm@layoutvoffset=\dimen157
\Gm@dimlist=\toks16
)
(/usr/share/texlive/texmf-dist/tex/latex/base/fleqn.clo
File: fleqn.clo 2016/12/29 v1.2b Standard LaTeX option (flush left equations)
\mathindent=\dimen158
Applying: [2015/01/01] Make \[ robust on input line 50.
LaTeX Info: Redefining \[ on input line 51.
Already applied: [0000/00/00] Make \[ robust on input line 62.
Applying: [2015/01/01] Make \] robust on input line 74.
LaTeX Info: Redefining \] on input line 75.
Already applied: [0000/00/00] Make \] robust on input line 83.
)
(/usr/share/texlive/texmf-dist/tex/latex/base/size11.clo
File: size11.clo 2019/12/20 v1.4l Standard LaTeX file (size option)
)
(/usr/share/texlive/texmf-dist/tex/latex/pgf/basiclayer/pgfcore.sty
(/usr/share/texlive/texmf-dist/tex/latex/graphics/graphicx.sty
Package: graphicx 2019/11/30 v1.2a Enhanced LaTeX Graphics (DPC,SPQR)

(/usr/share/texlive/texmf-dist/tex/latex/graphics/graphics.sty
Package: graphics 2019/11/30 v1.4a Standard LaTeX Graphics (DPC,SPQR)

(/usr/share/texlive/texmf-dist/tex/latex/graphics/trig.sty
Package: trig 2016/01/03 v1.10 sin cos tan (DPC)
)
(/usr/share/texlive/texmf-dist/tex/latex/graphics-cfg/graphics.cfg
File: graphics.cfg 2016/06/04 v1.11 sample graphics configuration
)
Package graphics Info: Driver file: pdftex.def on input line 105.

(/usr/share/texlive/texmf-dist/tex/latex/graphics-def/pdftex.def
File: pdftex.def 2018/01/08 v1.0l Graphics/color driver for pdftex
))
\Gin@req@height=\dimen159
\Gin@req@width=\dimen160
)
(/usr/share/texlive/texmf-dist/tex/latex/pgf/systemlayer/pgfsys.sty
(/usr/share/texlive/texmf-dist/tex/latex/pgf/utilities/pgfrcs.sty
(/usr/share/texlive/texmf-dist/tex/generic/pgf/utilities/pgfutil-common.tex
\pgfutil@everybye=\toks17
\pgfutil@tempdima=\dimen161
\pgfutil@tempdimb=\dimen162

(/usr/share/texlive/texmf-dist/tex/generic/pgf/utilities/pgfutil-common-lists.t
ex)) (/usr/share/texlive/texmf-dist/tex/generic/pgf/utilities/pgfutil-latex.def
\pgfutil@abb=\box54
(/usr/share/texlive/texmf-dist/tex/latex/ms/everyshi.sty
Package: everyshi 2001/05/15 v3.00 EveryShipout Package (MS)
))
(/usr/share/texlive/texmf-dist/tex/generic/pgf/utilities/pgfrcs.code.tex
(/usr/share/texlive/texmf-dist/tex/generic/pgf/pgf.revision.tex)
Package: pgfrcs 2020/01/08 v3.1.5b (3.1.5b)
))
(/usr/share/texlive/texmf-dist/tex/generic/pgf/systemlayer/pgfsys.code.tex
Package: pgfsys 2020/01/08 v3.1.5b (3.1.5b)

(/usr/share/texlive/texmf-dist/tex/generic/pgf/utilities/pgfkeys.code.tex
\pgfkeys@pathtoks=\toks18
\pgfkeys@temptoks=\toks19

(/usr/share/texlive/texmf-dist/tex/generic/pgf/utilities/pgfkeysfiltered.code.t
ex
\pgfkeys@tmptoks=\toks20
))
\pgf@x=\dimen163
\pgf@y=\dimen164
\pgf@xa=\dimen165
\pgf@ya=\dimen166
\pgf@xb=\dimen167
\pgf@yb=\dimen168
\pgf@xc=\dimen169
\pgf@yc=\dimen170
\pgf@xd=\dimen171
\pgf@yd=\dimen172
\w@pgf@writea=\write3
\r@pgf@reada=\read2
\c@pgf@counta=\count195
\c@pgf@countb=\count196
\c@pgf@countc=\count197
\c@pgf@countd=\count198
\t@pgf@toka=\toks21
\t@pgf@tokb=\toks22
\t@pgf@tokc=\toks23
\pgf@sys@id@count=\count199
 (/usr/share/texlive/texmf-dist/tex/generic/pgf/systemlayer/pgf.cfg
File: pgf.cfg 2020/01/08 v3.1.5b (3.1.5b)
)
Driver file for pgf: pgfsys-pdftex.def

(/usr/share/texlive/texmf-dist/tex/generic/pgf/systemlayer/pgfsys-pdftex.def
File: pgfsys-pdftex.def 2020/01/08 v3.1.5b (3.1.5b)

(/usr/share/texlive/texmf-dist/tex/generic/pgf/systemlayer/pgfsys-common-pdf.de
f
File: pgfsys-common-pdf.def 2020/01/08 v3.1.5b (3.1.5b)
)))
(/usr/share/texlive/texmf-dist/tex/generic/pgf/systemlayer/pgfsyssoftpath.code.
tex
File: pgfsyssoftpath.code.tex 2020/01/08 v3.1.5b (3.1.5b)
\pgfsyssoftpath@smallbuffer@items=\count266
\pgfsyssoftpath@bigbuffer@items=\count267
)
(/usr/share/texlive/texmf-dist/tex/generic/pgf/systemlayer/pgfsysprotocol.code.
tex
File: pgfsysprotocol.code.tex 2020/01/08 v3.1.5b (3.1.5b)
)) (/usr/share/texlive/texmf-dist/tex/latex/xcolor/xcolor.sty
Package: xcolor 2016/05/11 v2.12 LaTeX color extensions (UK)

(/usr/share/texlive/texmf-dist/tex/latex/graphics-cfg/color.cfg
File: color.cfg 2016/01/02 v1.6 sample color configuration
)
Package xcolor Info: Driver file: pdftex.def on input line 225.
Package xcolor Info: Model `cmy' substituted by `cmy0' on input line 1348.
Package xcolor Info: Model `hsb' substituted by `rgb' on input line 1352.
Package xcolor Info: Model `RGB' extended on input line 1364.
Package xcolor Info: Model `HTML' substituted by `rgb' on input line 1366.
Package xcolor Info: Model `Hsb' substituted by `hsb' on input line 1367.
Package xcolor Info: Model `tHsb' substituted by `hsb' on input line 1368.
Package xcolor Info: Model `HSB' substituted by `hsb' on input line 1369.
Package xcolor Info: Model `Gray' substituted by `gray' on input line 1370.
Package xcolor Info: Model `wave' substituted by `hsb' on input line 1371.
)
(/usr/share/texlive/texmf-dist/tex/generic/pgf/basiclayer/pgfcore.code.tex
Package: pgfcore 2020/01/08 v3.1.5b (3.1.5b)

(/usr/share/texlive/texmf-dist/tex/generic/pgf/math/pgfmath.code.tex
(/usr/share/texlive/texmf-dist/tex/generic/pgf/math/pgfmathcalc.code.tex
(/usr/share/texlive/texmf-dist/tex/generic/pgf/math/pgfmathutil.code.tex)
(/usr/share/texlive/texmf-dist/tex/generic/pgf/math/pgfmathparser.code.tex
\pgfmath@dimen=\dimen173
\pgfmath@count=\count268
\pgfmath@box=\box55
\pgfmath@toks=\toks24
\pgfmath@stack@operand=\toks25
\pgfmath@stack@operation=\toks26
)
(/usr/share/texlive/texmf-dist/tex/generic/pgf/math/pgfmathfunctions.code.tex
(/usr/share/texlive/texmf-dist/tex/generic/pgf/math/pgfmathfunctions.basic.code
.tex)
(/usr/share/texlive/texmf-dist/tex/generic/pgf/math/pgfmathfunctions.trigonomet
ric.code.tex)
(/usr/share/texlive/texmf-dist/tex/generic/pgf/math/pgfmathfunctions.random.cod
e.tex)
(/usr/share/texlive/texmf-dist/tex/generic/pgf/math/pgfmathfunctions.comparison
.code.tex)
(/usr/share/texlive/texmf-dist/tex/generic/pgf/math/pgfmathfunctions.base.code.
tex)
(/usr/share/texlive/texmf-dist/tex/generic/pgf/math/pgfmathfunctions.round.code
.tex)
(/usr/share/texlive/texmf-dist/tex/generic/pgf/math/pgfmathfunctions.misc.code.
tex)
(/usr/share/texlive/texmf-dist/tex/generic/pgf/math/pgfmathfunctions.integerari
thmetics.code.tex)))
(/usr/share/texlive/texmf-dist/tex/generic/pgf/math/pgfmathfloat.code.tex
\c@pgfmathroundto@lastzeros=\count269
))
(/usr/share/texlive/texmf-dist/tex/generic/pgf/math/pgfint.code.tex)
(/usr/share/texlive/texmf-dist/tex/generic/pgf/basiclayer/pgfcorepoints.code.te
x
File: pgfcorepoints.code.tex 2020/01/08 v3.1.5b (3.1.5b)
\pgf@picminx=\dimen174
\pgf@picmaxx=\dimen175
\pgf@picminy=\dimen176
\pgf@picmaxy=\dimen177
\pgf@pathminx=\dimen178
\pgf@pathmaxx=\dimen179
\pgf@pathminy=\dimen180
\pgf@pathmaxy=\dimen181
\pgf@xx=\dimen182
\pgf@xy=\dimen183
\pgf@yx=\dimen184
\pgf@yy=\dimen185
\pgf@zx=\dimen186
\pgf@zy=\dimen187
)
(/usr/share/texlive/texmf-dist/tex/generic/pgf/basiclayer/pgfcorepathconstruct.
code.tex
File: pgfcorepathconstruct.code.tex 2020/01/08 v3.1.5b (3.1.5b)
\pgf@path@lastx=\dimen188
\pgf@path@lasty=\dimen189
)
(/usr/share/texlive/texmf-dist/tex/generic/pgf/basiclayer/pgfcorepathusage.code
.tex
File: pgfcorepathusage.code.tex 2020/01/08 v3.1.5b (3.1.5b)
\pgf@shorten@end@additional=\dimen190
\pgf@shorten@start@additional=\dimen191
)
(/usr/share/texlive/texmf-dist/tex/generic/pgf/basiclayer/pgfcorescopes.code.te
x
File: pgfcorescopes.code.tex 2020/01/08 v3.1.5b (3.1.5b)
\pgfpic=\box56
\pgf@hbox=\box57
\pgf@layerbox@main=\box58
\pgf@picture@serial@count=\count270
)
(/usr/share/texlive/texmf-dist/tex/generic/pgf/basiclayer/pgfcoregraphicstate.c
ode.tex
File: pgfcoregraphicstate.code.tex 2020/01/08 v3.1.5b (3.1.5b)
\pgflinewidth=\dimen192
)
(/usr/share/texlive/texmf-dist/tex/generic/pgf/basiclayer/pgfcoretransformation
s.code.tex
File: pgfcoretransformations.code.tex 2020/01/08 v3.1.5b (3.1.5b)
\pgf@pt@x=\dimen193
\pgf@pt@y=\dimen194
\pgf@pt@temp=\dimen195
)
(/usr/share/texlive/texmf-dist/tex/generic/pgf/basiclayer/pgfcorequick.code.tex
File: pgfcorequick.code.tex 2020/01/08 v3.1.5b (3.1.5b)
)
(/usr/share/texlive/texmf-dist/tex/generic/pgf/basiclayer/pgfcoreobjects.code.t
ex
File: pgfcoreobjects.code.tex 2020/01/08 v3.1.5b (3.1.5b)
)
(/usr/share/texlive/texmf-dist/tex/generic/pgf/basiclayer/pgfcorepathprocessing
.code.tex
File: pgfcorepathprocessing.code.tex 2020/01/08 v3.1.5b (3.1.5b)
)
(/usr/share/texlive/texmf-dist/tex/generic/pgf/basiclayer/pgfcorearrows.code.te
x
File: pgfcorearrows.code.tex 2020/01/08 v3.1.5b (3.1.5b)
\pgfarrowsep=\dimen196
)
(/usr/share/texlive/texmf-dist/tex/generic/pgf/basiclayer/pgfcoreshade.code.tex
File: pgfcoreshade.code.tex 2020/01/08 v3.1.5b (3.1.5b)
\pgf@max=\dimen197
\pgf@sys@shading@range@num=\count271
\pgf@shadingcount=\count272
)
(/usr/share/texlive/texmf-dist/tex/generic/pgf/basiclayer/pgfcoreimage.code.tex
File: pgfcoreimage.code.tex 2020/01/08 v3.1.5b (3.1.5b)

(/usr/share/texlive/texmf-dist/tex/generic/pgf/basiclayer/pgfcoreexternal.code.
tex
File: pgfcoreexternal.code.tex 2020/01/08 v3.1.5b (3.1.5b)
\pgfexternal@startupbox=\box59
))
(/usr/share/texlive/texmf-dist/tex/generic/pgf/basiclayer/pgfcorelayers.code.te
x
File: pgfcorelayers.code.tex 2020/01/08 v3.1.5b (3.1.5b)
)
(/usr/share/texlive/texmf-dist/tex/generic/pgf/basiclayer/pgfcoretransparency.c
ode.tex
File: pgfcoretransparency.code.tex 2020/01/08 v3.1.5b (3.1.5b)
)
(/usr/share/texlive/texmf-dist/tex/generic/pgf/basiclayer/pgfcorepatterns.code.
tex
File: pgfcorepatterns.code.tex 2020/01/08 v3.1.5b (3.1.5b)
)
(/usr/share/texlive/texmf-dist/tex/generic/pgf/basiclayer/pgfcorerdf.code.tex
File: pgfcorerdf.code.tex 2020/01/08 v3.1.5b (3.1.5b)
))) (/usr/share/texlive/texmf-dist/tex/latex/pgf/utilities/xxcolor.sty
Package: xxcolor 2003/10/24 ver 0.1
\XC@nummixins=\count273
\XC@countmixins=\count274
)
(/usr/share/texlive/texmf-dist/tex/generic/atbegshi/atbegshi.sty
Package: atbegshi 2019/12/05 v1.19 At begin shipout hook (HO)

(/usr/share/texlive/texmf-dist/tex/generic/infwarerr/infwarerr.sty
Package: infwarerr 2019/12/03 v1.5 Providing info/warning/error messages (HO)
)
(/usr/share/texlive/texmf-dist/tex/generic/ltxcmds/ltxcmds.sty
Package: ltxcmds 2019/12/15 v1.24 LaTeX kernel commands for general use (HO)
))
(/usr/share/texlive/texmf-dist/tex/latex/hyperref/hyperref.sty
Package: hyperref 2020/01/14 v7.00d Hypertext links for LaTeX

(/usr/share/texlive/texmf-dist/tex/latex/pdftexcmds/pdftexcmds.sty
Package: pdftexcmds 2019/11/24 v0.31 Utility functions of pdfTeX for LuaTeX (HO
)
Package pdftexcmds Info: \pdf@primitive is available.
Package pdftexcmds Info: \pdf@ifprimitive is available.
Package pdftexcmds Info: \pdfdraftmode found.
)
(/usr/share/texlive/texmf-dist/tex/generic/kvsetkeys/kvsetkeys.sty
Package: kvsetkeys 2019/12/15 v1.18 Key value parser (HO)
)
(/usr/share/texlive/texmf-dist/tex/generic/kvdefinekeys/kvdefinekeys.sty
Package: kvdefinekeys 2019-12-19 v1.6 Define keys (HO)
)
(/usr/share/texlive/texmf-dist/tex/generic/pdfescape/pdfescape.sty
Package: pdfescape 2019/12/09 v1.15 Implements pdfTeX's escape features (HO)
)
(/usr/share/texlive/texmf-dist/tex/latex/hycolor/hycolor.sty
Package: hycolor 2020-01-27 v1.10 Color options for hyperref/bookmark (HO)
)
(/usr/share/texlive/texmf-dist/tex/latex/letltxmacro/letltxmacro.sty
Package: letltxmacro 2019/12/03 v1.6 Let assignment for LaTeX macros (HO)
)
(/usr/share/texlive/texmf-dist/tex/latex/auxhook/auxhook.sty
Package: auxhook 2019-12-17 v1.6 Hooks for auxiliary files (HO)
)
(/usr/share/texlive/texmf-dist/tex/latex/kvoptions/kvoptions.sty
Package: kvoptions 2019/11/29 v3.13 Key value format for package options (HO)
)
\@linkdim=\dimen198
\Hy@linkcounter=\count275
\Hy@pagecounter=\count276

(/usr/share/texlive/texmf-dist/tex/latex/hyperref/pd1enc.def
File: pd1enc.def 2020/01/14 v7.00d Hyperref: PDFDocEncoding definition (HO)
Now handling font encoding PD1 ...
... no UTF-8 mapping file for font encoding PD1
)
(/usr/share/texlive/texmf-dist/tex/generic/intcalc/intcalc.sty
Package: intcalc 2019/12/15 v1.3 Expandable calculations with integers (HO)
)
(/usr/share/texlive/texmf-dist/tex/generic/etexcmds/etexcmds.sty
Package: etexcmds 2019/12/15 v1.7 Avoid name clashes with e-TeX commands (HO)
)
\Hy@SavedSpaceFactor=\count277
Package hyperref Info: Option `bookmarks' set `true' on input line 4421.
Package hyperref Info: Option `bookmarksopen' set `true' on input line 4421.
Package hyperref Info: Option `implicit' set `false' on input line 4421.
Package hyperref Info: Hyper figures OFF on input line 4547.
Package hyperref Info: Link nesting OFF on input line 4552.
Package hyperref Info: Hyper index ON on input line 4555.
Package hyperref Info: Plain pages OFF on input line 4562.
Package hyperref Info: Backreferencing OFF on input line 4567.
Package hyperref Info: Implicit mode OFF; no redefinition of LaTeX internals.
Package hyperref Info: Bookmarks ON on input line 4800.
\c@Hy@tempcnt=\count278

(/usr/share/texlive/texmf-dist/tex/latex/url/url.sty
\Urlmuskip=\muskip16
Package: url 2013/09/16  ver 3.4  Verb mode for urls, etc.
)
LaTeX Info: Redefining \url on input line 5159.
\XeTeXLinkMargin=\dimen199

(/usr/share/texlive/texmf-dist/tex/generic/bitset/bitset.sty
Package: bitset 2019/12/09 v1.3 Handle bit-vector datatype (HO)

(/usr/share/texlive/texmf-dist/tex/generic/bigintcalc/bigintcalc.sty
Package: bigintcalc 2019/12/15 v1.5 Expandable calculations on big integers (HO
)
))
\Fld@menulength=\count279
\Field@Width=\dimen256
\Fld@charsize=\dimen257
Package hyperref Info: Hyper figures OFF on input line 6430.
Package hyperref Info: Link nesting OFF on input line 6435.
Package hyperref Info: Hyper index ON on input line 6438.
Package hyperref Info: backreferencing OFF on input line 6445.
Package hyperref Info: Link coloring OFF on input line 6450.
Package hyperref Info: Link coloring with OCG OFF on input line 6455.
Package hyperref Info: PDF/A mode OFF on input line 6460.
LaTeX Info: Redefining \ref on input line 6500.
LaTeX Info: Redefining \pageref on input line 6504.
\Hy@abspage=\count280


Package hyperref Message: Stopped early.

)
Package hyperref Info: Driver (autodetected): hpdftex.
 (/usr/share/texlive/texmf-dist/tex/latex/hyperref/hpdftex.def
File: hpdftex.def 2020/01/14 v7.00d Hyperref driver for pdfTeX

(/usr/share/texlive/texmf-dist/tex/latex/atveryend/atveryend.sty
Package: atveryend 2019-12-11 v1.11 Hooks at the very end of document (HO)
)
\Fld@listcount=\count281
\c@bookmark@seq@number=\count282

(/usr/share/texlive/texmf-dist/tex/latex/rerunfilecheck/rerunfilecheck.sty
Package: rerunfilecheck 2019/12/05 v1.9 Rerun checks for auxiliary files (HO)

(/usr/share/texlive/texmf-dist/tex/generic/uniquecounter/uniquecounter.sty
Package: uniquecounter 2019/12/15 v1.4 Provide unlimited unique counter (HO)
)
Package uniquecounter Info: New unique counter `rerunfilecheck' on input line 2
86.
))
(/usr/share/texlive/texmf-dist/tex/latex/beamer/beamerbaserequires.sty
(/usr/share/texlive/texmf-dist/tex/latex/beamer/beamerbasecompatibility.sty)
(/usr/share/texlive/texmf-dist/tex/latex/beamer/beamerbasefont.sty
(/usr/share/texlive/texmf-dist/tex/latex/amsfonts/amssymb.sty
Package: amssymb 2013/01/14 v3.01 AMS font symbols

(/usr/share/texlive/texmf-dist/tex/latex/amsfonts/amsfonts.sty
Package: amsfonts 2013/01/14 v3.01 Basic AMSFonts support
\@emptytoks=\toks27
\symAMSa=\mathgroup4
\symAMSb=\mathgroup5
LaTeX Font Info:    Redeclaring math symbol \hbar on input line 98.
LaTeX Font Info:    Overwriting math alphabet `\mathfrak' in version `bold'
(Font)                  U/euf/m/n --> U/euf/b/n on input line 106.
))
(/usr/share/texlive/texmf-dist/tex/latex/sansmathaccent/sansmathaccent.sty
Package: sansmathaccent 2020/01/31

(/usr/share/texlive/texmf-dist/tex/latex/koma-script/scrlfile.sty
Package: scrlfile 2020/04/19 v3.30 KOMA-Script package (loading files)
)))
(/usr/share/texlive/texmf-dist/tex/latex/beamer/beamerbasetranslator.sty
(/usr/share/texlive/texmf-dist/tex/latex/translator/translator.sty
Package: translator 2019-05-31 v1.12a Easy translation of strings in LaTeX
))
(/usr/share/texlive/texmf-dist/tex/latex/beamer/beamerbasemisc.sty)
(/usr/share/texlive/texmf-dist/tex/latex/beamer/beamerbasetwoscreens.sty)
(/usr/share/texlive/texmf-dist/tex/latex/beamer/beamerbaseoverlay.sty
\beamer@argscount=\count283
\beamer@lastskipcover=\skip50
\beamer@trivlistdepth=\count284
)
(/usr/share/texlive/texmf-dist/tex/latex/beamer/beamerbasetitle.sty)
(/usr/share/texlive/texmf-dist/tex/latex/beamer/beamerbasesection.sty
\c@lecture=\count285
\c@part=\count286
\c@section=\count287
\c@subsection=\count288
\c@subsubsection=\count289
)
(/usr/share/texlive/texmf-dist/tex/latex/beamer/beamerbaseframe.sty
\beamer@framebox=\box60
\beamer@frametitlebox=\box61
\beamer@zoombox=\box62
\beamer@zoomcount=\count290
\beamer@zoomframecount=\count291
\beamer@frametextheight=\dimen258
\c@subsectionslide=\count292
\beamer@frametopskip=\skip51
\beamer@framebottomskip=\skip52
\beamer@frametopskipautobreak=\skip53
\beamer@framebottomskipautobreak=\skip54
\beamer@envbody=\toks28
\framewidth=\dimen259
\c@framenumber=\count293
)
(/usr/share/texlive/texmf-dist/tex/latex/beamer/beamerbaseverbatim.sty
\beamer@verbatimfileout=\write4
)
(/usr/share/texlive/texmf-dist/tex/latex/beamer/beamerbaseframesize.sty
\beamer@splitbox=\box63
\beamer@autobreakcount=\count294
\beamer@autobreaklastheight=\dimen260
\beamer@frametitletoks=\toks29
\beamer@framesubtitletoks=\toks30
)
(/usr/share/texlive/texmf-dist/tex/latex/beamer/beamerbaseframecomponents.sty
\beamer@footins=\box64
)
(/usr/share/texlive/texmf-dist/tex/latex/beamer/beamerbasecolor.sty)
(/usr/share/texlive/texmf-dist/tex/latex/beamer/beamerbasenotes.sty
\beamer@frameboxcopy=\box65
)
(/usr/share/texlive/texmf-dist/tex/latex/beamer/beamerbasetoc.sty)
(/usr/share/texlive/texmf-dist/tex/latex/beamer/beamerbasetemplates.sty
\beamer@sbttoks=\toks31

(/usr/share/texlive/texmf-dist/tex/latex/beamer/beamerbaseauxtemplates.sty
(/usr/share/texlive/texmf-dist/tex/latex/beamer/beamerbaseboxes.sty
\bmb@box=\box66
\bmb@colorbox=\box67
\bmb@boxshadow=\box68
\bmb@boxshadowball=\box69
\bmb@boxshadowballlarge=\box70
\bmb@temp=\dimen261
\bmb@dima=\dimen262
\bmb@dimb=\dimen263
\bmb@prevheight=\dimen264
)
\beamer@blockheadheight=\dimen265
))
(/usr/share/texlive/texmf-dist/tex/latex/beamer/beamerbaselocalstructure.sty
(/usr/share/texlive/texmf-dist/tex/latex/tools/enumerate.sty
Package: enumerate 2015/07/23 v3.00 enumerate extensions (DPC)
\@enLab=\toks32
)
\c@figure=\count295
\c@table=\count296
\abovecaptionskip=\skip55
\belowcaptionskip=\skip56
)
(/usr/share/texlive/texmf-dist/tex/latex/beamer/beamerbasenavigation.sty
\beamer@section@min@dim=\dimen266
)
(/usr/share/texlive/texmf-dist/tex/latex/beamer/beamerbasetheorems.sty
(/usr/share/texlive/texmf-dist/tex/latex/amsmath/amsmath.sty
Package: amsmath 2020/01/20 v2.17e AMS math features
\@mathmargin=\skip57

For additional information on amsmath, use the `?' option.
(/usr/share/texlive/texmf-dist/tex/latex/amsmath/amstext.sty
Package: amstext 2000/06/29 v2.01 AMS text

(/usr/share/texlive/texmf-dist/tex/latex/amsmath/amsgen.sty
File: amsgen.sty 1999/11/30 v2.0 generic functions
\@emptytoks=\toks33
\ex@=\dimen267
))
(/usr/share/texlive/texmf-dist/tex/latex/amsmath/amsbsy.sty
Package: amsbsy 1999/11/29 v1.2d Bold Symbols
\pmbraise@=\dimen268
)
(/usr/share/texlive/texmf-dist/tex/latex/amsmath/amsopn.sty
Package: amsopn 2016/03/08 v2.02 operator names
)
\inf@bad=\count297
LaTeX Info: Redefining \frac on input line 227.
\uproot@=\count298
\leftroot@=\count299
LaTeX Info: Redefining \overline on input line 389.
\classnum@=\count300
\DOTSCASE@=\count301
LaTeX Info: Redefining \ldots on input line 486.
LaTeX Info: Redefining \dots on input line 489.
LaTeX Info: Redefining \cdots on input line 610.
\Mathstrutbox@=\box71
\strutbox@=\box72
\big@size=\dimen269
LaTeX Font Info:    Redeclaring font encoding OML on input line 733.
LaTeX Font Info:    Redeclaring font encoding OMS on input line 734.
\macc@depth=\count302
\c@MaxMatrixCols=\count303
\dotsspace@=\muskip17
\c@parentequation=\count304
\dspbrk@lvl=\count305
\tag@help=\toks34
\row@=\count306
\column@=\count307
\maxfields@=\count308
\andhelp@=\toks35
\eqnshift@=\dimen270
\alignsep@=\dimen271
\tagshift@=\dimen272
\tagwidth@=\dimen273
\totwidth@=\dimen274
\lineht@=\dimen275
\@envbody=\toks36
\multlinegap=\skip58
\multlinetaggap=\skip59
\mathdisplay@stack=\toks37
LaTeX Info: Redefining \[ on input line 2859.
LaTeX Info: Redefining \] on input line 2860.
)
(/usr/share/texlive/texmf-dist/tex/latex/amscls/amsthm.sty
Package: amsthm 2017/10/31 v2.20.4
\thm@style=\toks38
\thm@bodyfont=\toks39
\thm@headfont=\toks40
\thm@notefont=\toks41
\thm@headpunct=\toks42
\thm@preskip=\skip60
\thm@postskip=\skip61
\thm@headsep=\skip62
\dth@everypar=\toks43
)
\c@theorem=\count309
)
(/usr/share/texlive/texmf-dist/tex/latex/beamer/beamerbasethemes.sty))
(/usr/share/texlive/texmf-dist/tex/latex/beamer/beamerthemedefault.sty
(/usr/share/texlive/texmf-dist/tex/latex/beamer/beamerfontthemedefault.sty)
(/usr/share/texlive/texmf-dist/tex/latex/beamer/beamercolorthemedefault.sty)
(/usr/share/texlive/texmf-dist/tex/latex/beamer/beamerinnerthemedefault.sty
\beamer@dima=\dimen276
\beamer@dimb=\dimen277
)
(/usr/share/texlive/texmf-dist/tex/latex/beamer/beamerouterthemedefault.sty)))
(/usr/share/texlive/texmf-dist/tex/generic/babel/babel.sty
Package: babel 2020/03/22 3.42 The Babel package

(/usr/share/texlive/texmf-dist/tex/generic/babel/switch.def
File: switch.def 2020/03/22 3.42 Babel switching mechanism
)
(/usr/share/texlive/texmf-dist/tex/generic/babel-english/english.ldf
Language: english 2017/06/06 v3.3r English support from the babel system

(/usr/share/texlive/texmf-dist/tex/generic/babel/babel.def
File: babel.def 2020/03/22 3.42 Babel common definitions
\babel@savecnt=\count310
\U@D=\dimen278

(/usr/share/texlive/texmf-dist/tex/generic/babel/txtbabel.def)
\bbl@readstream=\read3
LaTeX Info: Redefining \textlatin on input line 2435.
\bbl@dirlevel=\count311
)
Package babel Info: \l@canadian = using hyphenrules for english
(babel)             (\language0) on input line 102.
Package babel Info: \l@australian = using hyphenrules for ukenglish
(babel)             (\language27) on input line 105.
Package babel Info: \l@newzealand = using hyphenrules for ukenglish
(babel)             (\language27) on input line 108.
))
(/usr/share/texlive/texmf-dist/tex/latex/base/inputenc.sty
Package: inputenc 2018/08/11 v1.3c Input encoding file
\inpenc@prehook=\toks44
\inpenc@posthook=\toks45

(/usr/share/texlive/texmf-dist/tex/latex/ucs/utf8x.def
File: utf8x.def 2004/10/17 UCS: Input encoding UTF-8
))
(/usr/share/texlive/texmf-dist/tex/latex/ucs/ucs.sty
Package: ucs 2013/05/11 v2.2 UCS: Unicode input support

(/usr/share/texlive/texmf-dist/tex/latex/ucs/data/uni-global.def
File: uni-global.def 2013/05/13 UCS: Unicode global data
)
\uc@secondtry=\count312
\uc@combtoks=\toks46
\uc@combtoksb=\toks47
\uc@temptokena=\toks48
)
\sympureletters=\mathgroup6
LaTeX Font Info:    Overwriting symbol font `pureletters' in version `bold'
(Font)                  OT1/mathkerncmss/m/sl --> OT1/mathkerncmss/bx/sl on inp
ut line 8.

(/usr/share/texlive/texmf-dist/tex/latex/tools/bm.sty
Package: bm 2019/07/24 v1.2d Bold Symbol Support (DPC/FMi)
\symboldoperators=\mathgroup7
\symboldletters=\mathgroup8
\symboldsymbols=\mathgroup9
\symboldpureletters=\mathgroup10
LaTeX Font Info:    Redeclaring math alphabet \mathbf on input line 141.
LaTeX Info: Redefining \bm on input line 209.
)
(/usr/share/texlive/texmf-dist/tex/latex/caption/subcaption.sty
Package: subcaption 2020/01/22 v1.3d Sub-captions (AR)

(/usr/share/texlive/texmf-dist/tex/latex/caption/caption.sty
Package: caption 2020/01/03 v3.4h Customizing captions (AR)

(/usr/share/texlive/texmf-dist/tex/latex/caption/caption3.sty
Package: caption3 2020/01/03 v1.8h caption3 kernel (AR)
Package caption3 Info: TeX engine: e-TeX on input line 61.
\captionmargin=\dimen279
\captionmargin@=\dimen280
\captionwidth=\dimen281
\caption@tempdima=\dimen282
\caption@indent=\dimen283
\caption@parindent=\dimen284
\caption@hangindent=\dimen285
Package caption Info: beamer document class detected.
)
\c@caption@flags=\count313
\c@continuedfloat=\count314
Package caption Info: beamer document class.
Package caption Info: hyperref package is loaded.
Package caption Info: Hyperref support is turned off
(caption)             because hyperref has stopped early.
)
\c@subfigure=\count315
\c@subtable=\count316
)
(/usr/share/texlive/texmf-dist/tex/latex/bbm-macros/bbm.sty
Package: bbm 1999/03/15 V 1.2 provides fonts for set symbols - TH
LaTeX Font Info:    Overwriting math alphabet `\mathbbm' in version `bold'
(Font)                  U/bbm/m/n --> U/bbm/bx/n on input line 33.
LaTeX Font Info:    Overwriting math alphabet `\mathbbmss' in version `bold'
(Font)                  U/bbmss/m/n --> U/bbmss/bx/n on input line 35.
)
(/home/lucashermann/texmf/tex/latex/tubs/beamerthemetubs.sty
(/usr/share/texlive/texmf-dist/tex/latex/base/ifthen.sty
Package: ifthen 2014/09/29 v1.1c Standard LaTeX ifthen package (DPC)
)
Package: beamerthemetubs 2020/11/30 v1.3.4-r149 tubslatex TU Braunschweig (beam
er) theme


Beamer theme 'tubs', 2020/11/30 v1.3.4-r149 tubslatex

(/home/lucashermann/texmf/tex/latex/tubs/beamercolorthemetubs.sty
Package: beamercolorthemetubs 2020/11/30 v1.3.4-r149 tubslatexTU Braunschweig (
beamer) color theme

(/home/lucashermann/texmf/tex/latex/tubs/tubscolors.sty
Package: tubscolors 2020/11/30 v1.3.4-r149 tubslatex, file v0.6 Farbschema der 
TU-Braunschweig

(/usr/share/texlive/texmf-dist/tex/latex/xkeyval/xkeyval.sty
Package: xkeyval 2014/12/03 v2.7a package option processing (HA)

(/usr/share/texlive/texmf-dist/tex/generic/xkeyval/xkeyval.tex
(/usr/share/texlive/texmf-dist/tex/generic/xkeyval/xkvutils.tex
\XKV@toks=\toks49
\XKV@tempa@toks=\toks50
)
\XKV@depth=\count317
File: xkeyval.tex 2014/12/03 v2.7a key=value parser (HA)
))
(/usr/share/texlive/texmf-dist/tex/latex/forloop/forloop.sty
Package: forloop 2006/09/18 v3.0 For Loops for LaTeX
)
\c@perc=\count318
\cshowwidth=\skip63
))
(/home/lucashermann/texmf/tex/latex/tubs/beamerfontthemetubs.sty
Package: beamerfontthemetubs 2020/11/30 v1.3.4-r149 tubslatex TU Braunschweig (
beamer) font theme

(/home/lucashermann/texmf/tex/latex/tubs/nexus.sty
Package: nexus 2020/11/30 v1.3.4-r149 tubslatex Nexus font

(/usr/share/texlive/texmf-dist/tex/latex/psnfss/mathpazo.sty
Package: mathpazo 2020/03/25 PSNFSS-v9.3 Palatino w/ Pazo Math (D.Puga, WaS) 
\symupright=\mathgroup11
)
(/usr/share/texlive/texmf-dist/tex/latex/base/fontenc.sty
Package: fontenc 2020/02/11 v2.0o Standard LaTeX package

(/usr/share/texlive/texmf-dist/tex/latex/ly1/ly1enc.def
File: ly1enc.def 2009/07/22 v0.7 TeX 'n ANSI encoding (DPC/KB)
)
LaTeX Font Info:    Trying to load font information for LY1+cmss on input line 
112.
LaTeX Font Info:    No file LY1cmss.fd. on input line 112.
LaTeX Font Info:    Trying to load font information for LY1+ptm on input line 1
12.

(/usr/share/texlive/texmf-dist/tex/latex/ly1/ly1ptm.fd
File: ly1ptm.fd 2001/02/01 font definitions for LY1/ptm using Berry names.
)

LaTeX Font Warning: Font shape `LY1/cmss/m/n' undefined
(Font)              using `LY1/ptm/m/n' instead on input line 112.

)
LaTeX Font Info:    Overwriting math alphabet `\mathsf' in version `normal'
(Font)                  OT1/cmss/m/n --> LY1/NexusProSans/m/n on input line 180
.
LaTeX Font Info:    Overwriting math alphabet `\mathtt' in version `normal'
(Font)                  OT1/cmtt/m/n --> LY1/txtt/m/n on input line 181.
)) (/home/lucashermann/texmf/tex/latex/tubs/beamerouterthemetubs.sty
Package: beamerouterthemetubs 2020/11/30 v1.3.4-r149 tubslatex TU Braunschweig 
(beamer) outer theme

(/usr/share/texlive/texmf-dist/tex/latex/tools/calc.sty
Package: calc 2017/05/25 v4.3 Infix arithmetic (KKT,FJ)
\calc@Acount=\count319
\calc@Bcount=\count320
\calc@Adimen=\dimen286
\calc@Bdimen=\dimen287
\calc@Askip=\skip64
\calc@Bskip=\skip65
LaTeX Info: Redefining \setlength on input line 80.
LaTeX Info: Redefining \addtolength on input line 81.
\calc@Ccount=\count321
\calc@Cskip=\skip66
)
(/home/lucashermann/texmf/tex/latex/tubs/tubslogo.sty
Package: tubslogo 2020/11/30 v1.3.4-r149 tubslatex, file v1.2 CD-Logo der TU Br
aunschweig
\tubslogo@width=\skip67
\tubslogoBaseWidth=\skip68
\tubslogoBaseHeight=\skip69
\tubslogoWidth=\skip70
\tubslogoHeight=\skip71
\temp@=\dimen288
)
(/home/lucashermann/texmf/tex/latex/tubs/tubsbeamersizes.sty
Package: tubsbeamersizes 2020/11/30 v1.3.4-r149 tubslatex TU Braunschweig (beam
er) size definitions
\beamer@headheight=\dimen289
\beamer@leftmarginwidth=\dimen290
\beamer@CDsenderheight=\dimen291
\beamer@CDborderwidth=\dimen292
\beamer@CDcommunicationwidth=\dimen293
\beamer@CDgaussunit=\dimen294
\titlegraphicsheight=\dimen295
\titlegraphicswidth=\dimen296
\logoheight=\dimen297
\beamer@titlepagetextwidth=\dimen298
)
\beamer@tochorizontalspace=\dimen299
LaTeX Font Info:    Trying to load font information for LY1+NexusProSans-lnum o
n input line 95.

(/home/lucashermann/texmf/tex/latex/tubs/LY1NexusProSans-lnum.fd
File: LY1NexusProSans-lnum.fd Fontshop NexusProSans-lnum font definitions
)
\tubs@outer@tempwidtha=\skip72
\tubs@outer@tempwidthb=\skip73
)
(/home/lucashermann/texmf/tex/latex/tubs/beamerinnerthemetubs.sty
Package: beamerinnerthemetubs 2020/11/30 v1.3.4-r149 tubslatex TU Braunschweig 
(beamer) inner theme

(/usr/share/texlive/texmf-dist/tex/latex/relsize/relsize.sty
Package: relsize 2013/03/29 ver 4.1
)
(/usr/share/texlive/texmf-dist/tex/latex/printlen/printlen.sty
Package: printlen 2009/09/03 v1.1a print lengths with units
)
\@test@box=\box73
))
(/usr/share/texlive/texmf-dist/tex/latex/ucs/data/uni-0.def
File: uni-0.def 2013/05/13 UCS: Unicode data U+0000..U+00FF
)
(/usr/share/texlive/texmf-dist/tex/latex/l3backend/l3backend-pdfmode.def
File: l3backend-pdfmode.def 2020-03-12 L3 backend support: PDF mode
\l__kernel_color_stack_int=\count322
\l__pdf_internal_box=\box74
)
(./beamer_example.aux)
\openout1 = `beamer_example.aux'.

LaTeX Font Info:    Checking defaults for OML/cmm/m/it on input line 51.
LaTeX Font Info:    ... okay on input line 51.
LaTeX Font Info:    Checking defaults for OMS/cmsy/m/n on input line 51.
LaTeX Font Info:    ... okay on input line 51.
LaTeX Font Info:    Checking defaults for OT1/cmr/m/n on input line 51.
LaTeX Font Info:    ... okay on input line 51.
LaTeX Font Info:    Checking defaults for T1/cmr/m/n on input line 51.
LaTeX Font Info:    ... okay on input line 51.
LaTeX Font Info:    Checking defaults for TS1/cmr/m/n on input line 51.
LaTeX Font Info:    ... okay on input line 51.
LaTeX Font Info:    Checking defaults for OMX/cmex/m/n on input line 51.
LaTeX Font Info:    ... okay on input line 51.
LaTeX Font Info:    Checking defaults for U/cmr/m/n on input line 51.
LaTeX Font Info:    ... okay on input line 51.
LaTeX Font Info:    Checking defaults for PD1/pdf/m/n on input line 51.
LaTeX Font Info:    ... okay on input line 51.
LaTeX Font Info:    Checking defaults for LY1/ptm/m/n on input line 51.
LaTeX Font Info:    ... okay on input line 51.

*geometry* driver: auto-detecting
*geometry* detected driver: pdftex
*geometry* verbose mode - [ preamble ] result:
* driver: pdftex
* paper: custom
* layout: <same size as paper>
* layoutoffset:(h,v)=(0.0pt,0.0pt)
* modes: includehead includefoot 
* h-part:(L,W,R)=(19.91684pt, 324.36168pt, 19.91684pt)
* v-part:(T,H,B)=(0.0pt, 273.14662pt, 0.0pt)
* \paperwidth=364.19536pt
* \paperheight=273.14662pt
* \textwidth=324.36168pt
* \textheight=244.6939pt
* \oddsidemargin=-52.35315pt
* \evensidemargin=-52.35315pt
* \topmargin=-72.26999pt
* \headheight=14.22636pt
* \headsep=0.0pt
* \topskip=11.0pt
* \footskip=14.22636pt
* \marginparwidth=4.0pt
* \marginparsep=10.0pt
* \columnsep=10.0pt
* \skip\footins=10.0pt plus 4.0pt minus 2.0pt
* \hoffset=0.0pt
* \voffset=0.0pt
* \mag=1000
* \@twocolumnfalse
* \@twosidefalse
* \@mparswitchfalse
* \@reversemarginfalse
* (1in=72.27pt=25.4mm, 1cm=28.453pt)

(/usr/share/texlive/texmf-dist/tex/context/base/mkii/supp-pdf.mkii
[Loading MPS to PDF converter (version 2006.09.02).]
\scratchcounter=\count323
\scratchdimen=\dimen300
\scratchbox=\box75
\nofMPsegments=\count324
\nofMParguments=\count325
\everyMPshowfont=\toks51
\MPscratchCnt=\count326
\MPscratchDim=\dimen301
\MPnumerator=\count327
\makeMPintoPDFobject=\count328
\everyMPtoPDFconversion=\toks52
) (/usr/share/texlive/texmf-dist/tex/latex/epstopdf-pkg/epstopdf-base.sty
Package: epstopdf-base 2020-01-24 v2.11 Base part for package epstopdf
Package epstopdf-base Info: Redefining graphics rule for `.eps' on input line 4
85.

(/usr/share/texlive/texmf-dist/tex/latex/latexconfig/epstopdf-sys.cfg
File: epstopdf-sys.cfg 2010/07/13 v1.3 Configuration of (r)epstopdf for TeX Liv
e
))
ABD: EveryShipout initializing macros
\AtBeginShipoutBox=\box76
Package hyperref Info: Link coloring OFF on input line 51.

(/usr/share/texlive/texmf-dist/tex/latex/hyperref/nameref.sty
Package: nameref 2019/09/16 v2.46 Cross-referencing by name of section

(/usr/share/texlive/texmf-dist/tex/latex/refcount/refcount.sty
Package: refcount 2019/12/15 v3.6 Data extraction from label references (HO)
)
(/usr/share/texlive/texmf-dist/tex/generic/gettitlestring/gettitlestring.sty
Package: gettitlestring 2019/12/15 v1.6 Cleanup title references (HO)
)
\c@section@level=\count329
)
LaTeX Info: Redefining \ref on input line 51.
LaTeX Info: Redefining \pageref on input line 51.
LaTeX Info: Redefining \nameref on input line 51.

(./beamer_example.out) (./beamer_example.out)
\@outlinefile=\write5
\openout5 = `beamer_example.out'.

LaTeX Font Info:    Overwriting symbol font `operators' in version `normal'
(Font)                  OT1/ppl/m/n --> OT1/cmss/m/n on input line 51.
LaTeX Font Info:    Overwriting symbol font `operators' in version `bold'
(Font)                  OT1/ppl/b/n --> OT1/cmss/b/n on input line 51.
\symnumbers=\mathgroup12
LaTeX Font Info:    Redeclaring symbol font `pureletters' on input line 51.
LaTeX Font Info:    Encoding `OT1' has changed to `LY1' for symbol font
(Font)              `pureletters' in the math version `normal' on input line 51
.
LaTeX Font Info:    Overwriting symbol font `pureletters' in version `normal'
(Font)                  OT1/mathkerncmss/m/sl --> LY1/NexusProSans-lnum/m/it on
 input line 51.
LaTeX Font Info:    Encoding `OT1' has changed to `LY1' for symbol font
(Font)              `pureletters' in the math version `bold' on input line 51.
LaTeX Font Info:    Overwriting symbol font `pureletters' in version `bold'
(Font)                  OT1/mathkerncmss/bx/sl --> LY1/NexusProSans-lnum/m/it o
n input line 51.
LaTeX Font Info:    Overwriting math alphabet `\mathrm' in version `normal'
(Font)                  OT1/cmss/m/n --> LY1/NexusProSerif-lnum/m/n on input li
ne 51.
LaTeX Font Info:    Redeclaring math alphabet \mathbf on input line 51.
LaTeX Font Info:    Overwriting math alphabet `\mathbf' in version `normal'
(Font)                  OT1/zplm/b/n --> LY1/NexusProSans-lnum/b/n on input lin
e 51.
LaTeX Font Info:    Overwriting math alphabet `\mathbf' in version `bold'
(Font)                  OT1/zplm/b/n --> LY1/NexusProSans-lnum/b/n on input lin
e 51.
LaTeX Font Info:    Redeclaring math alphabet \mathsf on input line 51.
LaTeX Font Info:    Overwriting math alphabet `\mathsf' in version `normal'
(Font)                  LY1/NexusProSans/m/n --> LY1/NexusProSans-lnum/m/n on i
nput line 51.
LaTeX Font Info:    Overwriting math alphabet `\mathsf' in version `bold'
(Font)                  OT1/cmss/bx/n --> LY1/NexusProSans-lnum/m/n on input li
ne 51.
LaTeX Font Info:    Redeclaring math alphabet \mathit on input line 51.
LaTeX Font Info:    Overwriting math alphabet `\mathit' in version `normal'
(Font)                  OT1/ppl/m/it --> LY1/NexusProSans-lnum/m/it on input li
ne 51.
LaTeX Font Info:    Overwriting math alphabet `\mathit' in version `bold'
(Font)                  OT1/ppl/b/it --> LY1/NexusProSans-lnum/m/it on input li
ne 51.
LaTeX Font Info:    Redeclaring math alphabet \mathtt on input line 51.
LaTeX Font Info:    Overwriting math alphabet `\mathtt' in version `normal'
(Font)                  LY1/txtt/m/n --> LY1/txtt/m/n on input line 51.
LaTeX Font Info:    Overwriting math alphabet `\mathtt' in version `bold'
(Font)                  OT1/cmtt/m/n --> LY1/txtt/m/n on input line 51.
LaTeX Font Info:    Overwriting symbol font `numbers' in version `bold'
(Font)                  LY1/NexusProSans-lnum/m/n --> LY1/NexusProSans-lnum/b/n
 on input line 51.
LaTeX Font Info:    Overwriting symbol font `pureletters' in version `bold'
(Font)                  LY1/NexusProSans-lnum/m/it --> LY1/NexusProSans-lnum/b/
it on input line 51.
LaTeX Font Info:    Overwriting math alphabet `\mathrm' in version `bold'
(Font)                  OT1/cmss/b/n --> LY1/NexusProSerif-lnum/b/n on input li
ne 51.
LaTeX Font Info:    Overwriting math alphabet `\mathbf' in version `bold'
(Font)                  LY1/NexusProSans-lnum/b/n --> LY1/NexusProSans-lnum/b/n
 on input line 51.
LaTeX Font Info:    Overwriting math alphabet `\mathsf' in version `bold'
(Font)                  LY1/NexusProSans-lnum/m/n --> LY1/NexusProSans-lnum/b/n
 on input line 51.
LaTeX Font Info:    Overwriting math alphabet `\mathit' in version `bold'
(Font)                  LY1/NexusProSans-lnum/m/it --> LY1/NexusProSans-lnum/b/
it on input line 51.
LaTeX Font Info:    Overwriting math alphabet `\mathtt' in version `bold'
(Font)                  LY1/txtt/m/n --> LY1/txtt/b/n on input line 51.
LaTeX Font Info:    Redeclaring symbol font `boldpureletters' on input line 51.

LaTeX Font Info:    Encoding `OT1' has changed to `LY1' for symbol font
(Font)              `boldpureletters' in the math version `normal' on input lin
e 51.
LaTeX Font Info:    Overwriting symbol font `boldpureletters' in version `norma
l'
(Font)                  OT1/mathkerncmss/bx/sl --> LY1/NexusProSans-lnum/bx/it 
on input line 51.
LaTeX Font Info:    Encoding `OT1' has changed to `LY1' for symbol font
(Font)              `boldpureletters' in the math version `bold' on input line 
51.
LaTeX Font Info:    Overwriting symbol font `boldpureletters' in version `bold'

(Font)                  OT1/mathkerncmss/bx/sl --> LY1/NexusProSans-lnum/bx/it 
on input line 51.

(/usr/share/texlive/texmf-dist/tex/latex/translator/translator-basic-dictionary
-English.dict
Dictionary: translator-basic-dictionary, Language: English 
)
(/usr/share/texlive/texmf-dist/tex/latex/translator/translator-bibliography-dic
tionary-English.dict
Dictionary: translator-bibliography-dictionary, Language: English 
)
(/usr/share/texlive/texmf-dist/tex/latex/translator/translator-environment-dict
ionary-English.dict
Dictionary: translator-environment-dictionary, Language: English 
)
(/usr/share/texlive/texmf-dist/tex/latex/translator/translator-months-dictionar
y-English.dict
Dictionary: translator-months-dictionary, Language: English 
)
(/usr/share/texlive/texmf-dist/tex/latex/translator/translator-numbers-dictiona
ry-English.dict
Dictionary: translator-numbers-dictionary, Language: English 
)
(/usr/share/texlive/texmf-dist/tex/latex/translator/translator-theorem-dictiona
ry-English.dict
Dictionary: translator-theorem-dictionary, Language: English 
) (/usr/share/texlive/texmf-dist/tex/latex/ucs/ucsencs.def
File: ucsencs.def 2011/01/21 Fixes to fontencodings LGR, T3
)
Package caption Info: Begin \AtBeginDocument code.
Package caption Info: End \AtBeginDocument code.


Package hyperref Warning: Option `pdftitle' has already been used,
(hyperref)                setting the option has no effect on input line 51.


Package hyperref Warning: Option `pdfauthor' has already been used,
(hyperref)                setting the option has no effect on input line 51.


Package hyperref Warning: Option `pdfcreator' has already been used,
(hyperref)                setting the option has no effect on input line 51.

(./beamer_example.nav)
\beamer@CDlogowidth=\dimen302
\beamer@CDlogoheight=\dimen303
\@footline@textwidth=\dimen304
<TUBraunschweig_RGB_beamer.pdf, id=61, 199.1691pt x 73.97739pt>
File: TUBraunschweig_RGB_beamer.pdf Graphic file (type pdf)
<use TUBraunschweig_RGB_beamer.pdf>
Package pdftex.def Info: TUBraunschweig_RGB_beamer.pdf  used on input line 51.
(pdftex.def)             Requested size: 70.27829pt x 26.10355pt.
<InA-Logo-rgb.pdf, id=64, 228.96039pt x 98.63048pt>
File: InA-Logo-rgb.pdf Graphic file (type pdf)
<use InA-Logo-rgb.pdf>
Package pdftex.def Info: InA-Logo-rgb.pdf  used on input line 51.
(pdftex.def)             Requested size: 48.05165pt x 20.69946pt.
LaTeX Font Info:    Calculating math sizes for size <4.99997> on input line 51.

LaTeX Font Info:    Trying to load font information for OML+zplm on input line 
51.

(/usr/share/texlive/texmf-dist/tex/latex/psnfss/omlzplm.fd
File: omlzplm.fd 2002/09/08 Fontinst v1.914 font definitions for OML/zplm.
)
LaTeX Font Info:    Trying to load font information for OMS+zplm on input line 
51.

(/usr/share/texlive/texmf-dist/tex/latex/psnfss/omszplm.fd
File: omszplm.fd 2002/09/08 Fontinst v1.914 font definitions for OMS/zplm.
)
LaTeX Font Info:    Trying to load font information for OMX+zplm on input line 
51.

(/usr/share/texlive/texmf-dist/tex/latex/psnfss/omxzplm.fd
File: omxzplm.fd 2002/09/08 Fontinst v1.914 font definitions for OMX/zplm.
)
LaTeX Font Info:    Font shape `U/msa/m/n' will be
(Font)              scaled to size 5.20999pt on input line 51.
LaTeX Font Info:    Font shape `U/msa/m/n' will be
(Font)              scaled to size 3.95956pt on input line 51.
LaTeX Font Info:    Font shape `U/msa/m/n' will be
(Font)              scaled to size 3.12602pt on input line 51.
LaTeX Font Info:    Font shape `U/msb/m/n' will be
(Font)              scaled to size 5.20999pt on input line 51.
LaTeX Font Info:    Font shape `U/msb/m/n' will be
(Font)              scaled to size 3.95956pt on input line 51.
LaTeX Font Info:    Font shape `U/msb/m/n' will be
(Font)              scaled to size 3.12602pt on input line 51.


LaTeX Font Warning: Font shape `OML/cmm/b/it' in size <3.79994> not available
(Font)              size <5> substituted on input line 51.


LaTeX Font Warning: Font shape `OML/cmm/b/it' in size <3> not available
(Font)              size <5> substituted on input line 51.


LaTeX Font Warning: Font shape `OMS/cmsy/b/n' in size <3.79994> not available
(Font)              size <5> substituted on input line 51.


LaTeX Font Warning: Font shape `OMS/cmsy/b/n' in size <3> not available
(Font)              size <5> substituted on input line 51.

LaTeX Font Info:    Font shape `LY1/NexusProSans-lnum/bx/it' in size <4.99997> 
not available
(Font)              Font shape `LY1/NexusProSans-lnum/b/it' tried instead on in
put line 51.
LaTeX Font Info:    Font shape `LY1/NexusProSans-lnum/bx/it' in size <3.79994> 
not available
(Font)              Font shape `LY1/NexusProSans-lnum/b/it' tried instead on in
put line 51.
LaTeX Font Info:    Font shape `LY1/NexusProSans-lnum/bx/it' in size <3> not av
ailable
(Font)              Font shape `LY1/NexusProSans-lnum/b/it' tried instead on in
put line 51.
LaTeX Font Info:    Trying to load font information for OT1+zplm on input line 
51.
(/usr/share/texlive/texmf-dist/tex/latex/psnfss/ot1zplm.fd
File: ot1zplm.fd 2002/09/08 Fontinst v1.914 font definitions for OT1/zplm.
)
\@image@xorig=\dimen305
\@image@xcalc=\dimen306
\@image@yorig=\dimen307
\@image@ycalc=\dimen308
<titlepicture.png, id=65, 1609.01125pt x 487.8225pt>
File: titlepicture.png Graphic file (type png)
<use titlepicture.png>
Package pdftex.def Info: titlepicture.png  used on input line 55.
(pdftex.def)             Requested size: 342.32161pt x 108.70578pt.
File: TUBraunschweig_RGB_beamer.pdf Graphic file (type pdf)
<use TUBraunschweig_RGB_beamer.pdf>
Package pdftex.def Info: TUBraunschweig_RGB_beamer.pdf  used on input line 55.
(pdftex.def)             Requested size: 105.27519pt x 39.10283pt.
File: InA-Logo-rgb.pdf Graphic file (type pdf)
<use InA-Logo-rgb.pdf>
Package pdftex.def Info: InA-Logo-rgb.pdf  used on input line 55.
(pdftex.def)             Requested size: 91.76768pt x 39.53123pt.
LaTeX Font Info:    Font shape `U/msa/m/n' will be
(Font)              scaled to size 11.40997pt on input line 55.
LaTeX Font Info:    Font shape `U/msa/m/n' will be
(Font)              scaled to size 8.33606pt on input line 55.
LaTeX Font Info:    Font shape `U/msa/m/n' will be
(Font)              scaled to size 6.25204pt on input line 55.
LaTeX Font Info:    Font shape `U/msb/m/n' will be
(Font)              scaled to size 11.40997pt on input line 55.
LaTeX Font Info:    Font shape `U/msb/m/n' will be
(Font)              scaled to size 8.33606pt on input line 55.
LaTeX Font Info:    Font shape `U/msb/m/n' will be
(Font)              scaled to size 6.25204pt on input line 55.
LaTeX Font Info:    Font shape `LY1/NexusProSans-lnum/bx/it' in size <10.95> no
t available
(Font)              Font shape `LY1/NexusProSans-lnum/b/it' tried instead on in
put line 55.
LaTeX Font Info:    Font shape `LY1/NexusProSans-lnum/bx/it' in size <8> not av
ailable
(Font)              Font shape `LY1/NexusProSans-lnum/b/it' tried instead on in
put line 55.
LaTeX Font Info:    Font shape `LY1/NexusProSans-lnum/bx/it' in size <6> not av
ailable
(Font)              Font shape `LY1/NexusProSans-lnum/b/it' tried instead on in
put line 55.
 [1

{/home/lucashermann/.texlive2020/texmf-var/fonts/map/pdftex/updmap/pdftex.map

pdfTeX warning: /usr/bin/pdflatex (file /home/lucashermann/.texlive2020/texmf-v
ar/fonts/map/pdftex/updmap/pdftex.map): fontmap entry for `pagd8z' already exis
ts, duplicates ignored


pdfTeX warning: /usr/bin/pdflatex (file /home/lucashermann/.texlive2020/texmf-v
ar/fonts/map/pdftex/updmap/pdftex.map): fontmap entry for `pagdo8z' already exi
sts, duplicates ignored


pdfTeX warning: /usr/bin/pdflatex (file /home/lucashermann/.texlive2020/texmf-v
ar/fonts/map/pdftex/updmap/pdftex.map): fontmap entry for `pagk8z' already exis
ts, duplicates ignored


pdfTeX warning: /usr/bin/pdflatex (file /home/lucashermann/.texlive2020/texmf-v
ar/fonts/map/pdftex/updmap/pdftex.map): fontmap entry for `pagko8z' already exi
sts, duplicates ignored


pdfTeX warning: /usr/bin/pdflatex (file /home/lucashermann/.texlive2020/texmf-v
ar/fonts/map/pdftex/updmap/pdftex.map): fontmap entry for `pbkd8z' already exis
ts, duplicates ignored


pdfTeX warning: /usr/bin/pdflatex (file /home/lucashermann/.texlive2020/texmf-v
ar/fonts/map/pdftex/updmap/pdftex.map): fontmap entry for `pbkdi8z' already exi
sts, duplicates ignored


pdfTeX warning: /usr/bin/pdflatex (file /home/lucashermann/.texlive2020/texmf-v
ar/fonts/map/pdftex/updmap/pdftex.map): fontmap entry for `pbkl8z' already exis
ts, duplicates ignored


pdfTeX warning: /usr/bin/pdflatex (file /home/lucashermann/.texlive2020/texmf-v
ar/fonts/map/pdftex/updmap/pdftex.map): fontmap entry for `pbkli8z' already exi
sts, duplicates ignored


pdfTeX warning: /usr/bin/pdflatex (file /home/lucashermann/.texlive2020/texmf-v
ar/fonts/map/pdftex/updmap/pdftex.map): fontmap entry for `pcrb8u' already exis
ts, duplicates ignored


pdfTeX warning: /usr/bin/pdflatex (file /home/lucashermann/.texlive2020/texmf-v
ar/fonts/map/pdftex/updmap/pdftex.map): fontmap entry for `pcrbo8u' already exi
sts, duplicates ignored


pdfTeX warning: /usr/bin/pdflatex (file /home/lucashermann/.texlive2020/texmf-v
ar/fonts/map/pdftex/updmap/pdftex.map): fontmap entry for `pcrr8u' already exis
ts, duplicates ignored


pdfTeX warning: /usr/bin/pdflatex (file /home/lucashermann/.texlive2020/texmf-v
ar/fonts/map/pdftex/updmap/pdftex.map): fontmap entry for `pcrro8u' already exi
sts, duplicates ignored


pdfTeX warning: /usr/bin/pdflatex (file /home/lucashermann/.texlive2020/texmf-v
ar/fonts/map/pdftex/updmap/pdftex.map): fontmap entry for `phvb8z' already exis
ts, duplicates ignored


pdfTeX warning: /usr/bin/pdflatex (file /home/lucashermann/.texlive2020/texmf-v
ar/fonts/map/pdftex/updmap/pdftex.map): fontmap entry for `phvbn8z' already exi
sts, duplicates ignored


pdfTeX warning: /usr/bin/pdflatex (file /home/lucashermann/.texlive2020/texmf-v
ar/fonts/map/pdftex/updmap/pdftex.map): fontmap entry for `phvbo8z' already exi
sts, duplicates ignored


pdfTeX warning: /usr/bin/pdflatex (file /home/lucashermann/.texlive2020/texmf-v
ar/fonts/map/pdftex/updmap/pdftex.map): fontmap entry for `phvbon8z' already ex
ists, duplicates ignored


pdfTeX warning: /usr/bin/pdflatex (file /home/lucashermann/.texlive2020/texmf-v
ar/fonts/map/pdftex/updmap/pdftex.map): fontmap entry for `phvr8z' already exis
ts, duplicates ignored


pdfTeX warning: /usr/bin/pdflatex (file /home/lucashermann/.texlive2020/texmf-v
ar/fonts/map/pdftex/updmap/pdftex.map): fontmap entry for `phvrn8z' already exi
sts, duplicates ignored


pdfTeX warning: /usr/bin/pdflatex (file /home/lucashermann/.texlive2020/texmf-v
ar/fonts/map/pdftex/updmap/pdftex.map): fontmap entry for `phvro8z' already exi
sts, duplicates ignored


pdfTeX warning: /usr/bin/pdflatex (file /home/lucashermann/.texlive2020/texmf-v
ar/fonts/map/pdftex/updmap/pdftex.map): fontmap entry for `phvron8z' already ex
ists, duplicates ignored


pdfTeX warning: /usr/bin/pdflatex (file /home/lucashermann/.texlive2020/texmf-v
ar/fonts/map/pdftex/updmap/pdftex.map): fontmap entry for `pncb8z' already exis
ts, duplicates ignored


pdfTeX warning: /usr/bin/pdflatex (file /home/lucashermann/.texlive2020/texmf-v
ar/fonts/map/pdftex/updmap/pdftex.map): fontmap entry for `pncbi8z' already exi
sts, duplicates ignored


pdfTeX warning: /usr/bin/pdflatex (file /home/lucashermann/.texlive2020/texmf-v
ar/fonts/map/pdftex/updmap/pdftex.map): fontmap entry for `pncr8z' already exis
ts, duplicates ignored


pdfTeX warning: /usr/bin/pdflatex (file /home/lucashermann/.texlive2020/texmf-v
ar/fonts/map/pdftex/updmap/pdftex.map): fontmap entry for `pncri8z' already exi
sts, duplicates ignored


pdfTeX warning: /usr/bin/pdflatex (file /home/lucashermann/.texlive2020/texmf-v
ar/fonts/map/pdftex/updmap/pdftex.map): fontmap entry for `pplb8z' already exis
ts, duplicates ignored


pdfTeX warning: /usr/bin/pdflatex (file /home/lucashermann/.texlive2020/texmf-v
ar/fonts/map/pdftex/updmap/pdftex.map): fontmap entry for `pplbi8z' already exi
sts, duplicates ignored


pdfTeX warning: /usr/bin/pdflatex (file /home/lucashermann/.texlive2020/texmf-v
ar/fonts/map/pdftex/updmap/pdftex.map): fontmap entry for `pplr8z' already exis
ts, duplicates ignored


pdfTeX warning: /usr/bin/pdflatex (file /home/lucashermann/.texlive2020/texmf-v
ar/fonts/map/pdftex/updmap/pdftex.map): fontmap entry for `pplri8z' already exi
sts, duplicates ignored


pdfTeX warning: /usr/bin/pdflatex (file /home/lucashermann/.texlive2020/texmf-v
ar/fonts/map/pdftex/updmap/pdftex.map): fontmap entry for `ptmb8z' already exis
ts, duplicates ignored


pdfTeX warning: /usr/bin/pdflatex (file /home/lucashermann/.texlive2020/texmf-v
ar/fonts/map/pdftex/updmap/pdftex.map): fontmap entry for `ptmbi8z' already exi
sts, duplicates ignored


pdfTeX warning: /usr/bin/pdflatex (file /home/lucashermann/.texlive2020/texmf-v
ar/fonts/map/pdftex/updmap/pdftex.map): fontmap entry for `ptmr8z' already exis
ts, duplicates ignored


pdfTeX warning: /usr/bin/pdflatex (file /home/lucashermann/.texlive2020/texmf-v
ar/fonts/map/pdftex/updmap/pdftex.map): fontmap entry for `ptmri8z' already exi
sts, duplicates ignored


pdfTeX warning: /usr/bin/pdflatex (file /home/lucashermann/.texlive2020/texmf-v
ar/fonts/map/pdftex/updmap/pdftex.map): fontmap entry for `pzcmi8z' already exi
sts, duplicates ignored


pdfTeX warning: /usr/bin/pdflatex (file /home/lucashermann/.texlive2020/texmf-v
ar/fonts/map/pdftex/updmap/pdftex.map): ambiguous entry for `UniClass[letter]':
 font file present but not included, will be treated as font file not present


pdfTeX warning: /usr/bin/pdflatex (file /home/lucashermann/.texlive2020/texmf-v
ar/fonts/map/pdftex/updmap/pdftex.map): fontmap entry for `phvb8y' already exis
ts, duplicates ignored


pdfTeX warning: /usr/bin/pdflatex (file /home/lucashermann/.texlive2020/texmf-v
ar/fonts/map/pdftex/updmap/pdftex.map): fontmap entry for `phvb8yn' already exi
sts, duplicates ignored


pdfTeX warning: /usr/bin/pdflatex (file /home/lucashermann/.texlive2020/texmf-v
ar/fonts/map/pdftex/updmap/pdftex.map): fontmap entry for `phvbo8y' already exi
sts, duplicates ignored


pdfTeX warning: /usr/bin/pdflatex (file /home/lucashermann/.texlive2020/texmf-v
ar/fonts/map/pdftex/updmap/pdftex.map): fontmap entry for `phvbo8yn' already ex
ists, duplicates ignored


pdfTeX warning: /usr/bin/pdflatex (file /home/lucashermann/.texlive2020/texmf-v
ar/fonts/map/pdftex/updmap/pdftex.map): fontmap entry for `phvr8y' already exis
ts, duplicates ignored


pdfTeX warning: /usr/bin/pdflatex (file /home/lucashermann/.texlive2020/texmf-v
ar/fonts/map/pdftex/updmap/pdftex.map): fontmap entry for `phvr8yn' already exi
sts, duplicates ignored


pdfTeX warning: /usr/bin/pdflatex (file /home/lucashermann/.texlive2020/texmf-v
ar/fonts/map/pdftex/updmap/pdftex.map): fontmap entry for `phvro8y' already exi
sts, duplicates ignored


pdfTeX warning: /usr/bin/pdflatex (file /home/lucashermann/.texlive2020/texmf-v
ar/fonts/map/pdftex/updmap/pdftex.map): fontmap entry for `phvro8yn' already ex
ists, duplicates ignored


pdfTeX warning: /usr/bin/pdflatex (file /home/lucashermann/.texlive2020/texmf-v
ar/fonts/map/pdftex/updmap/pdftex.map): fontmap entry for `rpxpplb' already exi
sts, duplicates ignored


pdfTeX warning: /usr/bin/pdflatex (file /home/lucashermann/.texlive2020/texmf-v
ar/fonts/map/pdftex/updmap/pdftex.map): fontmap entry for `rpxpplbi' already ex
ists, duplicates ignored


pdfTeX warning: /usr/bin/pdflatex (file /home/lucashermann/.texlive2020/texmf-v
ar/fonts/map/pdftex/updmap/pdftex.map): invalid entry for `rpxpplbo': SlantFont
/ExtendFont can be used only with embedded Type1 fonts


pdfTeX warning: /usr/bin/pdflatex (file /home/lucashermann/.texlive2020/texmf-v
ar/fonts/map/pdftex/updmap/pdftex.map): fontmap entry for `rpxpplr' already exi
sts, duplicates ignored


pdfTeX warning: /usr/bin/pdflatex (file /home/lucashermann/.texlive2020/texmf-v
ar/fonts/map/pdftex/updmap/pdftex.map): fontmap entry for `rpxpplri' already ex
ists, duplicates ignored


pdfTeX warning: /usr/bin/pdflatex (file /home/lucashermann/.texlive2020/texmf-v
ar/fonts/map/pdftex/updmap/pdftex.map): invalid entry for `rpxpplro': SlantFont
/ExtendFont can be used only with embedded Type1 fonts


pdfTeX warning: /usr/bin/pdflatex (file /home/lucashermann/.texlive2020/texmf-v
ar/fonts/map/pdftex/updmap/pdftex.map): ambiguous entry for `rtcxbsl': font fil
e present but not included, will be treated as font file not present


pdfTeX warning: /usr/bin/pdflatex (file /home/lucashermann/.texlive2020/texmf-v
ar/fonts/map/pdftex/updmap/pdftex.map): ambiguous entry for `rtcxbsso': font fi
le present but not included, will be treated as font file not present


pdfTeX warning: /usr/bin/pdflatex (file /home/lucashermann/.texlive2020/texmf-v
ar/fonts/map/pdftex/updmap/pdftex.map): ambiguous entry for `rtcxsl': font file
 present but not included, will be treated as font file not present


pdfTeX warning: /usr/bin/pdflatex (file /home/lucashermann/.texlive2020/texmf-v
ar/fonts/map/pdftex/updmap/pdftex.map): ambiguous entry for `rtcxsssl': font fi
le present but not included, will be treated as font file not present


pdfTeX warning: /usr/bin/pdflatex (file /home/lucashermann/.texlive2020/texmf-v
ar/fonts/map/pdftex/updmap/pdftex.map): ambiguous entry for `rtxbsl': font file
 present but not included, will be treated as font file not present


pdfTeX warning: /usr/bin/pdflatex (file /home/lucashermann/.texlive2020/texmf-v
ar/fonts/map/pdftex/updmap/pdftex.map): ambiguous entry for `rtxbsssl': font fi
le present but not included, will be treated as font file not present


pdfTeX warning: /usr/bin/pdflatex (file /home/lucashermann/.texlive2020/texmf-v
ar/fonts/map/pdftex/updmap/pdftex.map): ambiguous entry for `rtxphvb': font fil
e present but not included, will be treated as font file not present


pdfTeX warning: /usr/bin/pdflatex (file /home/lucashermann/.texlive2020/texmf-v
ar/fonts/map/pdftex/updmap/pdftex.map): fontmap entry for `rtxphvb' already exi
sts, duplicates ignored


pdfTeX warning: /usr/bin/pdflatex (file /home/lucashermann/.texlive2020/texmf-v
ar/fonts/map/pdftex/updmap/pdftex.map): ambiguous entry for `rtxphvbo': font fi
le present but not included, will be treated as font file not present


pdfTeX warning: /usr/bin/pdflatex (file /home/lucashermann/.texlive2020/texmf-v
ar/fonts/map/pdftex/updmap/pdftex.map): fontmap entry for `rtxphvbo' already ex
ists, duplicates ignored


pdfTeX warning: /usr/bin/pdflatex (file /home/lucashermann/.texlive2020/texmf-v
ar/fonts/map/pdftex/updmap/pdftex.map): ambiguous entry for `rtxphvr': font fil
e present but not included, will be treated as font file not present


pdfTeX warning: /usr/bin/pdflatex (file /home/lucashermann/.texlive2020/texmf-v
ar/fonts/map/pdftex/updmap/pdftex.map): fontmap entry for `rtxphvr' already exi
sts, duplicates ignored


pdfTeX warning: /usr/bin/pdflatex (file /home/lucashermann/.texlive2020/texmf-v
ar/fonts/map/pdftex/updmap/pdftex.map): ambiguous entry for `rtxphvro': font fi
le present but not included, will be treated as font file not present


pdfTeX warning: /usr/bin/pdflatex (file /home/lucashermann/.texlive2020/texmf-v
ar/fonts/map/pdftex/updmap/pdftex.map): fontmap entry for `rtxphvro' already ex
ists, duplicates ignored


pdfTeX warning: /usr/bin/pdflatex (file /home/lucashermann/.texlive2020/texmf-v
ar/fonts/map/pdftex/updmap/pdftex.map): ambiguous entry for `rtxptmb': font fil
e present but not included, will be treated as font file not present


pdfTeX warning: /usr/bin/pdflatex (file /home/lucashermann/.texlive2020/texmf-v
ar/fonts/map/pdftex/updmap/pdftex.map): fontmap entry for `rtxptmb' already exi
sts, duplicates ignored


pdfTeX warning: /usr/bin/pdflatex (file /home/lucashermann/.texlive2020/texmf-v
ar/fonts/map/pdftex/updmap/pdftex.map): ambiguous entry for `rtxptmbi': font fi
le present but not included, will be treated as font file not present


pdfTeX warning: /usr/bin/pdflatex (file /home/lucashermann/.texlive2020/texmf-v
ar/fonts/map/pdftex/updmap/pdftex.map): fontmap entry for `rtxptmbi' already ex
ists, duplicates ignored


pdfTeX warning: /usr/bin/pdflatex (file /home/lucashermann/.texlive2020/texmf-v
ar/fonts/map/pdftex/updmap/pdftex.map): ambiguous entry for `rtxptmbo': font fi
le present but not included, will be treated as font file not present


pdfTeX warning: /usr/bin/pdflatex (file /home/lucashermann/.texlive2020/texmf-v
ar/fonts/map/pdftex/updmap/pdftex.map): fontmap entry for `rtxptmbo' already ex
ists, duplicates ignored


pdfTeX warning: /usr/bin/pdflatex (file /home/lucashermann/.texlive2020/texmf-v
ar/fonts/map/pdftex/updmap/pdftex.map): ambiguous entry for `rtxptmr': font fil
e present but not included, will be treated as font file not present


pdfTeX warning: /usr/bin/pdflatex (file /home/lucashermann/.texlive2020/texmf-v
ar/fonts/map/pdftex/updmap/pdftex.map): fontmap entry for `rtxptmr' already exi
sts, duplicates ignored


pdfTeX warning: /usr/bin/pdflatex (file /home/lucashermann/.texlive2020/texmf-v
ar/fonts/map/pdftex/updmap/pdftex.map): ambiguous entry for `rtxptmri': font fi
le present but not included, will be treated as font file not present


pdfTeX warning: /usr/bin/pdflatex (file /home/lucashermann/.texlive2020/texmf-v
ar/fonts/map/pdftex/updmap/pdftex.map): fontmap entry for `rtxptmri' already ex
ists, duplicates ignored


pdfTeX warning: /usr/bin/pdflatex (file /home/lucashermann/.texlive2020/texmf-v
ar/fonts/map/pdftex/updmap/pdftex.map): ambiguous entry for `rtxptmro': font fi
le present but not included, will be treated as font file not present


pdfTeX warning: /usr/bin/pdflatex (file /home/lucashermann/.texlive2020/texmf-v
ar/fonts/map/pdftex/updmap/pdftex.map): fontmap entry for `rtxptmro' already ex
ists, duplicates ignored


pdfTeX warning: /usr/bin/pdflatex (file /home/lucashermann/.texlive2020/texmf-v
ar/fonts/map/pdftex/updmap/pdftex.map): ambiguous entry for `rtxsl': font file 
present but not included, will be treated as font file not present


pdfTeX warning: /usr/bin/pdflatex (file /home/lucashermann/.texlive2020/texmf-v
ar/fonts/map/pdftex/updmap/pdftex.map): ambiguous entry for `rtxsssl': font fil
e present but not included, will be treated as font file not present


pdfTeX warning: /usr/bin/pdflatex (file /home/lucashermann/.texlive2020/texmf-v
ar/fonts/map/pdftex/updmap/pdftex.map): ambiguous entry for `t1xbttsl': font fi
le present but not included, will be treated as font file not present


pdfTeX warning: /usr/bin/pdflatex (file /home/lucashermann/.texlive2020/texmf-v
ar/fonts/map/pdftex/updmap/pdftex.map): ambiguous entry for `t1xttsl': font fil
e present but not included, will be treated as font file not present


pdfTeX warning: /usr/bin/pdflatex (file /home/lucashermann/.texlive2020/texmf-v
ar/fonts/map/pdftex/updmap/pdftex.map): ambiguous entry for `tcxbttsl': font fi
le present but not included, will be treated as font file not present


pdfTeX warning: /usr/bin/pdflatex (file /home/lucashermann/.texlive2020/texmf-v
ar/fonts/map/pdftex/updmap/pdftex.map): ambiguous entry for `tcxttsl': font fil
e present but not included, will be treated as font file not present


pdfTeX warning: /usr/bin/pdflatex (file /home/lucashermann/.texlive2020/texmf-v
ar/fonts/map/pdftex/updmap/pdftex.map): ambiguous entry for `txbttsl': font fil
e present but not included, will be treated as font file not present


pdfTeX warning: /usr/bin/pdflatex (file /home/lucashermann/.texlive2020/texmf-v
ar/fonts/map/pdftex/updmap/pdftex.map): ambiguous entry for `txttsl': font file
 present but not included, will be treated as font file not present
} <./titlepicture.png> </home/lucashermann/texmf/tex/latex/tubs/logos/TUBraunsc
hweig_RGB_beamer.pdf> <./InA-Logo-rgb.pdf

pdfTeX warning: /usr/bin/pdflatex (file ./InA-Logo-rgb.pdf): PDF inclusion: mul
tiple pdfs with page group included in a single page
>]
LaTeX Font Info:    Font shape `U/msa/m/n' will be
(Font)              scaled to size 15.0049pt on input line 71.
LaTeX Font Info:    Font shape `U/msa/m/n' will be
(Font)              scaled to size 10.42007pt on input line 71.
LaTeX Font Info:    Font shape `U/msb/m/n' will be
(Font)              scaled to size 15.0049pt on input line 71.
LaTeX Font Info:    Font shape `U/msb/m/n' will be
(Font)              scaled to size 10.42007pt on input line 71.
LaTeX Font Info:    Font shape `LY1/NexusProSans-lnum/bx/it' in size <14.4> not
 available
(Font)              Font shape `LY1/NexusProSans-lnum/b/it' tried instead on in
put line 71.
LaTeX Font Info:    Font shape `LY1/NexusProSans-lnum/bx/it' in size <10> not a
vailable
(Font)              Font shape `LY1/NexusProSans-lnum/b/it' tried instead on in
put line 71.
\beamer@CDlogowidth=\dimen309
\beamer@CDlogoheight=\dimen310
\@footline@textwidth=\dimen311
File: TUBraunschweig_RGB_beamer.pdf Graphic file (type pdf)
<use TUBraunschweig_RGB_beamer.pdf>
Package pdftex.def Info: TUBraunschweig_RGB_beamer.pdf  used on input line 71.
(pdftex.def)             Requested size: 70.27829pt x 26.10355pt.
File: InA-Logo-rgb.pdf Graphic file (type pdf)
<use InA-Logo-rgb.pdf>
Package pdftex.def Info: InA-Logo-rgb.pdf  used on input line 71.
(pdftex.def)             Requested size: 48.05165pt x 20.69946pt.
 [2

] [3

]
\beamer@CDlogowidth=\dimen312
\beamer@CDlogoheight=\dimen313
\@footline@textwidth=\dimen314
File: TUBraunschweig_RGB_beamer.pdf Graphic file (type pdf)
<use TUBraunschweig_RGB_beamer.pdf>
Package pdftex.def Info: TUBraunschweig_RGB_beamer.pdf  used on input line 96.
(pdftex.def)             Requested size: 70.27829pt x 26.10355pt.
File: InA-Logo-rgb.pdf Graphic file (type pdf)
<use InA-Logo-rgb.pdf>
Package pdftex.def Info: InA-Logo-rgb.pdf  used on input line 96.
(pdftex.def)             Requested size: 48.05165pt x 20.69946pt.
 [4

]
\beamer@CDlogowidth=\dimen315
\beamer@CDlogoheight=\dimen316
\@footline@textwidth=\dimen317
File: TUBraunschweig_RGB_beamer.pdf Graphic file (type pdf)
<use TUBraunschweig_RGB_beamer.pdf>
Package pdftex.def Info: TUBraunschweig_RGB_beamer.pdf  used on input line 111.

(pdftex.def)             Requested size: 70.27829pt x 26.10355pt.
File: InA-Logo-rgb.pdf Graphic file (type pdf)
<use InA-Logo-rgb.pdf>
Package pdftex.def Info: InA-Logo-rgb.pdf  used on input line 111.
(pdftex.def)             Requested size: 48.05165pt x 20.69946pt.
 [5

]
<intro.pdf, id=115, 254.25488pt x 76.72865pt>
File: intro.pdf Graphic file (type pdf)
<use intro.pdf>
Package pdftex.def Info: intro.pdf  used on input line 135.
(pdftex.def)             Requested size: 254.25426pt x 76.72845pt.
\beamer@CDlogowidth=\dimen318
\beamer@CDlogoheight=\dimen319
\@footline@textwidth=\dimen320
File: TUBraunschweig_RGB_beamer.pdf Graphic file (type pdf)
<use TUBraunschweig_RGB_beamer.pdf>
Package pdftex.def Info: TUBraunschweig_RGB_beamer.pdf  used on input line 135.

(pdftex.def)             Requested size: 70.27829pt x 26.10355pt.
File: InA-Logo-rgb.pdf Graphic file (type pdf)
<use InA-Logo-rgb.pdf>
Package pdftex.def Info: InA-Logo-rgb.pdf  used on input line 135.
(pdftex.def)             Requested size: 48.05165pt x 20.69946pt.
 [6

 <./intro.pdf>] [7

]
\beamer@CDlogowidth=\dimen321
\beamer@CDlogoheight=\dimen322
\@footline@textwidth=\dimen323
File: TUBraunschweig_RGB_beamer.pdf Graphic file (type pdf)
<use TUBraunschweig_RGB_beamer.pdf>
Package pdftex.def Info: TUBraunschweig_RGB_beamer.pdf  used on input line 173.

(pdftex.def)             Requested size: 70.27829pt x 26.10355pt.
File: InA-Logo-rgb.pdf Graphic file (type pdf)
<use InA-Logo-rgb.pdf>
Package pdftex.def Info: InA-Logo-rgb.pdf  used on input line 173.
(pdftex.def)             Requested size: 48.05165pt x 20.69946pt.
 [8

]
<GPExpl.pdf, id=160, 505.89pt x 180.675pt>
File: GPExpl.pdf Graphic file (type pdf)
<use GPExpl.pdf>
Package pdftex.def Info: GPExpl.pdf  used on input line 189.
(pdftex.def)             Requested size: 291.92352pt x 104.25948pt.

Overfull \vbox (23.69989pt too high) detected at line 189
 []

\beamer@CDlogowidth=\dimen324
\beamer@CDlogoheight=\dimen325
\@footline@textwidth=\dimen326
File: TUBraunschweig_RGB_beamer.pdf Graphic file (type pdf)
<use TUBraunschweig_RGB_beamer.pdf>
Package pdftex.def Info: TUBraunschweig_RGB_beamer.pdf  used on input line 189.

(pdftex.def)             Requested size: 70.27829pt x 26.10355pt.
File: InA-Logo-rgb.pdf Graphic file (type pdf)
<use InA-Logo-rgb.pdf>
Package pdftex.def Info: InA-Logo-rgb.pdf  used on input line 189.
(pdftex.def)             Requested size: 48.05165pt x 20.69946pt.
[9

 <./GPExpl.pdf>]
Overfull \vbox (1.73744pt too high) detected at line 245
 []

\beamer@CDlogowidth=\dimen327
\beamer@CDlogoheight=\dimen328
\@footline@textwidth=\dimen329
File: TUBraunschweig_RGB_beamer.pdf Graphic file (type pdf)
<use TUBraunschweig_RGB_beamer.pdf>
Package pdftex.def Info: TUBraunschweig_RGB_beamer.pdf  used on input line 245.

(pdftex.def)             Requested size: 70.27829pt x 26.10355pt.
File: InA-Logo-rgb.pdf Graphic file (type pdf)
<use InA-Logo-rgb.pdf>
Package pdftex.def Info: InA-Logo-rgb.pdf  used on input line 245.
(pdftex.def)             Requested size: 48.05165pt x 20.69946pt.
[10

]
\beamer@CDlogowidth=\dimen330
\beamer@CDlogoheight=\dimen331
\@footline@textwidth=\dimen332
File: TUBraunschweig_RGB_beamer.pdf Graphic file (type pdf)
<use TUBraunschweig_RGB_beamer.pdf>
Package pdftex.def Info: TUBraunschweig_RGB_beamer.pdf  used on input line 270.

(pdftex.def)             Requested size: 70.27829pt x 26.10355pt.
File: InA-Logo-rgb.pdf Graphic file (type pdf)
<use InA-Logo-rgb.pdf>
Package pdftex.def Info: InA-Logo-rgb.pdf  used on input line 270.
(pdftex.def)             Requested size: 48.05165pt x 20.69946pt.
 [11

] [12

]
\beamer@CDlogowidth=\dimen333
\beamer@CDlogoheight=\dimen334
\@footline@textwidth=\dimen335
File: TUBraunschweig_RGB_beamer.pdf Graphic file (type pdf)
<use TUBraunschweig_RGB_beamer.pdf>
Package pdftex.def Info: TUBraunschweig_RGB_beamer.pdf  used on input line 308.

(pdftex.def)             Requested size: 70.27829pt x 26.10355pt.
File: InA-Logo-rgb.pdf Graphic file (type pdf)
<use InA-Logo-rgb.pdf>
Package pdftex.def Info: InA-Logo-rgb.pdf  used on input line 308.
(pdftex.def)             Requested size: 48.05165pt x 20.69946pt.
 [13

]
LaTeX Font Info:    Trying to load font information for LY1+NexusProSerif-lnum 
on input line 337.

(/home/lucashermann/texmf/tex/latex/tubs/LY1NexusProSerif-lnum.fd
File: LY1NexusProSerif-lnum.fd Fontshop NexusProSerif-lnum font definitions
)
Overfull \hbox (4.31577pt too wide) detected at line 337
 $\OMS/zplm/m/n/10.95 ^^@ [] \LY1/NexusProSans-lnum/m/it/10.95 p\OT1/zplm/m/n/1
0.95 (\LY1/NexusProSans-lnum/b/it/10.95 y\OMS/zplm/m/n/10.95 j\LY1/NexusProSans
-lnum/b/it/10.95 w\OT1/zplm/m/n/10.95 ) = [] [](\LY1/NexusProSans-lnum/m/n/10.9
5 2\OML/zplm/m/it/10.95 ^^Y\OT1/zplm/m/n/10.95 ) + [] [] \OMS/zplm/m/n/10.95 j\
LY1/NexusProSans-lnum/b/it/10.95 K\OMS/zplm/m/n/10.95 j \OT1/zplm/m/n/10.95 + [
](\OML/zplm/m/it/10.95 ^^Z\LY1/NexusProSans-lnum/b/it/10.95 P[] \OMS/zplm/m/n/1
0.95 ^^@ \LY1/NexusProSans-lnum/b/it/10.95 y\OT1/zplm/m/n/10.95 )[]\LY1/NexusPr
oSans-lnum/b/it/10.95 K[]\OT1/zplm/m/n/10.95 (\OML/zplm/m/it/10.95 ^^Z\LY1/Nexu
sProSans-lnum/b/it/10.95 P[] \OMS/zplm/m/n/10.95 ^^@ \LY1/NexusProSans-lnum/b/i
t/10.95 y\OT1/zplm/m/n/10.95 ) \OT1/cmss/m/n/10.95 ,[] []$ 
 []


Overfull \vbox (7.76534pt too high) detected at line 337
 []

\beamer@CDlogowidth=\dimen336
\beamer@CDlogoheight=\dimen337
\@footline@textwidth=\dimen338
File: TUBraunschweig_RGB_beamer.pdf Graphic file (type pdf)
<use TUBraunschweig_RGB_beamer.pdf>
Package pdftex.def Info: TUBraunschweig_RGB_beamer.pdf  used on input line 337.

(pdftex.def)             Requested size: 70.27829pt x 26.10355pt.
File: InA-Logo-rgb.pdf Graphic file (type pdf)
<use InA-Logo-rgb.pdf>
Package pdftex.def Info: InA-Logo-rgb.pdf  used on input line 337.
(pdftex.def)             Requested size: 48.05165pt x 20.69946pt.
[14

]
<1dDomain.pdf, id=251, 230.42686pt x 66.40509pt>
File: 1dDomain.pdf Graphic file (type pdf)
<use 1dDomain.pdf>
Package pdftex.def Info: 1dDomain.pdf  used on input line 357.
(pdftex.def)             Requested size: 194.61897pt x 56.08688pt.
\beamer@CDlogowidth=\dimen339
\beamer@CDlogoheight=\dimen340
\@footline@textwidth=\dimen341
File: TUBraunschweig_RGB_beamer.pdf Graphic file (type pdf)
<use TUBraunschweig_RGB_beamer.pdf>
Package pdftex.def Info: TUBraunschweig_RGB_beamer.pdf  used on input line 357.

(pdftex.def)             Requested size: 70.27829pt x 26.10355pt.
File: InA-Logo-rgb.pdf Graphic file (type pdf)
<use InA-Logo-rgb.pdf>
Package pdftex.def Info: InA-Logo-rgb.pdf  used on input line 357.
(pdftex.def)             Requested size: 48.05165pt x 20.69946pt.
 [15

 <./1dDomain.pdf>]
<FEMprior_Z.pdf, id=279, 416.99791pt x 260.17201pt>
File: FEMprior_Z.pdf Graphic file (type pdf)
<use FEMprior_Z.pdf>
Package pdftex.def Info: FEMprior_Z.pdf  used on input line 369.
(pdftex.def)             Requested size: 243.27126pt x 151.78514pt.

Overfull \vbox (15.82019pt too high) detected at line 369
 []

\beamer@CDlogowidth=\dimen342
\beamer@CDlogoheight=\dimen343
\@footline@textwidth=\dimen344
File: TUBraunschweig_RGB_beamer.pdf Graphic file (type pdf)
<use TUBraunschweig_RGB_beamer.pdf>
Package pdftex.def Info: TUBraunschweig_RGB_beamer.pdf  used on input line 369.

(pdftex.def)             Requested size: 70.27829pt x 26.10355pt.
File: InA-Logo-rgb.pdf Graphic file (type pdf)
<use InA-Logo-rgb.pdf>
Package pdftex.def Info: InA-Logo-rgb.pdf  used on input line 369.
(pdftex.def)             Requested size: 48.05165pt x 20.69946pt.
[16

 <./FEMprior_Z.pdf>]
<1DPost_1P1O.pdf, id=305, 394.60638pt x 265.86464pt>
File: 1DPost_1P1O.pdf Graphic file (type pdf)
<use 1DPost_1P1O.pdf>
Package pdftex.def Info: 1DPost_1P1O.pdf  used on input line 381.
(pdftex.def)             Requested size: 227.05219pt x 152.97644pt.
\beamer@CDlogowidth=\dimen345
\beamer@CDlogoheight=\dimen346
\@footline@textwidth=\dimen347
File: TUBraunschweig_RGB_beamer.pdf Graphic file (type pdf)
<use TUBraunschweig_RGB_beamer.pdf>
Package pdftex.def Info: TUBraunschweig_RGB_beamer.pdf  used on input line 381.

(pdftex.def)             Requested size: 70.27829pt x 26.10355pt.
File: InA-Logo-rgb.pdf Graphic file (type pdf)
<use InA-Logo-rgb.pdf>
Package pdftex.def Info: InA-Logo-rgb.pdf  used on input line 381.
(pdftex.def)             Requested size: 48.05165pt x 20.69946pt.
 [17

 <./1DPost_1P1O.pdf>]
<1DPost_4P1O.pdf, id=330, 394.60638pt x 265.86464pt>
File: 1DPost_4P1O.pdf Graphic file (type pdf)
<use 1DPost_4P1O.pdf>
Package pdftex.def Info: 1DPost_4P1O.pdf  used on input line 392.
(pdftex.def)             Requested size: 227.05219pt x 152.97644pt.
\beamer@CDlogowidth=\dimen348
\beamer@CDlogoheight=\dimen349
\@footline@textwidth=\dimen350
File: TUBraunschweig_RGB_beamer.pdf Graphic file (type pdf)
<use TUBraunschweig_RGB_beamer.pdf>
Package pdftex.def Info: TUBraunschweig_RGB_beamer.pdf  used on input line 392.

(pdftex.def)             Requested size: 70.27829pt x 26.10355pt.
File: InA-Logo-rgb.pdf Graphic file (type pdf)
<use InA-Logo-rgb.pdf>
Package pdftex.def Info: InA-Logo-rgb.pdf  used on input line 392.
(pdftex.def)             Requested size: 48.05165pt x 20.69946pt.
 [18

 <./1DPost_4P1O.pdf>]
<1DPost_4P20O.pdf, id=356, 394.60638pt x 265.86464pt>
File: 1DPost_4P20O.pdf Graphic file (type pdf)
<use 1DPost_4P20O.pdf>
Package pdftex.def Info: 1DPost_4P20O.pdf  used on input line 402.
(pdftex.def)             Requested size: 227.05219pt x 152.97644pt.
\beamer@CDlogowidth=\dimen351
\beamer@CDlogoheight=\dimen352
\@footline@textwidth=\dimen353
File: TUBraunschweig_RGB_beamer.pdf Graphic file (type pdf)
<use TUBraunschweig_RGB_beamer.pdf>
Package pdftex.def Info: TUBraunschweig_RGB_beamer.pdf  used on input line 402.

(pdftex.def)             Requested size: 70.27829pt x 26.10355pt.
File: InA-Logo-rgb.pdf Graphic file (type pdf)
<use InA-Logo-rgb.pdf>
Package pdftex.def Info: InA-Logo-rgb.pdf  used on input line 402.
(pdftex.def)             Requested size: 48.05165pt x 20.69946pt.

[19

 <./1DPost_4P20O.pdf>]
<../../Python/Results/1D/PriorDataConflict/Model_Error/30s_5o/Result.pdf, id=40
2, 277.58784pt x 182.39276pt>
File: ../../Python/Results/1D/PriorDataConflict/Model_Error/30s_5o/Result.pdf G
raphic file (type pdf)
<use ../../Python/Results/1D/PriorDataConflict/Model_Error/30s_5o/Result.pdf>
Package pdftex.def Info: ../../Python/Results/1D/PriorDataConflict/Model_Error/
30s_5o/Result.pdf  used on input line 482.
(pdftex.def)             Requested size: 162.18083pt x 106.56435pt.
LaTeX Font Info:    Font shape `U/msa/m/n' will be
(Font)              scaled to size 5.21004pt on input line 482.
LaTeX Font Info:    Font shape `U/msb/m/n' will be
(Font)              scaled to size 5.21004pt on input line 482.
LaTeX Font Info:    Font shape `LY1/NexusProSans-lnum/bx/it' in size <5> not av
ailable
(Font)              Font shape `LY1/NexusProSans-lnum/b/it' tried instead on in
put line 482.
<../../Python/Results/1D/PriorDataConflict/Model_Error/30s_100o/Result.pdf, id=
403, 277.58784pt x 182.39276pt>
File: ../../Python/Results/1D/PriorDataConflict/Model_Error/30s_100o/Result.pdf
 Graphic file (type pdf)
<use ../../Python/Results/1D/PriorDataConflict/Model_Error/30s_100o/Result.pdf>

Package pdftex.def Info: ../../Python/Results/1D/PriorDataConflict/Model_Error/
30s_100o/Result.pdf  used on input line 482.
(pdftex.def)             Requested size: 162.18083pt x 106.56435pt.
\beamer@CDlogowidth=\dimen354
\beamer@CDlogoheight=\dimen355
\@footline@textwidth=\dimen356
File: TUBraunschweig_RGB_beamer.pdf Graphic file (type pdf)
<use TUBraunschweig_RGB_beamer.pdf>
Package pdftex.def Info: TUBraunschweig_RGB_beamer.pdf  used on input line 482.

(pdftex.def)             Requested size: 70.27829pt x 26.10355pt.
File: InA-Logo-rgb.pdf Graphic file (type pdf)
<use InA-Logo-rgb.pdf>
Package pdftex.def Info: InA-Logo-rgb.pdf  used on input line 482.
(pdftex.def)             Requested size: 48.05165pt x 20.69946pt.
 [20

 <../../Python/Results/1D/PriorDataConflict/Model_Error/30s_5o/Result.pdf> <../
../Python/Results/1D/PriorDataConflict/Model_Error/30s_100o/Result.pdf

pdfTeX warning: /usr/bin/pdflatex (file ../../Python/Results/1D/PriorDataConfli
ct/Model_Error/30s_100o/Result.pdf): PDF inclusion: multiple pdfs with page gro
up included in a single page
>]
<BCsThesis1.pdf, id=549, 123.52951pt x 116.0345pt>
File: BCsThesis1.pdf Graphic file (type pdf)
<use BCsThesis1.pdf>
Package pdftex.def Info: BCsThesis1.pdf  used on input line 519.
(pdftex.def)             Requested size: 121.63562pt x 114.26012pt.

Overfull \vbox (12.10034pt too high) detected at line 519
 []

\beamer@CDlogowidth=\dimen357
\beamer@CDlogoheight=\dimen358
\@footline@textwidth=\dimen359
File: TUBraunschweig_RGB_beamer.pdf Graphic file (type pdf)
<use TUBraunschweig_RGB_beamer.pdf>
Package pdftex.def Info: TUBraunschweig_RGB_beamer.pdf  used on input line 519.

(pdftex.def)             Requested size: 70.27829pt x 26.10355pt.
File: InA-Logo-rgb.pdf Graphic file (type pdf)
<use InA-Logo-rgb.pdf>
Package pdftex.def Info: InA-Logo-rgb.pdf  used on input line 519.
(pdftex.def)             Requested size: 48.05165pt x 20.69946pt.
[21

 <./BCsThesis1.pdf>]
<SolutionCustom2D.pdf, id=579, 384.15738pt x 305.78654pt>
File: SolutionCustom2D.pdf Graphic file (type pdf)
<use SolutionCustom2D.pdf>
Package pdftex.def Info: SolutionCustom2D.pdf  used on input line 538.
(pdftex.def)             Requested size: 210.8331pt x 167.81917pt.

Overfull \vbox (19.16661pt too high) detected at line 538
 []

\beamer@CDlogowidth=\dimen360
\beamer@CDlogoheight=\dimen361
\@footline@textwidth=\dimen362
File: TUBraunschweig_RGB_beamer.pdf Graphic file (type pdf)
<use TUBraunschweig_RGB_beamer.pdf>
Package pdftex.def Info: TUBraunschweig_RGB_beamer.pdf  used on input line 538.

(pdftex.def)             Requested size: 70.27829pt x 26.10355pt.
File: InA-Logo-rgb.pdf Graphic file (type pdf)
<use InA-Logo-rgb.pdf>
Package pdftex.def Info: InA-Logo-rgb.pdf  used on input line 538.
(pdftex.def)             Requested size: 48.05165pt x 20.69946pt.
[22

 <./SolutionCustom2D.pdf>]
<../../Python/Results/2D/100procent_no_d/VarField_Posterior.pdf, id=615, 404.99
539pt x 306.0233pt>
File: ../../Python/Results/2D/100procent_no_d/VarField_Posterior.pdf Graphic fi
le (type pdf)
<use ../../Python/Results/2D/100procent_no_d/VarField_Posterior.pdf>
Package pdftex.def Info: ../../Python/Results/2D/100procent_no_d/VarField_Poste
rior.pdf  used on input line 559.
(pdftex.def)             Requested size: 227.05219pt x 171.568pt.

Overfull \vbox (20.31482pt too high) detected at line 559
 []

\beamer@CDlogowidth=\dimen363
\beamer@CDlogoheight=\dimen364
\@footline@textwidth=\dimen365
File: TUBraunschweig_RGB_beamer.pdf Graphic file (type pdf)
<use TUBraunschweig_RGB_beamer.pdf>
Package pdftex.def Info: TUBraunschweig_RGB_beamer.pdf  used on input line 559.

(pdftex.def)             Requested size: 70.27829pt x 26.10355pt.
File: InA-Logo-rgb.pdf Graphic file (type pdf)
<use InA-Logo-rgb.pdf>
Package pdftex.def Info: InA-Logo-rgb.pdf  used on input line 559.
(pdftex.def)             Requested size: 48.05165pt x 20.69946pt.
[23

 <../../Python/Results/2D/100procent_no_d/VarField_Posterior.pdf>]
<3dTest.pdf, id=667, 565.62054pt x 280.36899pt>
File: 3dTest.pdf Graphic file (type pdf)
<use 3dTest.pdf>
Package pdftex.def Info: 3dTest.pdf  used on input line 590.
(pdftex.def)             Requested size: 259.49033pt x 128.62904pt.

Overfull \vbox (23.6641pt too high) detected at line 590
 []

\beamer@CDlogowidth=\dimen366
\beamer@CDlogoheight=\dimen367
\@footline@textwidth=\dimen368
File: TUBraunschweig_RGB_beamer.pdf Graphic file (type pdf)
<use TUBraunschweig_RGB_beamer.pdf>
Package pdftex.def Info: TUBraunschweig_RGB_beamer.pdf  used on input line 590.

(pdftex.def)             Requested size: 70.27829pt x 26.10355pt.
File: InA-Logo-rgb.pdf Graphic file (type pdf)
<use InA-Logo-rgb.pdf>
Package pdftex.def Info: InA-Logo-rgb.pdf  used on input line 590.
(pdftex.def)             Requested size: 48.05165pt x 20.69946pt.
[24

 <./3dTest.pdf>]
<../../Python/Results/2D/prior_data_conflict/3dMSE.pdf, id=701, 567.05467pt x 2
80.60323pt>
File: ../../Python/Results/2D/prior_data_conflict/3dMSE.pdf Graphic file (type 
pdf)
<use ../../Python/Results/2D/prior_data_conflict/3dMSE.pdf>
Package pdftex.def Info: ../../Python/Results/2D/prior_data_conflict/3dMSE.pdf 
 used on input line 601.
(pdftex.def)             Requested size: 259.49033pt x 128.4111pt.

Overfull \vbox (12.35855pt too high) detected at line 601
 []

\beamer@CDlogowidth=\dimen369
\beamer@CDlogoheight=\dimen370
\@footline@textwidth=\dimen371
File: TUBraunschweig_RGB_beamer.pdf Graphic file (type pdf)
<use TUBraunschweig_RGB_beamer.pdf>
Package pdftex.def Info: TUBraunschweig_RGB_beamer.pdf  used on input line 601.

(pdftex.def)             Requested size: 70.27829pt x 26.10355pt.
File: InA-Logo-rgb.pdf Graphic file (type pdf)
<use InA-Logo-rgb.pdf>
Package pdftex.def Info: InA-Logo-rgb.pdf  used on input line 601.
(pdftex.def)             Requested size: 48.05165pt x 20.69946pt.
[25

 <../../Python/Results/2D/prior_data_conflict/3dMSE.pdf>]
<../../Python/Results/2D/HalfSide/3/HalfSide.pdf, id=733, 467.5869pt x 204.5241
pt>
File: ../../Python/Results/2D/HalfSide/3/HalfSide.pdf Graphic file (type pdf)
<use ../../Python/Results/2D/HalfSide/3/HalfSide.pdf>
Package pdftex.def Info: ../../Python/Results/2D/HalfSide/3/HalfSide.pdf  used 
on input line 613.
(pdftex.def)             Requested size: 259.49033pt x 113.50595pt.

Overfull \vbox (8.4534pt too high) detected at line 613
 []

\beamer@CDlogowidth=\dimen372
\beamer@CDlogoheight=\dimen373
\@footline@textwidth=\dimen374
File: TUBraunschweig_RGB_beamer.pdf Graphic file (type pdf)
<use TUBraunschweig_RGB_beamer.pdf>
Package pdftex.def Info: TUBraunschweig_RGB_beamer.pdf  used on input line 613.

(pdftex.def)             Requested size: 70.27829pt x 26.10355pt.
File: InA-Logo-rgb.pdf Graphic file (type pdf)
<use InA-Logo-rgb.pdf>
Package pdftex.def Info: InA-Logo-rgb.pdf  used on input line 613.
(pdftex.def)             Requested size: 48.05165pt x 20.69946pt.
[26

 <../../Python/Results/2D/HalfSide/3/HalfSide.pdf>]
<../../Python/Results/2D/HalfSide/4/VarField_Posterior.pdf, id=760, 412.83327pt
 x 304.8747pt>
File: ../../Python/Results/2D/HalfSide/4/VarField_Posterior.pdf Graphic file (t
ype pdf)
<use ../../Python/Results/2D/HalfSide/4/VarField_Posterior.pdf>
Package pdftex.def Info: ../../Python/Results/2D/HalfSide/4/VarField_Posterior.
pdf  used on input line 629.
(pdftex.def)             Requested size: 227.05219pt x 167.67694pt.
LaTeX Font Info:    Font shape `U/msa/m/n' will be
(Font)              scaled to size 9.37807pt on input line 629.
LaTeX Font Info:    Font shape `U/msa/m/n' will be
(Font)              scaled to size 7.29405pt on input line 629.
LaTeX Font Info:    Font shape `U/msb/m/n' will be
(Font)              scaled to size 9.37807pt on input line 629.
LaTeX Font Info:    Font shape `U/msb/m/n' will be
(Font)              scaled to size 7.29405pt on input line 629.
LaTeX Font Info:    Font shape `LY1/NexusProSans-lnum/bx/it' in size <9> not av
ailable
(Font)              Font shape `LY1/NexusProSans-lnum/b/it' tried instead on in
put line 629.
LaTeX Font Info:    Font shape `LY1/NexusProSans-lnum/bx/it' in size <7> not av
ailable
(Font)              Font shape `LY1/NexusProSans-lnum/b/it' tried instead on in
put line 629.

Overfull \vbox (16.42377pt too high) detected at line 629
 []

\beamer@CDlogowidth=\dimen375
\beamer@CDlogoheight=\dimen376
\@footline@textwidth=\dimen377
File: TUBraunschweig_RGB_beamer.pdf Graphic file (type pdf)
<use TUBraunschweig_RGB_beamer.pdf>
Package pdftex.def Info: TUBraunschweig_RGB_beamer.pdf  used on input line 629.

(pdftex.def)             Requested size: 70.27829pt x 26.10355pt.
File: InA-Logo-rgb.pdf Graphic file (type pdf)
<use InA-Logo-rgb.pdf>
Package pdftex.def Info: InA-Logo-rgb.pdf  used on input line 629.
(pdftex.def)             Requested size: 48.05165pt x 20.69946pt.
[27

 <../../Python/Results/2D/HalfSide/4/VarField_Posterior.pdf>] [28

]
\beamer@CDlogowidth=\dimen378
\beamer@CDlogoheight=\dimen379
\@footline@textwidth=\dimen380
File: TUBraunschweig_RGB_beamer.pdf Graphic file (type pdf)
<use TUBraunschweig_RGB_beamer.pdf>
Package pdftex.def Info: TUBraunschweig_RGB_beamer.pdf  used on input line 649.

(pdftex.def)             Requested size: 70.27829pt x 26.10355pt.
File: InA-Logo-rgb.pdf Graphic file (type pdf)
<use InA-Logo-rgb.pdf>
Package pdftex.def Info: InA-Logo-rgb.pdf  used on input line 649.
(pdftex.def)             Requested size: 48.05165pt x 20.69946pt.
 [29

]
\beamer@CDlogowidth=\dimen381
\beamer@CDlogoheight=\dimen382
\@footline@textwidth=\dimen383
File: TUBraunschweig_RGB_beamer.pdf Graphic file (type pdf)
<use TUBraunschweig_RGB_beamer.pdf>
Package pdftex.def Info: TUBraunschweig_RGB_beamer.pdf  used on input line 661.

(pdftex.def)             Requested size: 70.27829pt x 26.10355pt.
File: InA-Logo-rgb.pdf Graphic file (type pdf)
<use InA-Logo-rgb.pdf>
Package pdftex.def Info: InA-Logo-rgb.pdf  used on input line 661.
(pdftex.def)             Requested size: 48.05165pt x 20.69946pt.

[30

]
<refs.png, id=825, 797.98125pt x 521.95pt>
File: refs.png Graphic file (type png)
<use refs.png>
Package pdftex.def Info: refs.png  used on input line 675.
(pdftex.def)             Requested size: 227.05219pt x 148.51039pt.
 [31

 <./refs.png>]
\tf@nav=\write6
\openout6 = `beamer_example.nav'.

\tf@toc=\write7
\openout7 = `beamer_example.toc'.

\tf@snm=\write8
\openout8 = `beamer_example.snm'.

Package atveryend Info: Empty hook `BeforeClearDocument' on input line 679.
Package atveryend Info: Empty hook `AfterLastShipout' on input line 679.
 (./beamer_example.aux)
Package atveryend Info: Executing hook `AtVeryEndDocument' on input line 679.
Package atveryend Info: Executing hook `AtEndAfterFileList' on input line 679.
Package rerunfilecheck Info: File `beamer_example.out' has not changed.
(rerunfilecheck)             Checksum: 4C5C9E62D00599B7DF909FD6E9C21131;596.


LaTeX Font Warning: Size substitutions with differences
(Font)              up to 2.0pt have occurred.


LaTeX Font Warning: Some font shapes were not available, defaults substituted.

 ) 
Here is how much of TeX's memory you used:
 23082 strings out of 480623
 432953 string characters out of 5906692
 692975 words of memory out of 5000000
 38246 multiletter control sequences out of 15000+600000
 795641 words of font info for 211 fonts, out of 8000000 for 9000
 1137 hyphenation exceptions out of 8191
 58i,20n,88p,781b,854s stack positions out of 5000i,500n,10000p,200000b,80000s
{/home/lucashermann/texmf/fonts/enc/dvips/Fontshop/a_3cgipr.enc}{/home/lucash
ermann/texmf/fonts/enc/dvips/Fontshop/a_cbf6z5.enc}{/usr/share/texlive/texmf-di
st/fonts/enc/dvips/base/8r.enc}</home/lucashermann/texmf/fonts/type1/Nexus/Nexu
sSansPro-Bold.pfb></home/lucashermann/texmf/fonts/type1/Nexus/NexusSansPro-Bold
Italic.pfb></home/lucashermann/texmf/fonts/type1/Nexus/NexusSansPro-Italic.pfb>
</home/lucashermann/texmf/fonts/type1/Nexus/NexusSansPro-Regular.pfb></home/luc
ashermann/texmf/fonts/type1/Nexus/NexusSerifPro-Regular.pfb></usr/share/texlive
/texmf-dist/fonts/type1/public/amsfonts/cm/cmex10.pfb></usr/share/texlive/texmf
-dist/fonts/type1/public/amsfonts/cm/cmmi10.pfb></usr/share/texlive/texmf-dist/
fonts/type1/public/amsfonts/cm/cmmi7.pfb></usr/share/texlive/texmf-dist/fonts/t
ype1/public/amsfonts/cm/cmr10.pfb></usr/share/texlive/texmf-dist/fonts/type1/pu
blic/amsfonts/cm/cmr7.pfb></usr/share/texlive/texmf-dist/fonts/type1/public/ams
fonts/cm/cmss10.pfb></usr/share/texlive/texmf-dist/fonts/type1/public/amsfonts/
cm/cmss12.pfb></usr/share/texlive/texmf-dist/fonts/type1/public/amsfonts/cm/cms
y10.pfb></usr/share/texlive/texmf-dist/fonts/type1/public/mathpazo/fplmr.pfb></
usr/share/texlive/texmf-dist/fonts/type1/public/mathpazo/fplmri.pfb></usr/share
/texlive/texmf-dist/fonts/type1/urw/palatino/uplr8a.pfb>
Output written on beamer_example.pdf (31 pages, 2561974 bytes).
PDF statistics:
 900 PDF objects out of 1000 (max. 8388607)
 619 compressed objects within 7 object streams
 94 named destinations out of 1000 (max. 500000)
 251 words of extra memory for PDF output out of 10000 (max. 10000000)

