This is pdfTeX, Version 3.14159265-2.6-1.40.21 (TeX Live 2020) (preloaded format=pdflatex 2021.1.28)  25 MAY 2021 20:42
entering extended mode
 \write18 enabled.
 %&-line parsing enabled.
**tubsreprt_example.tex
(./tubsreprt_example.tex
LaTeX2e <2020-02-02> patch level 5
L3 programming layer <2020-04-06>
(/home/lucashermann/texmf/tex/latex/tubs/tubsbook.cls
(/usr/share/texlive/texmf-dist/tex/latex/base/ifthen.sty
Package: ifthen 2014/09/29 v1.1c Standard LaTeX ifthen package (DPC)
)
(/usr/share/texlive/texmf-dist/tex/latex/koma-script/scrlfile.sty
Package: scrlfile 2020/04/19 v3.30 KOMA-Script package (loading files)
)
(/usr/share/texlive/texmf-dist/tex/latex/etoolbox/etoolbox.sty
Package: etoolbox 2019/09/21 v2.5h e-TeX tools for LaTeX (JAW)
\etb@tempcnta=\count167
)
Document Class: tubsbook 2020/11/30 v1.3.4-r149 tubslatex document class (scrbo
ok)
(/usr/share/texlive/texmf-dist/tex/latex/xkeyval/xkeyval.sty
Package: xkeyval 2014/12/03 v2.7a package option processing (HA)

(/usr/share/texlive/texmf-dist/tex/generic/xkeyval/xkeyval.tex
(/usr/share/texlive/texmf-dist/tex/generic/xkeyval/xkvutils.tex
\XKV@toks=\toks15
\XKV@tempa@toks=\toks16

(/usr/share/texlive/texmf-dist/tex/generic/xkeyval/keyval.tex))
\XKV@depth=\count168
File: xkeyval.tex 2014/12/03 v2.7a key=value parser (HA)
))
(/usr/share/texlive/texmf-dist/tex/latex/koma-script/scrbook.cls
Document Class: scrbook 2020/04/19 v3.30 KOMA-Script document class (book)
(/usr/share/texlive/texmf-dist/tex/latex/koma-script/scrkbase.sty
Package: scrkbase 2020/04/19 v3.30 KOMA-Script package (KOMA-Script-dependent b
asics and keyval usage)

(/usr/share/texlive/texmf-dist/tex/latex/koma-script/scrbase.sty
Package: scrbase 2020/04/19 v3.30 KOMA-Script package (KOMA-Script-independent 
basics and keyval usage)
))
(/usr/share/texlive/texmf-dist/tex/latex/koma-script/tocbasic.sty
Package: tocbasic 2020/04/19 v3.30 KOMA-Script package (handling toc-files)
\scr@dte@tocline@numberwidth=\skip47
\scr@dte@tocline@numbox=\box45
)
Package tocbasic Info: omitting babel extension for `toc'
(tocbasic)             because of feature `nobabel' available
(tocbasic)             for `toc' on input line 137.
Package scrbook Info: You've used standard option `11pt'.
(scrbook)             This is correct!
(scrbook)             Internally I'm using `fontsize=11pt'.
(scrbook)             If you'd like to set the option with \KOMAoptions,
(scrbook)             you'd have to use `fontsize=11pt' there
(scrbook)             instead of `11pt', too.
Class scrbook Info: File `tubsa411pt.clo' used to setup font sizes on input lin
e 2427.

(/home/lucashermann/texmf/tex/latex/tubs/tubsa411pt.clo)
(/usr/share/texlive/texmf-dist/tex/latex/koma-script/typearea.sty
Package: typearea 2020/04/19 v3.30 KOMA-Script package (type area)
\ta@bcor=\skip48
\ta@div=\count169
Package typearea Info: You've used standard option `a4paper'.
(typearea)             This is correct!
(typearea)             Internally I'm using `paper=a4'.
(typearea)             If you'd like to set the option with \KOMAoptions,
(typearea)             you'd have to use `paper=a4' there
(typearea)             instead of `a4paper', too.
Package typearea Info: You've used standard option `oneside'.
(typearea)             This is correct!
(typearea)             Internally I'm using `twoside=false'.
(typearea)             If you'd like to set the option with \KOMAoptions,
(typearea)             you'd have to use `twoside=false' there
(typearea)             instead of `oneside', too.
\ta@hblk=\skip49
\ta@vblk=\skip50
\ta@temp=\skip51
\footheight=\skip52
Package typearea Info: These are the values describing the layout:
(typearea)             DIV  = 10
(typearea)             BCOR = 0.0pt
(typearea)             \paperwidth      = 597.50793pt
(typearea)              \textwidth      = 418.25555pt
(typearea)              DIV departure   = -6%
(typearea)              \evensidemargin = 17.3562pt
(typearea)              \oddsidemargin  = 17.3562pt
(typearea)             \paperheight     = 845.04694pt
(typearea)              \textheight     = 596.19977pt
(typearea)              \topmargin      = -30.11528pt
(typearea)              \headheight     = 19.24998pt
(typearea)              \headsep        = 23.09999pt
(typearea)              \topskip        = 11.0pt
(typearea)              \footskip       = 53.89996pt
(typearea)              \baselineskip   = 15.4pt
(typearea)              on input line 1738.
)
\c@part=\count170
\c@chapter=\count171
\c@section=\count172
\c@subsection=\count173
\c@subsubsection=\count174
\c@paragraph=\count175
\c@subparagraph=\count176
\scr@dte@chapter@maxnumwidth=\skip53
Class scrbook Info: using compatibility default `afterindent=bysign'
(scrbook)           for `\chapter on input line 5586.
\scr@dte@section@maxnumwidth=\skip54
Class scrbook Info: using compatibility default `runin=bysign'
(scrbook)           for `\section on input line 5596.
Class scrbook Info: using compatibility default `afterindent=bysign'
(scrbook)           for `\section on input line 5596.
\scr@dte@part@maxnumwidth=\skip55
Class scrbook Info: using compatibility default `afterindent=true'
(scrbook)           for `\part on input line 5605.
\scr@dte@subsection@maxnumwidth=\skip56
Class scrbook Info: using compatibility default `runin=bysign'
(scrbook)           for `\subsection on input line 5615.
Class scrbook Info: using compatibility default `afterindent=bysign'
(scrbook)           for `\subsection on input line 5615.
\scr@dte@subsubsection@maxnumwidth=\skip57
Class scrbook Info: using compatibility default `runin=bysign'
(scrbook)           for `\subsubsection on input line 5625.
Class scrbook Info: using compatibility default `afterindent=bysign'
(scrbook)           for `\subsubsection on input line 5625.
\scr@dte@paragraph@maxnumwidth=\skip58
Class scrbook Info: using compatibility default `runin=bysign'
(scrbook)           for `\paragraph on input line 5635.
Class scrbook Info: using compatibility default `afterindent=bysign'
(scrbook)           for `\paragraph on input line 5635.
\scr@dte@subparagraph@maxnumwidth=\skip59
Class scrbook Info: using compatibility default `runin=bysign'
(scrbook)           for `\subparagraph on input line 5645.
Class scrbook Info: using compatibility default `afterindent=bysign'
(scrbook)           for `\subparagraph on input line 5645.
\abovecaptionskip=\skip60
\belowcaptionskip=\skip61
\c@pti@nb@sid@b@x=\box46
Package tocbasic Info: omitting babel extension for `lof'
(tocbasic)             because of feature `nobabel' available
(tocbasic)             for `lof' on input line 6887.
\scr@dte@figure@maxnumwidth=\skip62
\c@figure=\count177
Package tocbasic Info: omitting babel extension for `lot'
(tocbasic)             because of feature `nobabel' available
(tocbasic)             for `lot' on input line 6908.
\scr@dte@table@maxnumwidth=\skip63
\c@table=\count178
Class scrbook Info: Redefining `\numberline' on input line 7081.
\bibindent=\dimen134
)
(/home/lucashermann/texmf/tex/latex/tubs/tubscolors.sty
Package: tubscolors 2020/11/30 v1.3.4-r149 tubslatex, file v0.6 Farbschema der 
TU-Braunschweig

(/usr/share/texlive/texmf-dist/tex/latex/xcolor/xcolor.sty
Package: xcolor 2016/05/11 v2.12 LaTeX color extensions (UK)

(/usr/share/texlive/texmf-dist/tex/latex/graphics-cfg/color.cfg
File: color.cfg 2016/01/02 v1.6 sample color configuration
)
Package xcolor Info: Driver file: pdftex.def on input line 225.

(/usr/share/texlive/texmf-dist/tex/latex/graphics-def/pdftex.def
File: pdftex.def 2018/01/08 v1.0l Graphics/color driver for pdftex
)
Package xcolor Info: Model `cmy' substituted by `cmy0' on input line 1348.
Package xcolor Info: Model `hsb' substituted by `rgb' on input line 1352.
Package xcolor Info: Model `RGB' extended on input line 1364.
Package xcolor Info: Model `HTML' substituted by `rgb' on input line 1366.
Package xcolor Info: Model `Hsb' substituted by `hsb' on input line 1367.
Package xcolor Info: Model `tHsb' substituted by `hsb' on input line 1368.
Package xcolor Info: Model `HSB' substituted by `hsb' on input line 1369.
Package xcolor Info: Model `Gray' substituted by `gray' on input line 1370.
Package xcolor Info: Model `wave' substituted by `hsb' on input line 1371.
)
(/usr/share/texlive/texmf-dist/tex/latex/forloop/forloop.sty
Package: forloop 2006/09/18 v3.0 For Loops for LaTeX
)
\c@perc=\count179
\cshowwidth=\skip64
)
(/home/lucashermann/texmf/tex/latex/tubs/tubstypearea.sty
Package: tubstypearea 2020/11/30 v1.3.4-r149 tubslatex

(/usr/share/texlive/texmf-dist/tex/latex/tools/calc.sty
Package: calc 2017/05/25 v4.3 Infix arithmetic (KKT,FJ)
\calc@Acount=\count180
\calc@Bcount=\count181
\calc@Adimen=\dimen135
\calc@Bdimen=\dimen136
\calc@Askip=\skip65
\calc@Bskip=\skip66
LaTeX Info: Redefining \setlength on input line 80.
LaTeX Info: Redefining \addtolength on input line 81.
\calc@Ccount=\count182
\calc@Cskip=\skip67
)
\tubspage@bcor=\skip68
\tubsborderwidth=\skip69
\tubspage@module@padding=\skip70
\tubssenderheight=\skip71
\tubspage@headheight=\skip72
\tubscommunicationheight=\skip73
\tubspage@contentwidth=\skip74
\c@tubspage@vsegments=\count183
\c@tubspage@gausssum=\count184
\tubscolumnsep=\skip75
\tubsgaussbaseheight=\skip76
\tubscolumnwidth=\skip77

(/usr/share/texlive/texmf-dist/tex/latex/geometry/geometry.sty
Package: geometry 2020/01/02 v5.9 Page Geometry

(/usr/share/texlive/texmf-dist/tex/generic/iftex/ifvtex.sty
Package: ifvtex 2019/10/25 v1.7 ifvtex legacy package. Use iftex instead.

(/usr/share/texlive/texmf-dist/tex/generic/iftex/iftex.sty
Package: iftex 2020/03/06 v1.0d TeX engine tests
))
\Gm@cnth=\count185
\Gm@cntv=\count186
\c@Gm@tempcnt=\count187
\Gm@bindingoffset=\dimen137
\Gm@wd@mp=\dimen138
\Gm@odd@mp=\dimen139
\Gm@even@mp=\dimen140
\Gm@layoutwidth=\dimen141
\Gm@layoutheight=\dimen142
\Gm@layouthoffset=\dimen143
\Gm@layoutvoffset=\dimen144
\Gm@dimlist=\toks17
)
\c@tmp@calc=\count188
)
(/home/lucashermann/texmf/tex/latex/tubs/tubslogo.sty
Package: tubslogo 2020/11/30 v1.3.4-r149 tubslatex, file v1.2 CD-Logo der TU Br
aunschweig

(/usr/share/texlive/texmf-dist/tex/latex/graphics/graphicx.sty
Package: graphicx 2019/11/30 v1.2a Enhanced LaTeX Graphics (DPC,SPQR)

(/usr/share/texlive/texmf-dist/tex/latex/graphics/graphics.sty
Package: graphics 2019/11/30 v1.4a Standard LaTeX Graphics (DPC,SPQR)

(/usr/share/texlive/texmf-dist/tex/latex/graphics/trig.sty
Package: trig 2016/01/03 v1.10 sin cos tan (DPC)
)
(/usr/share/texlive/texmf-dist/tex/latex/graphics-cfg/graphics.cfg
File: graphics.cfg 2016/06/04 v1.11 sample graphics configuration
)
Package graphics Info: Driver file: pdftex.def on input line 105.
)
\Gin@req@height=\dimen145
\Gin@req@width=\dimen146
)
\tubslogo@width=\skip78
\tubslogoBaseWidth=\skip79
\tubslogoBaseHeight=\skip80
\tubslogoWidth=\skip81
\tubslogoHeight=\skip82
)
(/home/lucashermann/texmf/tex/latex/tubs/tubsstyle.sty
Package: tubsstyle 2020/11/30 v1.3.4-r149 tubslatex, file v0.1 Hintergrund-Dars
tellung für tubslatex

(/usr/share/texlive/texmf-dist/tex/latex/eso-pic/eso-pic.sty
Package: eso-pic 2018/04/12 v2.0h eso-pic (RN)
)
(/usr/share/texlive/texmf-dist/tex/latex/eso-pic/eso-pic.sty
Package: eso-pic 2018/04/12 v2.0h eso-pic (RN)

(/usr/share/texlive/texmf-dist/tex/generic/atbegshi/atbegshi.sty
Package: atbegshi 2019/12/05 v1.19 At begin shipout hook (HO)

(/usr/share/texlive/texmf-dist/tex/generic/infwarerr/infwarerr.sty
Package: infwarerr 2019/12/03 v1.5 Providing info/warning/error messages (HO)
)
(/usr/share/texlive/texmf-dist/tex/generic/ltxcmds/ltxcmds.sty
Package: ltxcmds 2019/12/15 v1.24 LaTeX kernel commands for general use (HO)
)))
(/home/lucashermann/texmf/tex/latex/tubs/tubsbox.sty
(/home/lucashermann/texmf/tex/latex/tubs/tubsdebug.sty)
(/usr/share/texlive/texmf-dist/tex/latex/textpos/textpos.sty
Package: textpos 2019/04/15 v1.9.1

Package: textpos 2019/04/15 1.9.1, absolute positioning of text on the page
(/usr/share/texlive/texmf-dist/tex/latex/ms/everyshi.sty
Package: everyshi 2001/05/15 v3.00 EveryShipout Package (MS)
)
\TP@textbox=\box47
\TP@holdbox=\box48
\TPHorizModule=\dimen147
\TPVertModule=\dimen148
\TP@margin=\dimen149
\TP@absmargin=\dimen150

Grid set 16 x 16 = 37.34424pt x 52.81541pt
\TPboxrulesize=\dimen151
\TP@ox=\dimen152
\TP@oy=\dimen153
\TP@tbargs=\toks18
\TP@prevdepth=\dimen154
TextBlockOrigin set to 0pt x 0pt
)
\tubs@gb@toppadding=\skip83
\tubs@gb@bottompadding=\skip84
\tubs@gb@leftpadding=\skip85
\tubs@gb@rightpadding=\skip86
\tubs@gb@storebox=\box49
\c@tubs@gb@lastelement=\count189
\c@tubs@gb@calcypos=\count190
\c@tubs@gb@calcheight=\count191
\tubs@sb@storebox=\box50
\tubs@sb@bgimagebox=\box51
\c@tubs@sb@elementcount=\count192
\c@tubs@sb@xcount=\count193
\tubs@sb@xfreespace=\skip87
\tubs@sb@xlength=\skip88
\c@tubs@cnt=\count194
\c@tubs@sb@current@col=\count195
\c@tubs@sb@current@row=\count196
\c@tubs@sb@current@subrow=\count197
\modulewidth=\skip89
\moduleheight=\skip90
\@box@tmp=\dimen155
\tubs@sb@box@xpos=\skip91
\tubs@sb@box@ypos=\skip92
\tubs@sb@box@rowheight=\skip93
\tubs@sb@box@splitrow=\skip94
\tubs@sb@padding=\skip95
)
\tmp@posx=\skip96
\tmp@posy=\skip97
\c@tmp@calc@bgpos=\count198
\c@tmpb@calc@bgpos=\count199
\@image@xorig=\skip98
\@image@xcalc=\skip99
\@image@yorig=\skip100
\@image@ycalc=\skip101
\c@tubs@yseg@cnt=\count266
) (/home/lucashermann/texmf/tex/latex/tubs/nexus.sty
Package: nexus 2020/11/30 v1.3.4-r149 tubslatex Nexus font

(/usr/share/texlive/texmf-dist/tex/latex/psnfss/mathpazo.sty
Package: mathpazo 2020/03/25 PSNFSS-v9.3 Palatino w/ Pazo Math (D.Puga, WaS) 
\symupright=\mathgroup4
)
(/usr/share/texlive/texmf-dist/tex/latex/base/fontenc.sty
Package: fontenc 2020/02/11 v2.0o Standard LaTeX package

(/usr/share/texlive/texmf-dist/tex/latex/ly1/ly1enc.def
File: ly1enc.def 2009/07/22 v0.7 TeX 'n ANSI encoding (DPC/KB)
Now handling font encoding LY1 ...
... processing UTF-8 mapping file for font encoding LY1

(/usr/share/texlive/texmf-dist/tex/latex/base/ly1enc.dfu
File: ly1enc.dfu 2019/11/14 v1.2k UTF-8 support for inputenc
   defining Unicode char U+00A0 (decimal 160)
   defining Unicode char U+00A1 (decimal 161)
   defining Unicode char U+00A2 (decimal 162)
   defining Unicode char U+00A3 (decimal 163)
   defining Unicode char U+00A4 (decimal 164)
   defining Unicode char U+00A5 (decimal 165)
   defining Unicode char U+00A6 (decimal 166)
   defining Unicode char U+00A7 (decimal 167)
   defining Unicode char U+00AA (decimal 170)
   defining Unicode char U+00AB (decimal 171)
   defining Unicode char U+00AD (decimal 173)
   defining Unicode char U+00AE (decimal 174)
   defining Unicode char U+00B0 (decimal 176)
   defining Unicode char U+00B5 (decimal 181)
   defining Unicode char U+00B6 (decimal 182)
   defining Unicode char U+00B7 (decimal 183)
   defining Unicode char U+00BA (decimal 186)
   defining Unicode char U+00BB (decimal 187)
   defining Unicode char U+00BC (decimal 188)
   defining Unicode char U+00BD (decimal 189)
   defining Unicode char U+00BE (decimal 190)
   defining Unicode char U+00BF (decimal 191)
   defining Unicode char U+00C0 (decimal 192)
   defining Unicode char U+00C1 (decimal 193)
   defining Unicode char U+00C2 (decimal 194)
   defining Unicode char U+00C3 (decimal 195)
   defining Unicode char U+00C4 (decimal 196)
   defining Unicode char U+00C5 (decimal 197)
   defining Unicode char U+00C6 (decimal 198)
   defining Unicode char U+00C7 (decimal 199)
   defining Unicode char U+00C8 (decimal 200)
   defining Unicode char U+00C9 (decimal 201)
   defining Unicode char U+00CA (decimal 202)
   defining Unicode char U+00CB (decimal 203)
   defining Unicode char U+00CC (decimal 204)
   defining Unicode char U+00CD (decimal 205)
   defining Unicode char U+00CE (decimal 206)
   defining Unicode char U+00CF (decimal 207)
   defining Unicode char U+00D0 (decimal 208)
   defining Unicode char U+00D1 (decimal 209)
   defining Unicode char U+00D2 (decimal 210)
   defining Unicode char U+00D3 (decimal 211)
   defining Unicode char U+00D4 (decimal 212)
   defining Unicode char U+00D5 (decimal 213)
   defining Unicode char U+00D6 (decimal 214)
   defining Unicode char U+00D8 (decimal 216)
   defining Unicode char U+00D9 (decimal 217)
   defining Unicode char U+00DA (decimal 218)
   defining Unicode char U+00DB (decimal 219)
   defining Unicode char U+00DC (decimal 220)
   defining Unicode char U+00DD (decimal 221)
   defining Unicode char U+00DE (decimal 222)
   defining Unicode char U+00DF (decimal 223)
   defining Unicode char U+00E0 (decimal 224)
   defining Unicode char U+00E1 (decimal 225)
   defining Unicode char U+00E2 (decimal 226)
   defining Unicode char U+00E3 (decimal 227)
   defining Unicode char U+00E4 (decimal 228)
   defining Unicode char U+00E5 (decimal 229)
   defining Unicode char U+00E6 (decimal 230)
   defining Unicode char U+00E7 (decimal 231)
   defining Unicode char U+00E8 (decimal 232)
   defining Unicode char U+00E9 (decimal 233)
   defining Unicode char U+00EA (decimal 234)
   defining Unicode char U+00EB (decimal 235)
   defining Unicode char U+00EC (decimal 236)
   defining Unicode char U+00ED (decimal 237)
   defining Unicode char U+00EE (decimal 238)
   defining Unicode char U+00EF (decimal 239)
   defining Unicode char U+00F0 (decimal 240)
   defining Unicode char U+00F1 (decimal 241)
   defining Unicode char U+00F2 (decimal 242)
   defining Unicode char U+00F3 (decimal 243)
   defining Unicode char U+00F4 (decimal 244)
   defining Unicode char U+00F5 (decimal 245)
   defining Unicode char U+00F6 (decimal 246)
   defining Unicode char U+00F8 (decimal 248)
   defining Unicode char U+00F9 (decimal 249)
   defining Unicode char U+00FA (decimal 250)
   defining Unicode char U+00FB (decimal 251)
   defining Unicode char U+00FC (decimal 252)
   defining Unicode char U+00FD (decimal 253)
   defining Unicode char U+00FE (decimal 254)
   defining Unicode char U+00FF (decimal 255)
   defining Unicode char U+0131 (decimal 305)
   defining Unicode char U+0141 (decimal 321)
   defining Unicode char U+0142 (decimal 322)
   defining Unicode char U+0152 (decimal 338)
   defining Unicode char U+0153 (decimal 339)
   defining Unicode char U+0160 (decimal 352)
   defining Unicode char U+0161 (decimal 353)
   defining Unicode char U+0174 (decimal 372)
   defining Unicode char U+0175 (decimal 373)
   defining Unicode char U+0176 (decimal 374)
   defining Unicode char U+0177 (decimal 375)
   defining Unicode char U+0178 (decimal 376)
   defining Unicode char U+017D (decimal 381)
   defining Unicode char U+017E (decimal 382)
   defining Unicode char U+0192 (decimal 402)
   defining Unicode char U+0218 (decimal 536)
   defining Unicode char U+0219 (decimal 537)
   defining Unicode char U+021A (decimal 538)
   defining Unicode char U+021B (decimal 539)
   defining Unicode char U+0237 (decimal 567)
   defining Unicode char U+02C6 (decimal 710)
   defining Unicode char U+02DC (decimal 732)
   defining Unicode char U+2013 (decimal 8211)
   defining Unicode char U+2014 (decimal 8212)
   defining Unicode char U+201C (decimal 8220)
   defining Unicode char U+201D (decimal 8221)
   defining Unicode char U+2020 (decimal 8224)
   defining Unicode char U+2021 (decimal 8225)
   defining Unicode char U+2022 (decimal 8226)
   defining Unicode char U+2026 (decimal 8230)
   defining Unicode char U+2030 (decimal 8240)
   defining Unicode char U+2039 (decimal 8249)
   defining Unicode char U+203A (decimal 8250)
   defining Unicode char U+2122 (decimal 8482)
   defining Unicode char U+FB00 (decimal 64256)
   defining Unicode char U+FB01 (decimal 64257)
   defining Unicode char U+FB02 (decimal 64258)
   defining Unicode char U+FB03 (decimal 64259)
   defining Unicode char U+FB04 (decimal 64260)
   defining Unicode char U+FB05 (decimal 64261)
   defining Unicode char U+FB06 (decimal 64262)
))
LaTeX Font Info:    Trying to load font information for LY1+ppl on input line 1
12.

(/usr/share/texlive/texmf-dist/tex/latex/ly1/ly1ppl.fd
File: ly1ppl.fd 1998/07/06 font definitions for LY1/ppl using Berry names.


LaTeX Warning: Font shape declaration has incorrect series value `mc'.
               It should not contain an `m'! Please correct it.
               Found on input line 50.


LaTeX Warning: Font shape declaration has incorrect series value `mx'.
               It should not contain an `m'! Please correct it.
               Found on input line 54.

))
LaTeX Font Info:    Overwriting math alphabet `\mathsf' in version `normal'
(Font)                  OT1/cmss/m/n --> LY1/NexusProSans/m/n on input line 180
.
LaTeX Font Info:    Overwriting math alphabet `\mathtt' in version `normal'
(Font)                  OT1/cmtt/m/n --> LY1/txtt/m/n on input line 181.
) (/usr/share/texlive/texmf-dist/tex/latex/koma-script/scrlayer-scrpage.sty
Package: scrlayer-scrpage 2020/04/19 v3.30 KOMA-Script package (end user interf
ace for scrlayer)

(/usr/share/texlive/texmf-dist/tex/latex/koma-script/scrlayer.sty
Package: scrlayer 2020/04/19 v3.30 KOMA-Script package (defining layers and pag
e styles)
Package scrlayer Info: Using already defined \footheight
(scrlayer)             hoping, that this is a length and
(scrlayer)             not only a macro on input line 109.
Package scrlayer Info: patching LaTeX kernel macro \pagestyle on input line 210
6.
)
Package scrlayer-scrpage Info: Makeing stand-alone element `pagehead' from
(scrlayer-scrpage)             alias to `pageheadfoot' on input line 1244.
Package scrlayer-scrpage Info: deactivating warning for font element
(scrlayer-scrpage)             `pagefoot' on input line 1271.
)
Package scrlayer-scrpage Info: auto-selection of `pagestyleset=KOMA-Script'.

1: chapter
1: section
\@tubs@headheight=\dimen156
\@tubs@headheight=\dimen157
(/usr/share/texlive/texmf-dist/tex/latex/letltxmacro/letltxmacro.sty
Package: letltxmacro 2019/12/03 v1.6 Let assignment for LaTeX macros (HO)
))
(/usr/share/texlive/texmf-dist/tex/latex/listings/listings.sty
\lst@mode=\count267
\lst@gtempboxa=\box52
\lst@token=\toks19
\lst@length=\count268
\lst@currlwidth=\dimen158
\lst@column=\count269
\lst@pos=\count270
\lst@lostspace=\dimen159
\lst@width=\dimen160
\lst@newlines=\count271
\lst@lineno=\count272
\lst@maxwidth=\dimen161

(/usr/share/texlive/texmf-dist/tex/latex/listings/lstmisc.sty
File: lstmisc.sty 2020/03/24 1.8d (Carsten Heinz)
\c@lstnumber=\count273
\lst@skipnumbers=\count274
\lst@framebox=\box53
)
(/usr/share/texlive/texmf-dist/tex/latex/listings/listings.cfg
File: listings.cfg 2020/03/24 1.8d listings configuration
))
Package: listings 2020/03/24 1.8d (Carsten Heinz)

(/usr/share/texlive/texmf-dist/tex/latex/minted/minted.sty
Package: minted 2017/07/19 v2.5 Yet another Pygments shim for LaTeX

(/usr/share/texlive/texmf-dist/tex/latex/kvoptions/kvoptions.sty
Package: kvoptions 2019/11/29 v3.13 Key value format for package options (HO)

(/usr/share/texlive/texmf-dist/tex/generic/kvsetkeys/kvsetkeys.sty
Package: kvsetkeys 2019/12/15 v1.18 Key value parser (HO)
))
(/usr/share/texlive/texmf-dist/tex/latex/fvextra/fvextra.sty
Package: fvextra 2019/02/04 v1.4 fvextra - extensions and patches for fancyvrb

(/usr/share/texlive/texmf-dist/tex/latex/fancyvrb/fancyvrb.sty
Package: fancyvrb 2020/01/13 v3.5 verbatim text (tvz,hv)
\FV@CodeLineNo=\count275
\FV@InFile=\read2
\FV@TabBox=\box54
\c@FancyVerbLine=\count276
\FV@StepNumber=\count277
\FV@OutFile=\write3
)
(/usr/share/texlive/texmf-dist/tex/latex/upquote/upquote.sty
Package: upquote 2012/04/19 v1.3 upright-quote and grave-accent glyphs in verba
tim

(/usr/share/texlive/texmf-dist/tex/latex/base/textcomp.sty
Package: textcomp 2020/02/02 v2.0n Standard LaTeX package
))
(/usr/share/texlive/texmf-dist/tex/latex/lineno/lineno.sty
Package: lineno 2005/11/02 line numbers on paragraphs v4.41
\linenopenalty=\count278
\output=\toks20
\linenoprevgraf=\count279
\linenumbersep=\dimen162
\linenumberwidth=\dimen163
\c@linenumber=\count280
\c@pagewiselinenumber=\count281
\c@LN@truepage=\count282
\c@internallinenumber=\count283
\c@internallinenumbers=\count284
\quotelinenumbersep=\dimen164
\bframerule=\dimen165
\bframesep=\dimen166
\bframebox=\box55
LaTeX Info: Redefining \\ on input line 3056.
)
\c@FV@TrueTabGroupLevel=\count285
\c@FV@TrueTabCounter=\count286
\FV@TabBox@Group=\box56
\FV@TmpLength=\skip102
\c@FV@HighlightLinesStart=\count287
\c@FV@HighlightLinesStop=\count288
\FV@LoopCount=\count289
\FV@NCharsBox=\box57
\FV@BreakIndent=\dimen167
\FV@BreakIndentNChars=\count290
\FV@BreakSymbolSepLeft=\dimen168
\FV@BreakSymbolSepLeftNChars=\count291
\FV@BreakSymbolSepRight=\dimen169
\FV@BreakSymbolSepRightNChars=\count292
\FV@BreakSymbolIndentLeft=\dimen170
\FV@BreakSymbolIndentLeftNChars=\count293
\FV@BreakSymbolIndentRight=\dimen171
\FV@BreakSymbolIndentRightNChars=\count294
\c@FancyVerbLineBreakLast=\count295
\FV@LineBox=\box58
\FV@LineIndentBox=\box59
\FV@LineWidth=\dimen172
)
(/usr/share/texlive/texmf-dist/tex/latex/tools/shellesc.sty
Package: shellesc 2019/11/08 v1.0c unified shell escape interface for LaTeX
Package shellesc Info: Unrestricted shell escape enabled on input line 75.
)
(/usr/share/texlive/texmf-dist/tex/latex/ifplatform/ifplatform.sty
Package: ifplatform 2017/10/13 v0.4a Testing for the operating system

(/usr/share/texlive/texmf-dist/tex/latex/pdftexcmds/pdftexcmds.sty
Package: pdftexcmds 2019/11/24 v0.31 Utility functions of pdfTeX for LuaTeX (HO
)
Package pdftexcmds Info: \pdf@primitive is available.
Package pdftexcmds Info: \pdf@ifprimitive is available.
Package pdftexcmds Info: \pdfdraftmode found.
)
(/usr/share/texlive/texmf-dist/tex/generic/catchfile/catchfile.sty
Package: catchfile 2019/12/09 v1.8 Catch the contents of a file (HO)

(/usr/share/texlive/texmf-dist/tex/generic/etexcmds/etexcmds.sty
Package: etexcmds 2019/12/15 v1.7 Avoid name clashes with e-TeX commands (HO)
))
(/usr/share/texlive/texmf-dist/tex/generic/iftex/ifluatex.sty
Package: ifluatex 2019/10/25 v1.5 ifluatex legacy package. Use iftex instead.
)
runsystem(uname -s > "tubsreprt_example.w18")...executed.


(./tubsreprt_example.w18)
runsystem(rm -- "tubsreprt_example.w18")...executed.

)
(/usr/share/texlive/texmf-dist/tex/generic/xstring/xstring.sty
(/usr/share/texlive/texmf-dist/tex/generic/xstring/xstring.tex
\integerpart=\count296
\decimalpart=\count297
)
Package: xstring 2019/02/06 v1.83 String manipulations (CT)
)
(/usr/share/texlive/texmf-dist/tex/latex/framed/framed.sty
Package: framed 2011/10/22 v 0.96: framed or shaded text with page breaks
\OuterFrameSep=\skip103
\fb@frw=\dimen173
\fb@frh=\dimen174
\FrameRule=\dimen175
\FrameSep=\dimen176
)
(/usr/share/texlive/texmf-dist/tex/latex/float/float.sty
Package: float 2001/11/08 v1.3d Float enhancements (AL)
\c@float@type=\count298
\float@exts=\toks21
\float@box=\box60
\@float@everytoks=\toks22
\@floatcapt=\box61
)
\minted@appexistsfile=\read3
\minted@bgbox=\box62
\minted@code=\write4
\c@minted@FancyVerbLineTemp=\count299
\c@minted@pygmentizecounter=\count300
\@float@every@listing=\toks23
\c@listing=\count301
)
runsystem(mkdir -p _minted-tubsreprt_example)...executed.


(/usr/share/texlive/texmf-dist/tex/latex/tools/bm.sty
Package: bm 2019/07/24 v1.2d Bold Symbol Support (DPC/FMi)
\symboldoperators=\mathgroup5
\symboldletters=\mathgroup6
\symboldsymbols=\mathgroup7
\symboldupright=\mathgroup8
LaTeX Font Info:    Redeclaring math alphabet \mathbf on input line 141.
LaTeX Info: Redefining \bm on input line 209.
)
(/usr/share/texlive/texmf-dist/tex/latex/amsmath/amsmath.sty
Package: amsmath 2020/01/20 v2.17e AMS math features
\@mathmargin=\skip104

For additional information on amsmath, use the `?' option.
(/usr/share/texlive/texmf-dist/tex/latex/amsmath/amstext.sty
Package: amstext 2000/06/29 v2.01 AMS text

(/usr/share/texlive/texmf-dist/tex/latex/amsmath/amsgen.sty
File: amsgen.sty 1999/11/30 v2.0 generic functions
\@emptytoks=\toks24
\ex@=\dimen177
))
(/usr/share/texlive/texmf-dist/tex/latex/amsmath/amsbsy.sty
Package: amsbsy 1999/11/29 v1.2d Bold Symbols
LaTeX Info: Redefining \boldsymbol on input line 28.
\pmbraise@=\dimen178
)
(/usr/share/texlive/texmf-dist/tex/latex/amsmath/amsopn.sty
Package: amsopn 2016/03/08 v2.02 operator names
)
\inf@bad=\count302
LaTeX Info: Redefining \frac on input line 227.
\uproot@=\count303
\leftroot@=\count304
LaTeX Info: Redefining \overline on input line 389.
\classnum@=\count305
\DOTSCASE@=\count306
LaTeX Info: Redefining \ldots on input line 486.
LaTeX Info: Redefining \dots on input line 489.
LaTeX Info: Redefining \cdots on input line 610.
\Mathstrutbox@=\box63
\strutbox@=\box64
\big@size=\dimen179
LaTeX Font Info:    Redeclaring font encoding OML on input line 733.
LaTeX Font Info:    Redeclaring font encoding OMS on input line 734.
\macc@depth=\count307
\c@MaxMatrixCols=\count308
\dotsspace@=\muskip16
\c@parentequation=\count309
\dspbrk@lvl=\count310
\tag@help=\toks25
\row@=\count311
\column@=\count312
\maxfields@=\count313
\andhelp@=\toks26
\eqnshift@=\dimen180
\alignsep@=\dimen181
\tagshift@=\dimen182
\tagwidth@=\dimen183
\totwidth@=\dimen184
\lineht@=\dimen185
\@envbody=\toks27
\multlinegap=\skip105
\multlinetaggap=\skip106
\mathdisplay@stack=\toks28
LaTeX Info: Redefining \[ on input line 2859.
LaTeX Info: Redefining \] on input line 2860.
)
(/usr/share/texlive/texmf-dist/tex/latex/base/inputenc.sty
Package: inputenc 2018/08/11 v1.3c Input encoding file
\inpenc@prehook=\toks29
\inpenc@posthook=\toks30
)
(/usr/share/texlive/texmf-dist/tex/generic/babel/babel.sty
Package: babel 2020/03/22 3.42 The Babel package

(/usr/share/texlive/texmf-dist/tex/generic/babel/switch.def
File: switch.def 2020/03/22 3.42 Babel switching mechanism
)
(/usr/share/texlive/texmf-dist/tex/generic/babel-german/ngerman.ldf
Language: ngerman 2018/12/08 v2.11 German support for babel (post-1996 orthogra
phy)

(/usr/share/texlive/texmf-dist/tex/generic/babel-german/ngermanb.ldf
Language: ngermanb 2018/12/08 v2.11 German support for babel (post-1996 orthogr
aphy)

(/usr/share/texlive/texmf-dist/tex/generic/babel/babel.def
File: babel.def 2020/03/22 3.42 Babel common definitions
\babel@savecnt=\count314
\U@D=\dimen186

(/usr/share/texlive/texmf-dist/tex/generic/babel/txtbabel.def)
\bbl@readstream=\read4
\bbl@dirlevel=\count315
)
Package babel Info: Making " an active character on input line 121.
))
(/usr/share/texlive/texmf-dist/tex/generic/babel-english/english.ldf
Language: english 2017/06/06 v3.3r English support from the babel system
Package babel Info: \l@canadian = using hyphenrules for english
(babel)             (\language0) on input line 102.
Package babel Info: \l@australian = using hyphenrules for ukenglish
(babel)             (\language27) on input line 105.
Package babel Info: \l@newzealand = using hyphenrules for ukenglish
(babel)             (\language27) on input line 108.
))
(/usr/share/texlive/texmf-dist/tex/latex/lipsum/lipsum.sty
(/usr/share/texlive/texmf-dist/tex/latex/l3kernel/expl3.sty
Package: expl3 2020-04-06 L3 programming layer (loader) 

(/usr/share/texlive/texmf-dist/tex/latex/l3backend/l3backend-pdfmode.def
File: l3backend-pdfmode.def 2020-03-12 L3 backend support: PDF mode
\l__kernel_color_stack_int=\count316
\l__pdf_internal_box=\box65
))
(/usr/share/texlive/texmf-dist/tex/latex/l3packages/xparse/xparse.sty
Package: xparse 2020-03-06 L3 Experimental document command parser
\l__xparse_current_arg_int=\count317
\g__xparse_grabber_int=\count318
\l__xparse_m_args_int=\count319
\l__xparse_v_nesting_int=\count320
)
Package: lipsum 2019/01/02 v2.2 150 paragraphs of Lorem Ipsum dummy text

(/usr/share/texlive/texmf-dist/tex/latex/lipsum/lipsum.ltd.tex
File: lipsum.ltd.tex 2019/01/02 v2.2 The Lorem ipsum dummy text
))
(/usr/share/texlive/texmf-dist/tex/latex/pdfpages/pdfpages.sty
Package: pdfpages 2020/01/28 v0.5q Insert pages of external PDF documents (AM)
\AM@pagewidth=\dimen187
\AM@pageheight=\dimen188

(/usr/share/texlive/texmf-dist/tex/latex/pdfpages/pppdftex.def
File: pppdftex.def 2020/01/28 v0.5q Pdfpages driver for pdfTeX (AM)
)
\AM@pagebox=\box66
\AM@global@opts=\toks31
\AM@pagecnt=\count321
\AM@toc@title=\toks32
\c@AM@survey=\count322
\AM@templatesizebox=\box67
)
(/usr/share/texlive/texmf-dist/tex/latex/hyperref/hyperref.sty
Package: hyperref 2020/01/14 v7.00d Hypertext links for LaTeX

(/usr/share/texlive/texmf-dist/tex/generic/kvdefinekeys/kvdefinekeys.sty
Package: kvdefinekeys 2019-12-19 v1.6 Define keys (HO)
)
(/usr/share/texlive/texmf-dist/tex/generic/pdfescape/pdfescape.sty
Package: pdfescape 2019/12/09 v1.15 Implements pdfTeX's escape features (HO)
)
(/usr/share/texlive/texmf-dist/tex/latex/hycolor/hycolor.sty
Package: hycolor 2020-01-27 v1.10 Color options for hyperref/bookmark (HO)
)
(/usr/share/texlive/texmf-dist/tex/latex/auxhook/auxhook.sty
Package: auxhook 2019-12-17 v1.6 Hooks for auxiliary files (HO)
)
\@linkdim=\dimen189
\Hy@linkcounter=\count323
\Hy@pagecounter=\count324

(/usr/share/texlive/texmf-dist/tex/latex/hyperref/pd1enc.def
File: pd1enc.def 2020/01/14 v7.00d Hyperref: PDFDocEncoding definition (HO)
Now handling font encoding PD1 ...
... no UTF-8 mapping file for font encoding PD1
)
(/usr/share/texlive/texmf-dist/tex/generic/intcalc/intcalc.sty
Package: intcalc 2019/12/15 v1.3 Expandable calculations with integers (HO)
)
\Hy@SavedSpaceFactor=\count325
Package hyperref Info: Option `colorlinks' set `true' on input line 4421.
Package hyperref Info: Option `pdfpagelabels' set `true' on input line 4421.
Package hyperref Info: Option `bookmarksopen' set `true' on input line 4421.
Package hyperref Info: Option `bookmarksnumbered' set `true' on input line 4421
.
Package hyperref Info: Option `plainpages' set `false' on input line 4421.
Package hyperref Info: Option `hypertexnames' set `false' on input line 4421.
Package hyperref Info: Hyper figures OFF on input line 4547.
Package hyperref Info: Link nesting OFF on input line 4552.
Package hyperref Info: Hyper index ON on input line 4555.
Package hyperref Info: Plain pages OFF on input line 4562.
Package hyperref Info: Backreferencing OFF on input line 4567.
Package hyperref Info: Implicit mode ON; LaTeX internals redefined.
Package hyperref Info: Bookmarks ON on input line 4800.
\c@Hy@tempcnt=\count326

(/usr/share/texlive/texmf-dist/tex/latex/url/url.sty
\Urlmuskip=\muskip17
Package: url 2013/09/16  ver 3.4  Verb mode for urls, etc.
)
LaTeX Info: Redefining \url on input line 5159.
\XeTeXLinkMargin=\dimen190

(/usr/share/texlive/texmf-dist/tex/generic/bitset/bitset.sty
Package: bitset 2019/12/09 v1.3 Handle bit-vector datatype (HO)

(/usr/share/texlive/texmf-dist/tex/generic/bigintcalc/bigintcalc.sty
Package: bigintcalc 2019/12/15 v1.5 Expandable calculations on big integers (HO
)
))
\Fld@menulength=\count327
\Field@Width=\dimen191
\Fld@charsize=\dimen192
Package hyperref Info: Hyper figures OFF on input line 6430.
Package hyperref Info: Link nesting OFF on input line 6435.
Package hyperref Info: Hyper index ON on input line 6438.
Package hyperref Info: backreferencing OFF on input line 6445.
Package hyperref Info: Link coloring ON on input line 6448.
Package hyperref Info: Link coloring with OCG OFF on input line 6455.
Package hyperref Info: PDF/A mode OFF on input line 6460.
LaTeX Info: Redefining \ref on input line 6500.
LaTeX Info: Redefining \pageref on input line 6504.
\Hy@abspage=\count328
\c@Item=\count329
\c@Hfootnote=\count330
)
Package hyperref Info: Driver (autodetected): hpdftex.

(/usr/share/texlive/texmf-dist/tex/latex/hyperref/hpdftex.def
File: hpdftex.def 2020/01/14 v7.00d Hyperref driver for pdfTeX

(/usr/share/texlive/texmf-dist/tex/latex/atveryend/atveryend.sty
Package: atveryend 2019-12-11 v1.11 Hooks at the very end of document (HO)
)
\Fld@listcount=\count331
\c@bookmark@seq@number=\count332

(/usr/share/texlive/texmf-dist/tex/latex/rerunfilecheck/rerunfilecheck.sty
Package: rerunfilecheck 2019/12/05 v1.9 Rerun checks for auxiliary files (HO)

(/usr/share/texlive/texmf-dist/tex/generic/uniquecounter/uniquecounter.sty
Package: uniquecounter 2019/12/15 v1.4 Provide unlimited unique counter (HO)
)
Package uniquecounter Info: New unique counter `rerunfilecheck' on input line 2
86.
)
\Hy@SectionHShift=\skip107
)
(/usr/share/texlive/texmf-dist/tex/latex/oberdiek/hypcap.sty
Package: hypcap 2016/05/16 v1.12 Adjusting the anchors of captions (HO)
)
runsystem(which pygmentize && touch tubsreprt_example.aex)...executed.

runsystem(rm tubsreprt_example.aex)...executed.



LaTeX Warning: Unused global option(s):
    [<cmyk>,DIV=1].

(./tubsreprt_example.aux)
\openout1 = `tubsreprt_example.aux'.

LaTeX Font Info:    Checking defaults for OML/cmm/m/it on input line 115.
LaTeX Font Info:    ... okay on input line 115.
LaTeX Font Info:    Checking defaults for OMS/cmsy/m/n on input line 115.
LaTeX Font Info:    ... okay on input line 115.
LaTeX Font Info:    Checking defaults for OT1/cmr/m/n on input line 115.
LaTeX Font Info:    ... okay on input line 115.
LaTeX Font Info:    Checking defaults for T1/cmr/m/n on input line 115.
LaTeX Font Info:    ... okay on input line 115.
LaTeX Font Info:    Checking defaults for TS1/cmr/m/n on input line 115.
LaTeX Font Info:    ... okay on input line 115.
LaTeX Font Info:    Checking defaults for OMX/cmex/m/n on input line 115.
LaTeX Font Info:    ... okay on input line 115.
LaTeX Font Info:    Checking defaults for U/cmr/m/n on input line 115.
LaTeX Font Info:    ... okay on input line 115.
LaTeX Font Info:    Checking defaults for LY1/ptm/m/n on input line 115.
LaTeX Font Info:    Trying to load font information for LY1+ptm on input line 1
15.

(/usr/share/texlive/texmf-dist/tex/latex/ly1/ly1ptm.fd
File: ly1ptm.fd 2001/02/01 font definitions for LY1/ptm using Berry names.
)
LaTeX Font Info:    ... okay on input line 115.
LaTeX Font Info:    Checking defaults for PD1/pdf/m/n on input line 115.
LaTeX Font Info:    ... okay on input line 115.
LaTeX Font Info:    Trying to load font information for LY1+NexusProSans on inp
ut line 115.

(/home/lucashermann/texmf/tex/latex/tubs/LY1NexusProSans.fd
File: LY1NexusProSans.fd Fontshop NexusProSans font definitions
)
Package scrbase Info: activating english \contentsname on input line 115.
Package scrbase Info: activating english \listfigurename on input line 115.
Package scrbase Info: activating english \listtablename on input line 115.

(/usr/share/texlive/texmf-dist/tex/context/base/mkii/supp-pdf.mkii
[Loading MPS to PDF converter (version 2006.09.02).]
\scratchcounter=\count333
\scratchdimen=\dimen193
\scratchbox=\box68
\nofMPsegments=\count334
\nofMParguments=\count335
\everyMPshowfont=\toks33
\MPscratchCnt=\count336
\MPscratchDim=\dimen194
\MPnumerator=\count337
\makeMPintoPDFobject=\count338
\everyMPtoPDFconversion=\toks34
) (/usr/share/texlive/texmf-dist/tex/latex/epstopdf-pkg/epstopdf-base.sty
Package: epstopdf-base 2020-01-24 v2.11 Base part for package epstopdf

(/usr/share/texlive/texmf-dist/tex/latex/grfext/grfext.sty
Package: grfext 2019/12/03 v1.3 Manage graphics extensions (HO)
)
Package epstopdf-base Info: Redefining graphics rule for `.eps' on input line 4
85.
Package grfext Info: Graphics extension search list:
(grfext)             [.pdf,.png,.jpg,.mps,.jpeg,.jbig2,.jb2,.PDF,.PNG,.JPG,.JPE
G,.JBIG2,.JB2,.eps]
(grfext)             \AppendGraphicsExtensions on input line 504.

(/usr/share/texlive/texmf-dist/tex/latex/latexconfig/epstopdf-sys.cfg
File: epstopdf-sys.cfg 2010/07/13 v1.3 Configuration of (r)epstopdf for TeX Liv
e
))
*geometry* driver: auto-detecting
*geometry* detected driver: pdftex
*geometry* verbose mode - [ preamble ] result:
* driver: pdftex
* paper: a4paper
* layout: <same size as paper>
* layoutoffset:(h,v)=(0.0pt,0.0pt)
* bindingoffset: 42.67912pt
* modes: 
* h-part:(L,W,R)=(45.52438pt, 463.77998pt, 45.52438pt)
* v-part:(T,H,B)=(136.57321pt, 662.94925pt, 45.52438pt)
* \paperwidth=597.50787pt
* \paperheight=845.04684pt
* \textwidth=463.77998pt
* \textheight=662.94925pt
* \oddsidemargin=15.93352pt
* \evensidemargin=-26.7456pt
* \topmargin=-38.1267pt
* \headheight=68.28664pt
* \headsep=34.14328pt
* \topskip=11.0pt
* \footskip=0.0pt
* \marginparwidth=59.7508pt
* \marginparsep=12.8401pt
* \columnsep=14.22636pt
* \skip\footins=9.0pt plus 4.0pt minus 2.0pt
* \hoffset=0.0pt
* \voffset=0.0pt
* \mag=1000
* \@twocolumnfalse
* \@twosidefalse
* \@mparswitchfalse
* \@reversemarginfalse
* (1in=72.27pt=25.4mm, 1cm=28.453pt)

\AtBeginShipoutBox=\box69
ABD: EveryShipout initializing macros
\c@lstlisting=\count339

(/usr/share/texlive/texmf-dist/tex/latex/pdflscape/pdflscape.sty
Package: pdflscape 2019/12/05 v0.12 Display of landscape pages in PDF (HO)

(/usr/share/texlive/texmf-dist/tex/latex/graphics/lscape.sty
Package: lscape 2000/10/22 v3.01 Landscape Pages (DPC)
)
Package pdflscape Info: Auto-detected driver: pdftex on input line 81.
)
Package hyperref Info: Link coloring ON on input line 115.

(/usr/share/texlive/texmf-dist/tex/latex/hyperref/nameref.sty
Package: nameref 2019/09/16 v2.46 Cross-referencing by name of section

(/usr/share/texlive/texmf-dist/tex/latex/refcount/refcount.sty
Package: refcount 2019/12/15 v3.6 Data extraction from label references (HO)
)
(/usr/share/texlive/texmf-dist/tex/generic/gettitlestring/gettitlestring.sty
Package: gettitlestring 2019/12/15 v1.6 Cleanup title references (HO)
)
\c@section@level=\count340
)
LaTeX Info: Redefining \ref on input line 115.
LaTeX Info: Redefining \pageref on input line 115.
LaTeX Info: Redefining \nameref on input line 115.

(./tubsreprt_example.out) (./tubsreprt_example.out)
\@outlinefile=\write5
\openout5 = `tubsreprt_example.out'.

Class scrbook Info: loading recommended package `bookmark'.
(scrbook)           Using `bookmark' together with `hyperref' is recommended,
(scrbook)           because of handling of possible bookmark level gaps.
(scrbook)           You can avoid loading `bookmark' with KOMA-Script option
(scrbook)           `bookmarkpackage=false' before \begin{document} and
(scrbook)           you can avoid this message adding:
(scrbook)             \usepackage{bookmark}
(scrbook)           before \begin{document} on input line 115.

(/usr/share/texlive/texmf-dist/tex/latex/bookmark/bookmark.sty
Package: bookmark 2019/12/03 v1.28 PDF bookmarks (HO)

(/usr/share/texlive/texmf-dist/tex/latex/bookmark/bkm-pdftex.def
File: bkm-pdftex.def 2019/12/03 v1.28 bookmark driver for pdfTeX (HO)
Package auxhook Info: \AddLineBeginMainAux comes a little late,
(auxhook)             because the main .aux file is already opened on input lin
e 168.
\BKM@id=\count341
))
<./Deckblatt/2099_StA_Name_Deckblatt.pdf, id=4, 597.50829pt x 845.0471pt>
File: ./Deckblatt/2099_StA_Name_Deckblatt.pdf Graphic file (type pdf)
<use ./Deckblatt/2099_StA_Name_Deckblatt.pdf>
Package pdftex.def Info: ./Deckblatt/2099_StA_Name_Deckblatt.pdf  used on input
 line 119.
(pdftex.def)             Requested size: 597.50682pt x 845.04504pt.
File: ./Deckblatt/2099_StA_Name_Deckblatt.pdf Graphic file (type pdf)
<use ./Deckblatt/2099_StA_Name_Deckblatt.pdf>
Package pdftex.def Info: ./Deckblatt/2099_StA_Name_Deckblatt.pdf  used on input
 line 119.
(pdftex.def)             Requested size: 597.50682pt x 845.04504pt.
<./Deckblatt/2099_StA_Name_Deckblatt.pdf, id=7, page=1, 597.50829pt x 845.0471p
t>
File: ./Deckblatt/2099_StA_Name_Deckblatt.pdf Graphic file (type pdf)
<use ./Deckblatt/2099_StA_Name_Deckblatt.pdf, page 1>
Package pdftex.def Info: ./Deckblatt/2099_StA_Name_Deckblatt.pdf , page1 used o
n input line 119.
(pdftex.def)             Requested size: 597.50682pt x 845.04504pt.
File: ./Deckblatt/2099_StA_Name_Deckblatt.pdf Graphic file (type pdf)
<use ./Deckblatt/2099_StA_Name_Deckblatt.pdf, page 1>
Package pdftex.def Info: ./Deckblatt/2099_StA_Name_Deckblatt.pdf , page1 used o
n input line 119.
(pdftex.def)             Requested size: 597.53416pt x 845.08372pt.
File: ./Deckblatt/2099_StA_Name_Deckblatt.pdf Graphic file (type pdf)
<use ./Deckblatt/2099_StA_Name_Deckblatt.pdf, page 1>
Package pdftex.def Info: ./Deckblatt/2099_StA_Name_Deckblatt.pdf , page1 used o
n input line 119.
(pdftex.def)             Requested size: 597.53416pt x 845.08372pt.
File: ./Deckblatt/2099_StA_Name_Deckblatt.pdf Graphic file (type pdf)
<use ./Deckblatt/2099_StA_Name_Deckblatt.pdf, page 1>
Package pdftex.def Info: ./Deckblatt/2099_StA_Name_Deckblatt.pdf , page1 used o
n input line 119.
(pdftex.def)             Requested size: 597.53416pt x 845.08372pt.
File: ./Deckblatt/2099_StA_Name_Deckblatt.pdf Graphic file (type pdf)
<use ./Deckblatt/2099_StA_Name_Deckblatt.pdf, page 1>
Package pdftex.def Info: ./Deckblatt/2099_StA_Name_Deckblatt.pdf , page1 used o
n input line 119.
(pdftex.def)             Requested size: 597.53416pt x 845.08372pt.
 [1

 <./Deckblatt/2099_StA_Name_Deckblatt.pdf{/home/lucashermann/.texlive2020/texmf
-var/fonts/map/pdftex/updmap/pdftex.map

pdfTeX warning: /usr/bin/pdflatex (file /home/lucashermann/.texlive2020/texmf-v
ar/fonts/map/pdftex/updmap/pdftex.map): fontmap entry for `pagd8z' already exis
ts, duplicates ignored


pdfTeX warning: /usr/bin/pdflatex (file /home/lucashermann/.texlive2020/texmf-v
ar/fonts/map/pdftex/updmap/pdftex.map): fontmap entry for `pagdo8z' already exi
sts, duplicates ignored


pdfTeX warning: /usr/bin/pdflatex (file /home/lucashermann/.texlive2020/texmf-v
ar/fonts/map/pdftex/updmap/pdftex.map): fontmap entry for `pagk8z' already exis
ts, duplicates ignored


pdfTeX warning: /usr/bin/pdflatex (file /home/lucashermann/.texlive2020/texmf-v
ar/fonts/map/pdftex/updmap/pdftex.map): fontmap entry for `pagko8z' already exi
sts, duplicates ignored


pdfTeX warning: /usr/bin/pdflatex (file /home/lucashermann/.texlive2020/texmf-v
ar/fonts/map/pdftex/updmap/pdftex.map): fontmap entry for `pbkd8z' already exis
ts, duplicates ignored


pdfTeX warning: /usr/bin/pdflatex (file /home/lucashermann/.texlive2020/texmf-v
ar/fonts/map/pdftex/updmap/pdftex.map): fontmap entry for `pbkdi8z' already exi
sts, duplicates ignored


pdfTeX warning: /usr/bin/pdflatex (file /home/lucashermann/.texlive2020/texmf-v
ar/fonts/map/pdftex/updmap/pdftex.map): fontmap entry for `pbkl8z' already exis
ts, duplicates ignored


pdfTeX warning: /usr/bin/pdflatex (file /home/lucashermann/.texlive2020/texmf-v
ar/fonts/map/pdftex/updmap/pdftex.map): fontmap entry for `pbkli8z' already exi
sts, duplicates ignored


pdfTeX warning: /usr/bin/pdflatex (file /home/lucashermann/.texlive2020/texmf-v
ar/fonts/map/pdftex/updmap/pdftex.map): fontmap entry for `pcrb8u' already exis
ts, duplicates ignored


pdfTeX warning: /usr/bin/pdflatex (file /home/lucashermann/.texlive2020/texmf-v
ar/fonts/map/pdftex/updmap/pdftex.map): fontmap entry for `pcrbo8u' already exi
sts, duplicates ignored


pdfTeX warning: /usr/bin/pdflatex (file /home/lucashermann/.texlive2020/texmf-v
ar/fonts/map/pdftex/updmap/pdftex.map): fontmap entry for `pcrr8u' already exis
ts, duplicates ignored


pdfTeX warning: /usr/bin/pdflatex (file /home/lucashermann/.texlive2020/texmf-v
ar/fonts/map/pdftex/updmap/pdftex.map): fontmap entry for `pcrro8u' already exi
sts, duplicates ignored


pdfTeX warning: /usr/bin/pdflatex (file /home/lucashermann/.texlive2020/texmf-v
ar/fonts/map/pdftex/updmap/pdftex.map): fontmap entry for `phvb8z' already exis
ts, duplicates ignored


pdfTeX warning: /usr/bin/pdflatex (file /home/lucashermann/.texlive2020/texmf-v
ar/fonts/map/pdftex/updmap/pdftex.map): fontmap entry for `phvbn8z' already exi
sts, duplicates ignored


pdfTeX warning: /usr/bin/pdflatex (file /home/lucashermann/.texlive2020/texmf-v
ar/fonts/map/pdftex/updmap/pdftex.map): fontmap entry for `phvbo8z' already exi
sts, duplicates ignored


pdfTeX warning: /usr/bin/pdflatex (file /home/lucashermann/.texlive2020/texmf-v
ar/fonts/map/pdftex/updmap/pdftex.map): fontmap entry for `phvbon8z' already ex
ists, duplicates ignored


pdfTeX warning: /usr/bin/pdflatex (file /home/lucashermann/.texlive2020/texmf-v
ar/fonts/map/pdftex/updmap/pdftex.map): fontmap entry for `phvr8z' already exis
ts, duplicates ignored


pdfTeX warning: /usr/bin/pdflatex (file /home/lucashermann/.texlive2020/texmf-v
ar/fonts/map/pdftex/updmap/pdftex.map): fontmap entry for `phvrn8z' already exi
sts, duplicates ignored


pdfTeX warning: /usr/bin/pdflatex (file /home/lucashermann/.texlive2020/texmf-v
ar/fonts/map/pdftex/updmap/pdftex.map): fontmap entry for `phvro8z' already exi
sts, duplicates ignored


pdfTeX warning: /usr/bin/pdflatex (file /home/lucashermann/.texlive2020/texmf-v
ar/fonts/map/pdftex/updmap/pdftex.map): fontmap entry for `phvron8z' already ex
ists, duplicates ignored


pdfTeX warning: /usr/bin/pdflatex (file /home/lucashermann/.texlive2020/texmf-v
ar/fonts/map/pdftex/updmap/pdftex.map): fontmap entry for `pncb8z' already exis
ts, duplicates ignored


pdfTeX warning: /usr/bin/pdflatex (file /home/lucashermann/.texlive2020/texmf-v
ar/fonts/map/pdftex/updmap/pdftex.map): fontmap entry for `pncbi8z' already exi
sts, duplicates ignored


pdfTeX warning: /usr/bin/pdflatex (file /home/lucashermann/.texlive2020/texmf-v
ar/fonts/map/pdftex/updmap/pdftex.map): fontmap entry for `pncr8z' already exis
ts, duplicates ignored


pdfTeX warning: /usr/bin/pdflatex (file /home/lucashermann/.texlive2020/texmf-v
ar/fonts/map/pdftex/updmap/pdftex.map): fontmap entry for `pncri8z' already exi
sts, duplicates ignored


pdfTeX warning: /usr/bin/pdflatex (file /home/lucashermann/.texlive2020/texmf-v
ar/fonts/map/pdftex/updmap/pdftex.map): fontmap entry for `pplb8z' already exis
ts, duplicates ignored


pdfTeX warning: /usr/bin/pdflatex (file /home/lucashermann/.texlive2020/texmf-v
ar/fonts/map/pdftex/updmap/pdftex.map): fontmap entry for `pplbi8z' already exi
sts, duplicates ignored


pdfTeX warning: /usr/bin/pdflatex (file /home/lucashermann/.texlive2020/texmf-v
ar/fonts/map/pdftex/updmap/pdftex.map): fontmap entry for `pplr8z' already exis
ts, duplicates ignored


pdfTeX warning: /usr/bin/pdflatex (file /home/lucashermann/.texlive2020/texmf-v
ar/fonts/map/pdftex/updmap/pdftex.map): fontmap entry for `pplri8z' already exi
sts, duplicates ignored


pdfTeX warning: /usr/bin/pdflatex (file /home/lucashermann/.texlive2020/texmf-v
ar/fonts/map/pdftex/updmap/pdftex.map): fontmap entry for `ptmb8z' already exis
ts, duplicates ignored


pdfTeX warning: /usr/bin/pdflatex (file /home/lucashermann/.texlive2020/texmf-v
ar/fonts/map/pdftex/updmap/pdftex.map): fontmap entry for `ptmbi8z' already exi
sts, duplicates ignored


pdfTeX warning: /usr/bin/pdflatex (file /home/lucashermann/.texlive2020/texmf-v
ar/fonts/map/pdftex/updmap/pdftex.map): fontmap entry for `ptmr8z' already exis
ts, duplicates ignored


pdfTeX warning: /usr/bin/pdflatex (file /home/lucashermann/.texlive2020/texmf-v
ar/fonts/map/pdftex/updmap/pdftex.map): fontmap entry for `ptmri8z' already exi
sts, duplicates ignored


pdfTeX warning: /usr/bin/pdflatex (file /home/lucashermann/.texlive2020/texmf-v
ar/fonts/map/pdftex/updmap/pdftex.map): fontmap entry for `pzcmi8z' already exi
sts, duplicates ignored


pdfTeX warning: /usr/bin/pdflatex (file /home/lucashermann/.texlive2020/texmf-v
ar/fonts/map/pdftex/updmap/pdftex.map): ambiguous entry for `UniClass[letter]':
 font file present but not included, will be treated as font file not present


pdfTeX warning: /usr/bin/pdflatex (file /home/lucashermann/.texlive2020/texmf-v
ar/fonts/map/pdftex/updmap/pdftex.map): fontmap entry for `phvb8y' already exis
ts, duplicates ignored


pdfTeX warning: /usr/bin/pdflatex (file /home/lucashermann/.texlive2020/texmf-v
ar/fonts/map/pdftex/updmap/pdftex.map): fontmap entry for `phvb8yn' already exi
sts, duplicates ignored


pdfTeX warning: /usr/bin/pdflatex (file /home/lucashermann/.texlive2020/texmf-v
ar/fonts/map/pdftex/updmap/pdftex.map): fontmap entry for `phvbo8y' already exi
sts, duplicates ignored


pdfTeX warning: /usr/bin/pdflatex (file /home/lucashermann/.texlive2020/texmf-v
ar/fonts/map/pdftex/updmap/pdftex.map): fontmap entry for `phvbo8yn' already ex
ists, duplicates ignored


pdfTeX warning: /usr/bin/pdflatex (file /home/lucashermann/.texlive2020/texmf-v
ar/fonts/map/pdftex/updmap/pdftex.map): fontmap entry for `phvr8y' already exis
ts, duplicates ignored


pdfTeX warning: /usr/bin/pdflatex (file /home/lucashermann/.texlive2020/texmf-v
ar/fonts/map/pdftex/updmap/pdftex.map): fontmap entry for `phvr8yn' already exi
sts, duplicates ignored


pdfTeX warning: /usr/bin/pdflatex (file /home/lucashermann/.texlive2020/texmf-v
ar/fonts/map/pdftex/updmap/pdftex.map): fontmap entry for `phvro8y' already exi
sts, duplicates ignored


pdfTeX warning: /usr/bin/pdflatex (file /home/lucashermann/.texlive2020/texmf-v
ar/fonts/map/pdftex/updmap/pdftex.map): fontmap entry for `phvro8yn' already ex
ists, duplicates ignored


pdfTeX warning: /usr/bin/pdflatex (file /home/lucashermann/.texlive2020/texmf-v
ar/fonts/map/pdftex/updmap/pdftex.map): fontmap entry for `rpxpplb' already exi
sts, duplicates ignored


pdfTeX warning: /usr/bin/pdflatex (file /home/lucashermann/.texlive2020/texmf-v
ar/fonts/map/pdftex/updmap/pdftex.map): fontmap entry for `rpxpplbi' already ex
ists, duplicates ignored


pdfTeX warning: /usr/bin/pdflatex (file /home/lucashermann/.texlive2020/texmf-v
ar/fonts/map/pdftex/updmap/pdftex.map): invalid entry for `rpxpplbo': SlantFont
/ExtendFont can be used only with embedded Type1 fonts


pdfTeX warning: /usr/bin/pdflatex (file /home/lucashermann/.texlive2020/texmf-v
ar/fonts/map/pdftex/updmap/pdftex.map): fontmap entry for `rpxpplr' already exi
sts, duplicates ignored


pdfTeX warning: /usr/bin/pdflatex (file /home/lucashermann/.texlive2020/texmf-v
ar/fonts/map/pdftex/updmap/pdftex.map): fontmap entry for `rpxpplri' already ex
ists, duplicates ignored


pdfTeX warning: /usr/bin/pdflatex (file /home/lucashermann/.texlive2020/texmf-v
ar/fonts/map/pdftex/updmap/pdftex.map): invalid entry for `rpxpplro': SlantFont
/ExtendFont can be used only with embedded Type1 fonts


pdfTeX warning: /usr/bin/pdflatex (file /home/lucashermann/.texlive2020/texmf-v
ar/fonts/map/pdftex/updmap/pdftex.map): ambiguous entry for `rtcxbsl': font fil
e present but not included, will be treated as font file not present


pdfTeX warning: /usr/bin/pdflatex (file /home/lucashermann/.texlive2020/texmf-v
ar/fonts/map/pdftex/updmap/pdftex.map): ambiguous entry for `rtcxbsso': font fi
le present but not included, will be treated as font file not present


pdfTeX warning: /usr/bin/pdflatex (file /home/lucashermann/.texlive2020/texmf-v
ar/fonts/map/pdftex/updmap/pdftex.map): ambiguous entry for `rtcxsl': font file
 present but not included, will be treated as font file not present


pdfTeX warning: /usr/bin/pdflatex (file /home/lucashermann/.texlive2020/texmf-v
ar/fonts/map/pdftex/updmap/pdftex.map): ambiguous entry for `rtcxsssl': font fi
le present but not included, will be treated as font file not present


pdfTeX warning: /usr/bin/pdflatex (file /home/lucashermann/.texlive2020/texmf-v
ar/fonts/map/pdftex/updmap/pdftex.map): ambiguous entry for `rtxbsl': font file
 present but not included, will be treated as font file not present


pdfTeX warning: /usr/bin/pdflatex (file /home/lucashermann/.texlive2020/texmf-v
ar/fonts/map/pdftex/updmap/pdftex.map): ambiguous entry for `rtxbsssl': font fi
le present but not included, will be treated as font file not present


pdfTeX warning: /usr/bin/pdflatex (file /home/lucashermann/.texlive2020/texmf-v
ar/fonts/map/pdftex/updmap/pdftex.map): ambiguous entry for `rtxphvb': font fil
e present but not included, will be treated as font file not present


pdfTeX warning: /usr/bin/pdflatex (file /home/lucashermann/.texlive2020/texmf-v
ar/fonts/map/pdftex/updmap/pdftex.map): fontmap entry for `rtxphvb' already exi
sts, duplicates ignored


pdfTeX warning: /usr/bin/pdflatex (file /home/lucashermann/.texlive2020/texmf-v
ar/fonts/map/pdftex/updmap/pdftex.map): ambiguous entry for `rtxphvbo': font fi
le present but not included, will be treated as font file not present


pdfTeX warning: /usr/bin/pdflatex (file /home/lucashermann/.texlive2020/texmf-v
ar/fonts/map/pdftex/updmap/pdftex.map): fontmap entry for `rtxphvbo' already ex
ists, duplicates ignored


pdfTeX warning: /usr/bin/pdflatex (file /home/lucashermann/.texlive2020/texmf-v
ar/fonts/map/pdftex/updmap/pdftex.map): ambiguous entry for `rtxphvr': font fil
e present but not included, will be treated as font file not present


pdfTeX warning: /usr/bin/pdflatex (file /home/lucashermann/.texlive2020/texmf-v
ar/fonts/map/pdftex/updmap/pdftex.map): fontmap entry for `rtxphvr' already exi
sts, duplicates ignored


pdfTeX warning: /usr/bin/pdflatex (file /home/lucashermann/.texlive2020/texmf-v
ar/fonts/map/pdftex/updmap/pdftex.map): ambiguous entry for `rtxphvro': font fi
le present but not included, will be treated as font file not present


pdfTeX warning: /usr/bin/pdflatex (file /home/lucashermann/.texlive2020/texmf-v
ar/fonts/map/pdftex/updmap/pdftex.map): fontmap entry for `rtxphvro' already ex
ists, duplicates ignored


pdfTeX warning: /usr/bin/pdflatex (file /home/lucashermann/.texlive2020/texmf-v
ar/fonts/map/pdftex/updmap/pdftex.map): ambiguous entry for `rtxptmb': font fil
e present but not included, will be treated as font file not present


pdfTeX warning: /usr/bin/pdflatex (file /home/lucashermann/.texlive2020/texmf-v
ar/fonts/map/pdftex/updmap/pdftex.map): fontmap entry for `rtxptmb' already exi
sts, duplicates ignored


pdfTeX warning: /usr/bin/pdflatex (file /home/lucashermann/.texlive2020/texmf-v
ar/fonts/map/pdftex/updmap/pdftex.map): ambiguous entry for `rtxptmbi': font fi
le present but not included, will be treated as font file not present


pdfTeX warning: /usr/bin/pdflatex (file /home/lucashermann/.texlive2020/texmf-v
ar/fonts/map/pdftex/updmap/pdftex.map): fontmap entry for `rtxptmbi' already ex
ists, duplicates ignored


pdfTeX warning: /usr/bin/pdflatex (file /home/lucashermann/.texlive2020/texmf-v
ar/fonts/map/pdftex/updmap/pdftex.map): ambiguous entry for `rtxptmbo': font fi
le present but not included, will be treated as font file not present


pdfTeX warning: /usr/bin/pdflatex (file /home/lucashermann/.texlive2020/texmf-v
ar/fonts/map/pdftex/updmap/pdftex.map): fontmap entry for `rtxptmbo' already ex
ists, duplicates ignored


pdfTeX warning: /usr/bin/pdflatex (file /home/lucashermann/.texlive2020/texmf-v
ar/fonts/map/pdftex/updmap/pdftex.map): ambiguous entry for `rtxptmr': font fil
e present but not included, will be treated as font file not present


pdfTeX warning: /usr/bin/pdflatex (file /home/lucashermann/.texlive2020/texmf-v
ar/fonts/map/pdftex/updmap/pdftex.map): fontmap entry for `rtxptmr' already exi
sts, duplicates ignored


pdfTeX warning: /usr/bin/pdflatex (file /home/lucashermann/.texlive2020/texmf-v
ar/fonts/map/pdftex/updmap/pdftex.map): ambiguous entry for `rtxptmri': font fi
le present but not included, will be treated as font file not present


pdfTeX warning: /usr/bin/pdflatex (file /home/lucashermann/.texlive2020/texmf-v
ar/fonts/map/pdftex/updmap/pdftex.map): fontmap entry for `rtxptmri' already ex
ists, duplicates ignored


pdfTeX warning: /usr/bin/pdflatex (file /home/lucashermann/.texlive2020/texmf-v
ar/fonts/map/pdftex/updmap/pdftex.map): ambiguous entry for `rtxptmro': font fi
le present but not included, will be treated as font file not present


pdfTeX warning: /usr/bin/pdflatex (file /home/lucashermann/.texlive2020/texmf-v
ar/fonts/map/pdftex/updmap/pdftex.map): fontmap entry for `rtxptmro' already ex
ists, duplicates ignored


pdfTeX warning: /usr/bin/pdflatex (file /home/lucashermann/.texlive2020/texmf-v
ar/fonts/map/pdftex/updmap/pdftex.map): ambiguous entry for `rtxsl': font file 
present but not included, will be treated as font file not present


pdfTeX warning: /usr/bin/pdflatex (file /home/lucashermann/.texlive2020/texmf-v
ar/fonts/map/pdftex/updmap/pdftex.map): ambiguous entry for `rtxsssl': font fil
e present but not included, will be treated as font file not present


pdfTeX warning: /usr/bin/pdflatex (file /home/lucashermann/.texlive2020/texmf-v
ar/fonts/map/pdftex/updmap/pdftex.map): ambiguous entry for `t1xbttsl': font fi
le present but not included, will be treated as font file not present


pdfTeX warning: /usr/bin/pdflatex (file /home/lucashermann/.texlive2020/texmf-v
ar/fonts/map/pdftex/updmap/pdftex.map): ambiguous entry for `t1xttsl': font fil
e present but not included, will be treated as font file not present


pdfTeX warning: /usr/bin/pdflatex (file /home/lucashermann/.texlive2020/texmf-v
ar/fonts/map/pdftex/updmap/pdftex.map): ambiguous entry for `tcxbttsl': font fi
le present but not included, will be treated as font file not present


pdfTeX warning: /usr/bin/pdflatex (file /home/lucashermann/.texlive2020/texmf-v
ar/fonts/map/pdftex/updmap/pdftex.map): ambiguous entry for `tcxttsl': font fil
e present but not included, will be treated as font file not present


pdfTeX warning: /usr/bin/pdflatex (file /home/lucashermann/.texlive2020/texmf-v
ar/fonts/map/pdftex/updmap/pdftex.map): ambiguous entry for `txbttsl': font fil
e present but not included, will be treated as font file not present


pdfTeX warning: /usr/bin/pdflatex (file /home/lucashermann/.texlive2020/texmf-v
ar/fonts/map/pdftex/updmap/pdftex.map): ambiguous entry for `txttsl': font file
 present but not included, will be treated as font file not present
}>]
LaTeX Font Info:    Trying to load font information for OT1+ppl on input line 1
44.
 (/usr/share/texlive/texmf-dist/tex/latex/psnfss/ot1ppl.fd
File: ot1ppl.fd 2001/06/04 font definitions for OT1/ppl.
)
LaTeX Font Info:    Trying to load font information for OML+zplm on input line 
144.

(/usr/share/texlive/texmf-dist/tex/latex/psnfss/omlzplm.fd
File: omlzplm.fd 2002/09/08 Fontinst v1.914 font definitions for OML/zplm.
)
LaTeX Font Info:    Trying to load font information for OMS+zplm on input line 
144.

(/usr/share/texlive/texmf-dist/tex/latex/psnfss/omszplm.fd
File: omszplm.fd 2002/09/08 Fontinst v1.914 font definitions for OMS/zplm.
)
LaTeX Font Info:    Trying to load font information for OMX+zplm on input line 
144.

(/usr/share/texlive/texmf-dist/tex/latex/psnfss/omxzplm.fd
File: omxzplm.fd 2002/09/08 Fontinst v1.914 font definitions for OMX/zplm.
)
LaTeX Font Info:    Trying to load font information for OT1+zplm on input line 
144.

(/usr/share/texlive/texmf-dist/tex/latex/psnfss/ot1zplm.fd
File: ot1zplm.fd 2002/09/08 Fontinst v1.914 font definitions for OT1/zplm.
) [2


] [3


]
(./tubsreprt_example.toc
LaTeX Font Info:    Trying to load font information for LY1+NexusProSans-lnum o
n input line 2.

(/home/lucashermann/texmf/tex/latex/tubs/LY1NexusProSans-lnum.fd
File: LY1NexusProSans-lnum.fd Fontshop NexusProSans-lnum font definitions
))
\tf@toc=\write6
\openout6 = `tubsreprt_example.toc'.

 [4


]
chapter 1.

Class scrbook Warning: \float@addtolists detected!
(scrbook)              Implementation of \float@addtolist became
(scrbook)              deprecated in KOMA-Script v3.01 2008/11/14 and
(scrbook)              has been replaced by several more flexible
(scrbook)              features of package `tocbasic`.
(scrbook)              Since Version 3.12 support for deprecated
(scrbook)              \float@addtolist interface has been
(scrbook)              restricted to only some of the KOMA-Script
(scrbook)              features and been removed from others.
(scrbook)              Loading of package `scrhack' may help to
(scrbook)              avoid this warning, if you are using a
(scrbook)              a package that still implements the
(scrbook)              deprecated \float@addtolist interface.

LaTeX Font Info:    Trying to load font information for LY1+txtt on input line 
152.
(/usr/share/texlive/texmf-dist/tex/latex/txfonts/ly1txtt.fd
File: tytxtt.fd 2000/12/15 v3.1
) [5


]
chapter 2.
[6


]
chapter 3.
[7


]
chapter 4.
[8


]
chapter 5.
(/usr/share/texlive/texmf-dist/tex/latex/listings/lstlang1.sty
File: lstlang1.sty 2020/03/24 1.8d listings language file
) [9


] [10]
chapter 6.
LaTeX Font Info:    Trying to load font information for U+fplmbb on input line 
275.
(/usr/share/texlive/texmf-dist/tex/latex/psnfss/ufplmbb.fd
File: ufplmbb.fd 2003/10/30 Fontinst v1.914 font definitions for U/fplmbb.
) [11


]
\openout4 = `tubsreprt_example.pyg'.


(./_minted-tubsreprt_example/default-pyg-prefix.pygstyle)
(./_minted-tubsreprt_example/default.pygstyle)
(./_minted-tubsreprt_example/A00BD5E9986F5A94ECAB00F4C690CD6D4919F94676096CAB56
C0D9EE67FD8EB5.pygtex)
\openout3 = `tubsreprt_example.pyg'.

runsystem(pygmentize -l python -f latex -P commandprefix=PYG -F tokenmerge -o _
minted-tubsreprt_example/E78AB2E40CB5651EE25A33E134957FF14919F94676096CAB56C0D9
EE67FD8EB5.pygtex tubsreprt_example.pyg)...executed.


(./_minted-tubsreprt_example/E78AB2E40CB5651EE25A33E134957FF14919F94676096CAB56
C0D9EE67FD8EB5.pygtex
LaTeX Font Info:    Trying to load font information for LY1+NexusProSerif on in
put line 2.

(/home/lucashermann/texmf/tex/latex/tubs/LY1NexusProSerif.fd
File: LY1NexusProSerif.fd Fontshop NexusProSerif font definitions
)
LaTeX Font Info:    Font shape `LY1/txtt/b/n' in size <9> not available
(Font)              Font shape `LY1/txtt/bx/n' tried instead on input line 2.
LaTeX Font Info:    Font shape `LY1/txtt/m/it' in size <9> not available
(Font)              Font shape `LY1/txtt/m/sl' tried instead on input line 3.
) [12] [13]
[14]
<pics/MCerrorConv.pdf, id=240, 397.78694pt x 271.19795pt>
File: pics/MCerrorConv.pdf Graphic file (type pdf)
<use pics/MCerrorConv.pdf>
Package pdftex.def Info: pics/MCerrorConv.pdf  used on input line 535.
(pdftex.def)             Requested size: 284.52756pt x 193.98367pt.


LaTeX Warning: `h' float specifier changed to `ht'.

[15] [16 <./pics/MCerrorConv.pdf>]
Overfull \hbox (128.10927pt too wide) in paragraph at lines 601--602
[]\LY1/NexusProSans/m/n/10 The de-ter-mi-nant of any tri-an-gu-lar ma-trix is d
e-fined as the prod-uct of its di-ag-o-nal en-tries [http://www.math.lsa.umich.
edu/ hochster/419/det.html].
 []

[17] [18]
chapter 7.
[19


] [20]
chapter 8.
[21


] [22]
Package atveryend Info: Empty hook `BeforeClearDocument' on input line 710.
 [23


]
Package atveryend Info: Empty hook `AfterLastShipout' on input line 710.
 (./tubsreprt_example.aux)
Package atveryend Info: Executing hook `AtVeryEndDocument' on input line 710.
Package atveryend Info: Executing hook `AtEndAfterFileList' on input line 710.
Package rerunfilecheck Info: File `tubsreprt_example.out' has not changed.
(rerunfilecheck)             Checksum: D41D8CD98F00B204E9800998ECF8427E;0.


LaTeX Warning: Label(s) may have changed. Rerun to get cross-references right.

runsystem(rm tubsreprt_example.pyg)...executed.

 ) 
Here is how much of TeX's memory you used:
 21468 strings out of 480623
 411023 string characters out of 5906692
 1214593 words of memory out of 5000000
 36711 multiletter control sequences out of 15000+600000
 664871 words of font info for 163 fonts, out of 8000000 for 9000
 1137 hyphenation exceptions out of 8191
 61i,23n,113p,10140b,2150s stack positions out of 5000i,500n,10000p,200000b,80000s


pdfTeX warning: /usr/bin/pdflatex: No flags specified for non-embedded font `de
fault' (t1xttsl) (I'm using 34): fix your map entry.


pdfTeX warning: /usr/bin/pdflatex: font `default' is not a standard font; I sup
pose it is available to your PDF viewer then
{/home/lucashermann/texmf/fonts/enc/dvips/Fontshop/a_molob5.enc}{/usr/share/tex
live/texmf-dist/fonts/enc/dvips/base/8r.enc}{/home/lucashermann/texmf/fonts/enc
/dvips/Fontshop/a_hsis74.enc}{/home/lucashermann/texmf/fonts/enc/dvips/Fontshop
/a_blklr2.enc}{/home/lucashermann/texmf/fonts/enc/dvips/Fontshop/a_cbf6z5.enc}<
/home/lucashermann/texmf/fonts/type1/Nexus/NexusSansPro-Bold.pfb></home/lucashe
rmann/texmf/fonts/type1/Nexus/NexusSansPro-Regular.pfb></home/lucashermann/texm
f/fonts/type1/Nexus/NexusSerifPro-Regular.pfb></usr/share/texlive/texmf-dist/fo
nts/type1/public/amsfonts/cm/cmex10.pfb></usr/share/texlive/texmf-dist/fonts/ty
pe1/public/amsfonts/cm/cmmi10.pfb></usr/share/texlive/texmf-dist/fonts/type1/pu
blic/amsfonts/cm/cmmi12.pfb></usr/share/texlive/texmf-dist/fonts/type1/public/a
msfonts/cm/cmr10.pfb></usr/share/texlive/texmf-dist/fonts/type1/public/amsfonts
/cm/cmr12.pfb></usr/share/texlive/texmf-dist/fonts/type1/public/amsfonts/cm/cmr
7.pfb></usr/share/texlive/texmf-dist/fonts/type1/public/amsfonts/cm/cmss12.pfb>
</usr/share/texlive/texmf-dist/fonts/type1/public/amsfonts/cm/cmsy10.pfb></usr/
share/texlive/texmf-dist/fonts/type1/public/amsfonts/cm/cmsy7.pfb></usr/share/t
exlive/texmf-dist/fonts/type1/public/mathpazo/fplmbb.pfb></usr/share/texlive/te
xmf-dist/fonts/type1/public/mathpazo/fplmr.pfb></usr/share/texlive/texmf-dist/f
onts/type1/public/mathpazo/fplmri.pfb></usr/share/texlive/texmf-dist/fonts/type
1/public/txfonts/t1xbtt.pfb></usr/share/texlive/texmf-dist/fonts/type1/public/t
xfonts/t1xtt.pfb></usr/share/texlive/texmf-dist/fonts/type1/public/txfonts/tcxt
t.pfb></home/lucashermann/texmf/fonts/type1/urw/arial/ua1b8a.pfb></home/lucashe
rmann/texmf/fonts/type1/urw/arial/ua1r8a.pfb></usr/share/texlive/texmf-dist/fon
ts/type1/urw/palatino/uplb8a.pfb></usr/share/texlive/texmf-dist/fonts/type1/urw
/palatino/uplbi8a.pfb></usr/share/texlive/texmf-dist/fonts/type1/urw/palatino/u
plr8a.pfb></usr/share/texlive/texmf-dist/fonts/type1/urw/palatino/uplri8a.pfb>
Output written on tubsreprt_example.pdf (23 pages, 459068 bytes).
PDF statistics:
 545 PDF objects out of 1000 (max. 8388607)
 484 compressed objects within 5 object streams
 170 named destinations out of 1000 (max. 500000)
 218 words of extra memory for PDF output out of 10000 (max. 10000000)

