\BOOKMARK [0][]{chapter.4}{1 Introduction}{}% 1
\BOOKMARK [0][]{chapter.5}{2 Acoustics in the Frequency Domain}{}% 2
\BOOKMARK [0][]{chapter.6}{3 The Classical Finite Element Method}{}% 3
\BOOKMARK [0][]{chapter.7}{4 Probability Theroy and Bayesian Inference}{}% 4
\BOOKMARK [0][]{chapter.8}{5 Gaussian Process Regression}{}% 5
\BOOKMARK [1][]{section.9}{5.1 Kernel Functions}{chapter.8}% 6
\BOOKMARK [1][]{section.18}{5.2 Prior before observation}{chapter.8}% 7
\BOOKMARK [1][]{section.19}{5.3 Posterior after observation}{chapter.8}% 8
\BOOKMARK [0][]{chapter.20}{6 The Statistical Finite Element Method}{}% 9
\BOOKMARK [1][]{section.26}{6.1 Step 1: Posterior of the FEM Forward Model}{chapter.20}% 10
\BOOKMARK [2][]{subsection.93}{6.1.1 Inference of the Posterior Density}{section.26}% 11
\BOOKMARK [2][]{subsection.98}{6.1.2 find Posterior mean and variance}{section.26}% 12
\BOOKMARK [2][]{subsection.99}{6.1.3 Modeling Parameters of the PDE}{section.26}% 13
\BOOKMARK [2][]{subsection.100}{6.1.4 Probabilistic FEM Prior}{section.26}% 14
\BOOKMARK [1][]{section.110}{6.2 Step 2: Estimation of Hyperparameters}{chapter.20}% 15
\BOOKMARK [2][]{subsection.126}{6.2.1 Minimization of the Negative log-Likelihood}{section.110}% 16
\BOOKMARK [1][]{section.129}{6.3 Step 3: Estimating the Optimum Mesh Parameters}{chapter.20}% 17
\BOOKMARK [0][]{chapter.130}{7 Application of statFEM in Vibroacoustics}{}% 18
\BOOKMARK [1][]{section.131}{7.1 Simple 1D example}{chapter.130}% 19
\BOOKMARK [1][]{section.137}{7.2 1D Vibroacoustics Example}{chapter.130}% 20
\BOOKMARK [0][]{chapter.138}{8 Conclusion and Discussion}{}% 21
\BOOKMARK [1][]{section.139}{8.1 Section 1}{chapter.138}% 22
